{"name":"Header Validation","stage":"finished","steps":[{"name":"$(\"open\") https://www-dev.massmutual.com/workbench/","status":"broken","statusDetails":{"known":false,"muted":false,"flaky":false,"message":"unknown error: failed to change window state to 'normal', current state is 'minimized'\n  (Session info: MicrosoftEdge=121.0.2277.112)\nBuild info: version: '4.11.0', revision: '040bc5406b'\nSystem info: os.name: 'Windows 10', os.arch: 'amd64', os.version: '10.0', java.version: '1.8.0_131-1-redhat'\nDriver info: org.openqa.selenium.edge.EdgeDriver\nCommand: [a037758a36932c83e3cb891c59fbc9f7, setCurrentWindowSize {width=1366, height=768}]\nselenide.url: https://www-dev.massmutual.com/workbench/\nCapabilities {acceptInsecureCerts: true, browserName: MicrosoftEdge, browserVersion: 121.0.2277.112, fedcm:accounts: true, ms:edgeOptions: {debuggerAddress: localhost:61524}, msedge: {msedgedriverVersion: 121.0.2277.128 (33d347b6876..., userDataDir: C:\\Users\\mmv3902\\AppData\\Lo...}, networkConnectionEnabled: false, pageLoadStrategy: normal, platformName: windows, proxy: Proxy(), se:cdp: ws://localhost:61524/devtoo..., se:cdpVersion: 121.0.2277.112, setWindowRect: true, strictFileInteractability: false, timeouts: {implicit: 0, pageLoad: 300000, script: 30000}, unhandledPromptBehavior: accept, webauthn:extension:credBlob: true, webauthn:extension:largeBlob: true, webauthn:extension:minPinLength: true, webauthn:extension:prf: true, webauthn:virtualAuthenticators: true}\nselenide.baseUrl: http://localhost:8080\nSession ID: a037758a36932c83e3cb891c59fbc9f7","trace":"org.openqa.selenium.WebDriverException: unknown error: failed to change window state to 'normal', current state is 'minimized'\n  (Session info: MicrosoftEdge=121.0.2277.112)\nBuild info: version: '4.11.0', revision: '040bc5406b'\nSystem info: os.name: 'Windows 10', os.arch: 'amd64', os.version: '10.0', java.version: '1.8.0_131-1-redhat'\nDriver info: org.openqa.selenium.edge.EdgeDriver\nCommand: [a037758a36932c83e3cb891c59fbc9f7, setCurrentWindowSize {width=1366, height=768}]\nselenide.url: https://www-dev.massmutual.com/workbench/\nCapabilities {acceptInsecureCerts: true, browserName: MicrosoftEdge, browserVersion: 121.0.2277.112, fedcm:accounts: true, ms:edgeOptions: {debuggerAddress: localhost:61524}, msedge: {msedgedriverVersion: 121.0.2277.128 (33d347b6876..., userDataDir: C:\\Users\\mmv3902\\AppData\\Lo...}, networkConnectionEnabled: false, pageLoadStrategy: normal, platformName: windows, proxy: Proxy(), se:cdp: ws://localhost:61524/devtoo..., se:cdpVersion: 121.0.2277.112, setWindowRect: true, strictFileInteractability: false, timeouts: {implicit: 0, pageLoad: 300000, script: 30000}, unhandledPromptBehavior: accept, webauthn:extension:credBlob: true, webauthn:extension:largeBlob: true, webauthn:extension:minPinLength: true, webauthn:extension:prf: true, webauthn:virtualAuthenticators: true}\nselenide.baseUrl: http://localhost:8080\nSession ID: a037758a36932c83e3cb891c59fbc9f7\r\n\tat sun.reflect.NativeConstructorAccessorImpl.newInstance0(Native Method)\r\n\tat sun.reflect.NativeConstructorAccessorImpl.newInstance(NativeConstructorAccessorImpl.java:62)\r\n\tat sun.reflect.DelegatingConstructorAccessorImpl.newInstance(DelegatingConstructorAccessorImpl.java:45)\r\n\tat java.lang.reflect.Constructor.newInstance(Constructor.java:423)\r\n\tat org.openqa.selenium.remote.codec.w3c.W3CHttpResponseCodec.createException(W3CHttpResponseCodec.java:200)\r\n\tat org.openqa.selenium.remote.codec.w3c.W3CHttpResponseCodec.decode(W3CHttpResponseCodec.java:133)\r\n\tat org.openqa.selenium.remote.codec.w3c.W3CHttpResponseCodec.decode(W3CHttpResponseCodec.java:52)\r\n\tat org.openqa.selenium.remote.HttpCommandExecutor.execute(HttpCommandExecutor.java:191)\r\n\tat org.openqa.selenium.remote.service.DriverCommandExecutor.invokeExecute(DriverCommandExecutor.java:196)\r\n\tat org.openqa.selenium.remote.service.DriverCommandExecutor.execute(DriverCommandExecutor.java:171)\r\n\tat org.openqa.selenium.remote.RemoteWebDriver.execute(RemoteWebDriver.java:518)\r\n\tat org.openqa.selenium.remote.RemoteWebDriver$RemoteWebDriverOptions$RemoteWindow.setSize(RemoteWebDriver.java:956)\r\n\tat com.codeborne.selenide.webdriver.BrowserResizer.adjustBrowserSize(BrowserResizer.java:43)\r\n\tat com.codeborne.selenide.webdriver.WebDriverFactory.createWebDriver(WebDriverFactory.java:69)\r\n\tat com.codeborne.selenide.drivercommands.CreateDriverCommand.lambda$createDriver$0(CreateDriverCommand.java:76)\r\n\tat com.codeborne.selenide.logevents.SelenideLogger.wrap(SelenideLogger.java:133)\r\n\tat com.codeborne.selenide.logevents.SelenideLogger.get(SelenideLogger.java:113)\r\n\tat com.codeborne.selenide.drivercommands.CreateDriverCommand.createDriver(CreateDriverCommand.java:52)\r\n\tat com.codeborne.selenide.impl.WebDriverThreadLocalContainer.createDriver(WebDriverThreadLocalContainer.java:202)\r\n\tat com.codeborne.selenide.impl.WebDriverThreadLocalContainer.createAndRegisterDriver(WebDriverThreadLocalContainer.java:186)\r\n\tat com.codeborne.selenide.impl.WebDriverThreadLocalContainer.getAndCheckWebDriver(WebDriverThreadLocalContainer.java:155)\r\n\tat com.codeborne.selenide.WebDriverRunner.getAndCheckWebDriver(WebDriverRunner.java:130)\r\n\tat com.codeborne.selenide.impl.StaticDriver.getAndCheckWebDriver(StaticDriver.java:65)\r\n\tat com.codeborne.selenide.SelenideDriver.getAndCheckWebDriver(SelenideDriver.java:220)\r\n\tat com.codeborne.selenide.drivercommands.Navigator.lambda$navigateTo$0(Navigator.java:71)\r\n\tat com.codeborne.selenide.logevents.SelenideLogger.lambda$run$0(SelenideLogger.java:105)\r\n\tat com.codeborne.selenide.logevents.SelenideLogger.wrap(SelenideLogger.java:133)\r\n\tat com.codeborne.selenide.logevents.SelenideLogger.run(SelenideLogger.java:104)\r\n\tat com.codeborne.selenide.drivercommands.Navigator.navigateTo(Navigator.java:69)\r\n\tat com.codeborne.selenide.drivercommands.Navigator.open(Navigator.java:32)\r\n\tat com.codeborne.selenide.SelenideDriver.open(SelenideDriver.java:101)\r\n\tat com.codeborne.selenide.Selenide.open(Selenide.java:53)\r\n\tat stepdefinitions.HooksTest.InitialTest(HooksTest.java:49)\r\n\tat sun.reflect.NativeMethodAccessorImpl.invoke0(Native Method)\r\n\tat sun.reflect.NativeMethodAccessorImpl.invoke(NativeMethodAccessorImpl.java:62)\r\n\tat sun.reflect.DelegatingMethodAccessorImpl.invoke(DelegatingMethodAccessorImpl.java:43)\r\n\tat java.lang.reflect.Method.invoke(Method.java:498)\r\n\tat cucumber.runtime.Utils$1.call(Utils.java:40)\r\n\tat cucumber.runtime.Timeout.timeout(Timeout.java:16)\r\n\tat cucumber.runtime.Utils.invoke(Utils.java:34)\r\n\tat cucumber.runtime.java.JavaHookDefinition.execute(JavaHookDefinition.java:60)\r\n\tat cucumber.runtime.Runtime.runHookIfTagsMatch(Runtime.java:224)\r\n\tat cucumber.runtime.Runtime.runHooks(Runtime.java:212)\r\n\tat cucumber.runtime.Runtime.runBeforeHooks(Runtime.java:202)\r\n\tat cucumber.runtime.model.CucumberScenario.run(CucumberScenario.java:40)\r\n\tat cucumber.runtime.junit.ExecutionUnitRunner.run(ExecutionUnitRunner.java:102)\r\n\tat org.junit.runners.Suite.runChild(Suite.java:128)\r\n\tat org.junit.runners.Suite.runChild(Suite.java:27)\r\n\tat org.junit.runners.ParentRunner$4.run(ParentRunner.java:331)\r\n\tat org.junit.runners.ParentRunner$1.schedule(ParentRunner.java:79)\r\n\tat org.junit.runners.ParentRunner.runChildren(ParentRunner.java:329)\r\n\tat org.junit.runners.ParentRunner.access$100(ParentRunner.java:66)\r\n\tat org.junit.runners.ParentRunner$2.evaluate(ParentRunner.java:293)\r\n\tat org.junit.runners.ParentRunner$3.evaluate(ParentRunner.java:306)\r\n\tat org.junit.runners.ParentRunner.run(ParentRunner.java:413)\r\n\tat cucumber.runtime.junit.ExamplesRunner.run(ExamplesRunner.java:59)\r\n\tat org.junit.runners.Suite.runChild(Suite.java:128)\r\n\tat org.junit.runners.Suite.runChild(Suite.java:27)\r\n\tat org.junit.runners.ParentRunner$4.run(ParentRunner.java:331)\r\n\tat org.junit.runners.ParentRunner$1.schedule(ParentRunner.java:79)\r\n\tat org.junit.runners.ParentRunner.runChildren(ParentRunner.java:329)\r\n\tat org.junit.runners.ParentRunner.access$100(ParentRunner.java:66)\r\n\tat org.junit.runners.ParentRunner$2.evaluate(ParentRunner.java:293)\r\n\tat org.junit.runners.ParentRunner$3.evaluate(ParentRunner.java:306)\r\n\tat org.junit.runners.ParentRunner.run(ParentRunner.java:413)\r\n\tat cucumber.runtime.junit.ScenarioOutlineRunner.run(ScenarioOutlineRunner.java:53)\r\n\tat cucumber.runtime.junit.FeatureRunner.runChild(FeatureRunner.java:63)\r\n\tat cucumber.runtime.junit.FeatureRunner.runChild(FeatureRunner.java:18)\r\n\tat org.junit.runners.ParentRunner$4.run(ParentRunner.java:331)\r\n\tat org.junit.runners.ParentRunner$1.schedule(ParentRunner.java:79)\r\n\tat org.junit.runners.ParentRunner.runChildren(ParentRunner.java:329)\r\n\tat org.junit.runners.ParentRunner.access$100(ParentRunner.java:66)\r\n\tat org.junit.runners.ParentRunner$2.evaluate(ParentRunner.java:293)\r\n\tat org.junit.runners.ParentRunner$3.evaluate(ParentRunner.java:306)\r\n\tat org.junit.runners.ParentRunner.run(ParentRunner.java:413)\r\n\tat cucumber.runtime.junit.FeatureRunner.run(FeatureRunner.java:70)\r\n\tat cucumber.api.junit.Cucumber.runChild(Cucumber.java:95)\r\n\tat cucumber.api.junit.Cucumber.runChild(Cucumber.java:38)\r\n\tat org.junit.runners.ParentRunner$4.run(ParentRunner.java:331)\r\n\tat org.junit.runners.ParentRunner$1.schedule(ParentRunner.java:79)\r\n\tat org.junit.runners.ParentRunner.runChildren(ParentRunner.java:329)\r\n\tat org.junit.runners.ParentRunner.access$100(ParentRunner.java:66)\r\n\tat org.junit.runners.ParentRunner$2.evaluate(ParentRunner.java:293)\r\n\tat org.junit.internal.runners.statements.RunBefores.evaluate(RunBefores.java:26)\r\n\tat org.junit.internal.runners.statements.RunAfters.evaluate(RunAfters.java:27)\r\n\tat org.junit.runners.ParentRunner$3.evaluate(ParentRunner.java:306)\r\n\tat org.junit.runners.ParentRunner.run(ParentRunner.java:413)\r\n\tat cucumber.api.junit.Cucumber.run(Cucumber.java:100)\r\n\tat org.eclipse.jdt.internal.junit4.runner.JUnit4TestReference.run(JUnit4TestReference.java:93)\r\n\tat org.eclipse.jdt.internal.junit.runner.TestExecution.run(TestExecution.java:40)\r\n\tat org.eclipse.jdt.internal.junit.runner.RemoteTestRunner.runTests(RemoteTestRunner.java:529)\r\n\tat org.eclipse.jdt.internal.junit.runner.RemoteTestRunner.runTests(RemoteTestRunner.java:756)\r\n\tat org.eclipse.jdt.internal.junit.runner.RemoteTestRunner.run(RemoteTestRunner.java:452)\r\n\tat org.eclipse.jdt.internal.junit.runner.RemoteTestRunner.main(RemoteTestRunner.java:210)\r\n"},"stage":"finished","steps":[{"name":"$(\"webdriver\") create()","status":"broken","statusDetails":{"known":false,"muted":false,"flaky":false,"message":"unknown error: failed to change window state to 'normal', current state is 'minimized'\n  (Session info: MicrosoftEdge=121.0.2277.112)\nBuild info: version: '4.11.0', revision: '040bc5406b'\nSystem info: os.name: 'Windows 10', os.arch: 'amd64', os.version: '10.0', java.version: '1.8.0_131-1-redhat'\nDriver info: org.openqa.selenium.edge.EdgeDriver\nCommand: [a037758a36932c83e3cb891c59fbc9f7, setCurrentWindowSize {width=1366, height=768}]\nCapabilities {acceptInsecureCerts: true, browserName: MicrosoftEdge, browserVersion: 121.0.2277.112, fedcm:accounts: true, ms:edgeOptions: {debuggerAddress: localhost:61524}, msedge: {msedgedriverVersion: 121.0.2277.128 (33d347b6876..., userDataDir: C:\\Users\\mmv3902\\AppData\\Lo...}, networkConnectionEnabled: false, pageLoadStrategy: normal, platformName: windows, proxy: Proxy(), se:cdp: ws://localhost:61524/devtoo..., se:cdpVersion: 121.0.2277.112, setWindowRect: true, strictFileInteractability: false, timeouts: {implicit: 0, pageLoad: 300000, script: 30000}, unhandledPromptBehavior: accept, webauthn:extension:credBlob: true, webauthn:extension:largeBlob: true, webauthn:extension:minPinLength: true, webauthn:extension:prf: true, webauthn:virtualAuthenticators: true}\nSession ID: a037758a36932c83e3cb891c59fbc9f7","trace":"org.openqa.selenium.WebDriverException: unknown error: failed to change window state to 'normal', current state is 'minimized'\n  (Session info: MicrosoftEdge=121.0.2277.112)\nBuild info: version: '4.11.0', revision: '040bc5406b'\nSystem info: os.name: 'Windows 10', os.arch: 'amd64', os.version: '10.0', java.version: '1.8.0_131-1-redhat'\nDriver info: org.openqa.selenium.edge.EdgeDriver\nCommand: [a037758a36932c83e3cb891c59fbc9f7, setCurrentWindowSize {width=1366, height=768}]\nCapabilities {acceptInsecureCerts: true, browserName: MicrosoftEdge, browserVersion: 121.0.2277.112, fedcm:accounts: true, ms:edgeOptions: {debuggerAddress: localhost:61524}, msedge: {msedgedriverVersion: 121.0.2277.128 (33d347b6876..., userDataDir: C:\\Users\\mmv3902\\AppData\\Lo...}, networkConnectionEnabled: false, pageLoadStrategy: normal, platformName: windows, proxy: Proxy(), se:cdp: ws://localhost:61524/devtoo..., se:cdpVersion: 121.0.2277.112, setWindowRect: true, strictFileInteractability: false, timeouts: {implicit: 0, pageLoad: 300000, script: 30000}, unhandledPromptBehavior: accept, webauthn:extension:credBlob: true, webauthn:extension:largeBlob: true, webauthn:extension:minPinLength: true, webauthn:extension:prf: true, webauthn:virtualAuthenticators: true}\nSession ID: a037758a36932c83e3cb891c59fbc9f7\r\n\tat sun.reflect.NativeConstructorAccessorImpl.newInstance0(Native Method)\r\n\tat sun.reflect.NativeConstructorAccessorImpl.newInstance(NativeConstructorAccessorImpl.java:62)\r\n\tat sun.reflect.DelegatingConstructorAccessorImpl.newInstance(DelegatingConstructorAccessorImpl.java:45)\r\n\tat java.lang.reflect.Constructor.newInstance(Constructor.java:423)\r\n\tat org.openqa.selenium.remote.codec.w3c.W3CHttpResponseCodec.createException(W3CHttpResponseCodec.java:200)\r\n\tat org.openqa.selenium.remote.codec.w3c.W3CHttpResponseCodec.decode(W3CHttpResponseCodec.java:133)\r\n\tat org.openqa.selenium.remote.codec.w3c.W3CHttpResponseCodec.decode(W3CHttpResponseCodec.java:52)\r\n\tat org.openqa.selenium.remote.HttpCommandExecutor.execute(HttpCommandExecutor.java:191)\r\n\tat org.openqa.selenium.remote.service.DriverCommandExecutor.invokeExecute(DriverCommandExecutor.java:196)\r\n\tat org.openqa.selenium.remote.service.DriverCommandExecutor.execute(DriverCommandExecutor.java:171)\r\n\tat org.openqa.selenium.remote.RemoteWebDriver.execute(RemoteWebDriver.java:518)\r\n\tat org.openqa.selenium.remote.RemoteWebDriver$RemoteWebDriverOptions$RemoteWindow.setSize(RemoteWebDriver.java:956)\r\n\tat com.codeborne.selenide.webdriver.BrowserResizer.adjustBrowserSize(BrowserResizer.java:43)\r\n\tat com.codeborne.selenide.webdriver.WebDriverFactory.createWebDriver(WebDriverFactory.java:69)\r\n\tat com.codeborne.selenide.drivercommands.CreateDriverCommand.lambda$createDriver$0(CreateDriverCommand.java:76)\r\n\tat com.codeborne.selenide.logevents.SelenideLogger.wrap(SelenideLogger.java:133)\r\n\tat com.codeborne.selenide.logevents.SelenideLogger.get(SelenideLogger.java:113)\r\n\tat com.codeborne.selenide.drivercommands.CreateDriverCommand.createDriver(CreateDriverCommand.java:52)\r\n\tat com.codeborne.selenide.impl.WebDriverThreadLocalContainer.createDriver(WebDriverThreadLocalContainer.java:202)\r\n\tat com.codeborne.selenide.impl.WebDriverThreadLocalContainer.createAndRegisterDriver(WebDriverThreadLocalContainer.java:186)\r\n\tat com.codeborne.selenide.impl.WebDriverThreadLocalContainer.getAndCheckWebDriver(WebDriverThreadLocalContainer.java:155)\r\n\tat com.codeborne.selenide.WebDriverRunner.getAndCheckWebDriver(WebDriverRunner.java:130)\r\n\tat com.codeborne.selenide.impl.StaticDriver.getAndCheckWebDriver(StaticDriver.java:65)\r\n\tat com.codeborne.selenide.SelenideDriver.getAndCheckWebDriver(SelenideDriver.java:220)\r\n\tat com.codeborne.selenide.drivercommands.Navigator.lambda$navigateTo$0(Navigator.java:71)\r\n\tat com.codeborne.selenide.logevents.SelenideLogger.lambda$run$0(SelenideLogger.java:105)\r\n\tat com.codeborne.selenide.logevents.SelenideLogger.wrap(SelenideLogger.java:133)\r\n\tat com.codeborne.selenide.logevents.SelenideLogger.run(SelenideLogger.java:104)\r\n\tat com.codeborne.selenide.drivercommands.Navigator.navigateTo(Navigator.java:69)\r\n\tat com.codeborne.selenide.drivercommands.Navigator.open(Navigator.java:32)\r\n\tat com.codeborne.selenide.SelenideDriver.open(SelenideDriver.java:101)\r\n\tat com.codeborne.selenide.Selenide.open(Selenide.java:53)\r\n\tat stepdefinitions.HooksTest.InitialTest(HooksTest.java:49)\r\n\tat sun.reflect.NativeMethodAccessorImpl.invoke0(Native Method)\r\n\tat sun.reflect.NativeMethodAccessorImpl.invoke(NativeMethodAccessorImpl.java:62)\r\n\tat sun.reflect.DelegatingMethodAccessorImpl.invoke(DelegatingMethodAccessorImpl.java:43)\r\n\tat java.lang.reflect.Method.invoke(Method.java:498)\r\n\tat cucumber.runtime.Utils$1.call(Utils.java:40)\r\n\tat cucumber.runtime.Timeout.timeout(Timeout.java:16)\r\n\tat cucumber.runtime.Utils.invoke(Utils.java:34)\r\n\tat cucumber.runtime.java.JavaHookDefinition.execute(JavaHookDefinition.java:60)\r\n\tat cucumber.runtime.Runtime.runHookIfTagsMatch(Runtime.java:224)\r\n\tat cucumber.runtime.Runtime.runHooks(Runtime.java:212)\r\n\tat cucumber.runtime.Runtime.runBeforeHooks(Runtime.java:202)\r\n\tat cucumber.runtime.model.CucumberScenario.run(CucumberScenario.java:40)\r\n\tat cucumber.runtime.junit.ExecutionUnitRunner.run(ExecutionUnitRunner.java:102)\r\n\tat org.junit.runners.Suite.runChild(Suite.java:128)\r\n\tat org.junit.runners.Suite.runChild(Suite.java:27)\r\n\tat org.junit.runners.ParentRunner$4.run(ParentRunner.java:331)\r\n\tat org.junit.runners.ParentRunner$1.schedule(ParentRunner.java:79)\r\n\tat org.junit.runners.ParentRunner.runChildren(ParentRunner.java:329)\r\n\tat org.junit.runners.ParentRunner.access$100(ParentRunner.java:66)\r\n\tat org.junit.runners.ParentRunner$2.evaluate(ParentRunner.java:293)\r\n\tat org.junit.runners.ParentRunner$3.evaluate(ParentRunner.java:306)\r\n\tat org.junit.runners.ParentRunner.run(ParentRunner.java:413)\r\n\tat cucumber.runtime.junit.ExamplesRunner.run(ExamplesRunner.java:59)\r\n\tat org.junit.runners.Suite.runChild(Suite.java:128)\r\n\tat org.junit.runners.Suite.runChild(Suite.java:27)\r\n\tat org.junit.runners.ParentRunner$4.run(ParentRunner.java:331)\r\n\tat org.junit.runners.ParentRunner$1.schedule(ParentRunner.java:79)\r\n\tat org.junit.runners.ParentRunner.runChildren(ParentRunner.java:329)\r\n\tat org.junit.runners.ParentRunner.access$100(ParentRunner.java:66)\r\n\tat org.junit.runners.ParentRunner$2.evaluate(ParentRunner.java:293)\r\n\tat org.junit.runners.ParentRunner$3.evaluate(ParentRunner.java:306)\r\n\tat org.junit.runners.ParentRunner.run(ParentRunner.java:413)\r\n\tat cucumber.runtime.junit.ScenarioOutlineRunner.run(ScenarioOutlineRunner.java:53)\r\n\tat cucumber.runtime.junit.FeatureRunner.runChild(FeatureRunner.java:63)\r\n\tat cucumber.runtime.junit.FeatureRunner.runChild(FeatureRunner.java:18)\r\n\tat org.junit.runners.ParentRunner$4.run(ParentRunner.java:331)\r\n\tat org.junit.runners.ParentRunner$1.schedule(ParentRunner.java:79)\r\n\tat org.junit.runners.ParentRunner.runChildren(ParentRunner.java:329)\r\n\tat org.junit.runners.ParentRunner.access$100(ParentRunner.java:66)\r\n\tat org.junit.runners.ParentRunner$2.evaluate(ParentRunner.java:293)\r\n\tat org.junit.runners.ParentRunner$3.evaluate(ParentRunner.java:306)\r\n\tat org.junit.runners.ParentRunner.run(ParentRunner.java:413)\r\n\tat cucumber.runtime.junit.FeatureRunner.run(FeatureRunner.java:70)\r\n\tat cucumber.api.junit.Cucumber.runChild(Cucumber.java:95)\r\n\tat cucumber.api.junit.Cucumber.runChild(Cucumber.java:38)\r\n\tat org.junit.runners.ParentRunner$4.run(ParentRunner.java:331)\r\n\tat org.junit.runners.ParentRunner$1.schedule(ParentRunner.java:79)\r\n\tat org.junit.runners.ParentRunner.runChildren(ParentRunner.java:329)\r\n\tat org.junit.runners.ParentRunner.access$100(ParentRunner.java:66)\r\n\tat org.junit.runners.ParentRunner$2.evaluate(ParentRunner.java:293)\r\n\tat org.junit.internal.runners.statements.RunBefores.evaluate(RunBefores.java:26)\r\n\tat org.junit.internal.runners.statements.RunAfters.evaluate(RunAfters.java:27)\r\n\tat org.junit.runners.ParentRunner$3.evaluate(ParentRunner.java:306)\r\n\tat org.junit.runners.ParentRunner.run(ParentRunner.java:413)\r\n\tat cucumber.api.junit.Cucumber.run(Cucumber.java:100)\r\n\tat org.eclipse.jdt.internal.junit4.runner.JUnit4TestReference.run(JUnit4TestReference.java:93)\r\n\tat org.eclipse.jdt.internal.junit.runner.TestExecution.run(TestExecution.java:40)\r\n\tat org.eclipse.jdt.internal.junit.runner.RemoteTestRunner.runTests(RemoteTestRunner.java:529)\r\n\tat org.eclipse.jdt.internal.junit.runner.RemoteTestRunner.runTests(RemoteTestRunner.java:756)\r\n\tat org.eclipse.jdt.internal.junit.runner.RemoteTestRunner.run(RemoteTestRunner.java:452)\r\n\tat org.eclipse.jdt.internal.junit.runner.RemoteTestRunner.main(RemoteTestRunner.java:210)\r\n"},"stage":"finished","steps":[],"attachments":[],"parameters":[],"start":1708426488811,"stop":1708426500869}],"attachments":[],"parameters":[],"start":1708426488808,"stop":1708426500871},{"name":"Given  Login into Workbench","status":"skipped","stage":"finished","steps":[],"attachments":[],"parameters":[],"start":1708426500892,"stop":1708426500930},{"name":"And  enter Password and launch Workbench","status":"skipped","stage":"finished","steps":[],"attachments":[],"parameters":[],"start":1708426500933,"stop":1708426500936},{"name":"Then  validate workbench launch","status":"skipped","stage":"finished","steps":[],"attachments":[],"parameters":[],"start":1708426500938,"stop":1708426500939},{"name":"And  validate header elements visibility","status":"skipped","stage":"finished","steps":[],"attachments":[],"parameters":[],"start":1708426500940,"stop":1708426500940},{"name":"And  validate tooltip text for all menu items","status":"skipped","stage":"finished","steps":[],"attachments":[],"parameters":[],"start":1708426500941,"stop":1708426500941},{"name":"And  perform export and validate header","status":"skipped","stage":"finished","steps":[],"attachments":[],"parameters":[],"start":1708426500942,"stop":1708426500942},{"name":"Then  perform sort filter with smith and complete header validation","status":"skipped","stage":"finished","steps":[],"attachments":[],"parameters":[],"start":1708426500943,"stop":1708426500944}],"attachments":[],"parameters":[],"start":1708426488781,"stop":1708426500946,"uuid":"4f0106d6-d98d-40c3-adb8-78bda1f26420","historyId":"4e64b9235a1dbc3cb5ca0dd85911b44c","fullName":"UI Validation for workbench: Header Validation","labels":[{"name":"feature","value":"UI Validation for workbench"},{"name":"story","value":"Header Validation"},{"name":"tag","value":"INSWB-137"},{"name":"tag","value":"UiValidation"},{"name":"tag","value":"INSWB-138"},{"name":"host","value":"MMV3902P1"},{"name":"thread","value":"19160@MMV3902P1.main(1)"},{"name":"package","value":"UI Validation for workbench"},{"name":"suite","value":"UI Validation for workbench"},{"name":"testClass","value":"Header Validation"},{"name":"framework","value":"cucumberjvm"},{"name":"language","value":"java"}],"links":[]}