{"name":"Header Validation","status":"failed","statusDetails":{"known":false,"muted":false,"flaky":false,"message":"Element not found {By.xpath: //p[contains(text(),'Hi, Maier, Silviu!')]}\r\nExpected: exist\r\nScreenshot: file:/C:/Users/mmv3902/Desktop/workbenchlahari/build/reports/tests/1707820352053.0.png\r\nPage source: file:/C:/Users/mmv3902/Desktop/workbenchlahari/build/reports/tests/1707820352053.0.html\r\nTimeout: 10 s.\r\nCaused by: NoSuchElementException: no such element: Unable to locate element: {\"method\":\"xpath\",\"selector\":\"//p[contains(text(),'Hi, Maier, Silviu!')]\"}","trace":"Element not found {By.xpath: //p[contains(text(),'Hi, Maier, Silviu!')]}\r\nExpected: exist\r\nScreenshot: file:/C:/Users/mmv3902/Desktop/workbenchlahari/build/reports/tests/1707820352053.0.png\r\nPage source: file:/C:/Users/mmv3902/Desktop/workbenchlahari/build/reports/tests/1707820352053.0.html\r\nTimeout: 10 s.\r\nCaused by: NoSuchElementException: no such element: Unable to locate element: {\"method\":\"xpath\",\"selector\":\"//p[contains(text(),'Hi, Maier, Silviu!')]\"}\r\n\tat com.codeborne.selenide.impl.WebElementSource.createElementNotFoundError(WebElementSource.java:91)\r\n\tat com.codeborne.selenide.impl.ElementFinder.createElementNotFoundError(ElementFinder.java:142)\r\n\tat com.codeborne.selenide.impl.WebElementSource.handleError(WebElementSource.java:143)\r\n\tat com.codeborne.selenide.impl.WebElementSource.checkConditionAndReturnElement(WebElementSource.java:127)\r\n\tat com.codeborne.selenide.impl.WebElementSource.checkCondition(WebElementSource.java:104)\r\n\tat com.codeborne.selenide.commands.Should.execute(Should.java:30)\r\n\tat com.codeborne.selenide.commands.Should.execute(Should.java:14)\r\n\tat com.codeborne.selenide.commands.Commands.execute(Commands.java:163)\r\n\tat com.codeborne.selenide.impl.SelenideElementProxy.dispatchAndRetry(SelenideElementProxy.java:132)\r\n\tat com.codeborne.selenide.impl.SelenideElementProxy.invoke(SelenideElementProxy.java:84)\r\n\tat com.sun.proxy.$Proxy23.shouldBe(Unknown Source)\r\n\tat pageclass.UiValidationObjects.validateAllCasesHeader(UiValidationObjects.java:152)\r\n\tat stepdefinitions.UiValidationStepDefs.navigate_to_All_Cases_and_verify_header(UiValidationStepDefs.java:31)\r\n\tat âœ½.And navigate to All Cases and verify header(UiValidation.feature:13)\r\nCaused by: org.openqa.selenium.NoSuchElementException: no such element: Unable to locate element: {\"method\":\"xpath\",\"selector\":\"//p[contains(text(),'Hi, Maier, Silviu!')]\"}\n  (Session info: MicrosoftEdge=121.0.2277.112)\nFor documentation on this error, please visit: https://www.selenium.dev/documentation/webdriver/troubleshooting/errors#no-such-element-exception\nBuild info: version: '4.11.0', revision: '040bc5406b'\nSystem info: os.name: 'Windows 10', os.arch: 'amd64', os.version: '10.0', java.version: '1.8.0_131-1-redhat'\nDriver info: org.openqa.selenium.edge.EdgeDriver\nCommand: [630d0b3650320fe8a71b58461a9bbd8e, findElement {using=xpath, value=//p[contains(text(),'Hi, Maier, Silviu!')]}]\nCapabilities {acceptInsecureCerts: true, browserName: MicrosoftEdge, browserVersion: 121.0.2277.112, fedcm:accounts: true, ms:edgeOptions: {debuggerAddress: localhost:54280}, msedge: {msedgedriverVersion: 121.0.2277.112 (c44bb51ada3..., userDataDir: C:\\Users\\mmv3902\\AppData\\Lo...}, networkConnectionEnabled: false, pageLoadStrategy: normal, platformName: windows, proxy: Proxy(), se:cdp: ws://localhost:54280/devtoo..., se:cdpVersion: 121.0.2277.112, setWindowRect: true, strictFileInteractability: false, timeouts: {implicit: 0, pageLoad: 300000, script: 30000}, unhandledPromptBehavior: accept, webauthn:extension:credBlob: true, webauthn:extension:largeBlob: true, webauthn:extension:minPinLength: true, webauthn:extension:prf: true, webauthn:virtualAuthenticators: true}\nSession ID: 630d0b3650320fe8a71b58461a9bbd8e\r\n\tat sun.reflect.GeneratedConstructorAccessor16.newInstance(Unknown Source)\r\n\tat sun.reflect.DelegatingConstructorAccessorImpl.newInstance(DelegatingConstructorAccessorImpl.java:45)\r\n\tat java.lang.reflect.Constructor.newInstance(Constructor.java:423)\r\n\tat org.openqa.selenium.remote.codec.w3c.W3CHttpResponseCodec.createException(W3CHttpResponseCodec.java:200)\r\n\tat org.openqa.selenium.remote.codec.w3c.W3CHttpResponseCodec.decode(W3CHttpResponseCodec.java:133)\r\n\tat org.openqa.selenium.remote.codec.w3c.W3CHttpResponseCodec.decode(W3CHttpResponseCodec.java:52)\r\n\tat org.openqa.selenium.remote.HttpCommandExecutor.execute(HttpCommandExecutor.java:191)\r\n\tat org.openqa.selenium.remote.service.DriverCommandExecutor.invokeExecute(DriverCommandExecutor.java:196)\r\n\tat org.openqa.selenium.remote.service.DriverCommandExecutor.execute(DriverCommandExecutor.java:171)\r\n\tat org.openqa.selenium.remote.RemoteWebDriver.execute(RemoteWebDriver.java:518)\r\n\tat org.openqa.selenium.remote.ElementLocation$ElementFinder$2.findElement(ElementLocation.java:165)\r\n\tat org.openqa.selenium.remote.ElementLocation.findElement(ElementLocation.java:59)\r\n\tat org.openqa.selenium.remote.RemoteWebDriver.findElement(RemoteWebDriver.java:355)\r\n\tat org.openqa.selenium.remote.RemoteWebDriver.findElement(RemoteWebDriver.java:349)\r\n\tat com.codeborne.selenide.impl.WebElementSelector.findElement(WebElementSelector.java:70)\r\n\tat com.codeborne.selenide.impl.WebElementSelector.findElement(WebElementSelector.java:44)\r\n\tat com.codeborne.selenide.impl.WebElementSelector.findElement(WebElementSelector.java:33)\r\n\tat com.codeborne.selenide.impl.ElementFinder.getWebElement(ElementFinder.java:122)\r\n\tat com.codeborne.selenide.impl.WebElementSource.checkConditionAndReturnElement(WebElementSource.java:116)\r\n\tat com.codeborne.selenide.impl.WebElementSource.checkCondition(WebElementSource.java:104)\r\n\tat com.codeborne.selenide.commands.Should.execute(Should.java:30)\r\n\tat com.codeborne.selenide.commands.Should.execute(Should.java:14)\r\n\tat com.codeborne.selenide.commands.Commands.execute(Commands.java:163)\r\n\tat com.codeborne.selenide.impl.SelenideElementProxy.dispatchAndRetry(SelenideElementProxy.java:132)\r\n\tat com.codeborne.selenide.impl.SelenideElementProxy.invoke(SelenideElementProxy.java:84)\r\n\tat com.sun.proxy.$Proxy23.shouldBe(Unknown Source)\r\n\tat pageclass.UiValidationObjects.validateAllCasesHeader(UiValidationObjects.java:152)\r\n\tat stepdefinitions.UiValidationStepDefs.navigate_to_All_Cases_and_verify_header(UiValidationStepDefs.java:31)\r\n\tat sun.reflect.NativeMethodAccessorImpl.invoke0(Native Method)\r\n\tat sun.reflect.NativeMethodAccessorImpl.invoke(NativeMethodAccessorImpl.java:62)\r\n\tat sun.reflect.DelegatingMethodAccessorImpl.invoke(DelegatingMethodAccessorImpl.java:43)\r\n\tat java.lang.reflect.Method.invoke(Method.java:498)\r\n\tat cucumber.runtime.Utils$1.call(Utils.java:40)\r\n\tat cucumber.runtime.Timeout.timeout(Timeout.java:16)\r\n\tat cucumber.runtime.Utils.invoke(Utils.java:34)\r\n\tat cucumber.runtime.java.JavaStepDefinition.execute(JavaStepDefinition.java:38)\r\n\tat cucumber.runtime.StepDefinitionMatch.runStep(StepDefinitionMatch.java:37)\r\n\tat cucumber.runtime.Runtime.runStep(Runtime.java:300)\r\n\tat cucumber.runtime.model.StepContainer.runStep(StepContainer.java:44)\r\n\tat cucumber.runtime.model.StepContainer.runSteps(StepContainer.java:39)\r\n\tat cucumber.runtime.model.CucumberScenario.run(CucumberScenario.java:44)\r\n\tat cucumber.runtime.junit.ExecutionUnitRunner.run(ExecutionUnitRunner.java:102)\r\n\tat org.junit.runners.Suite.runChild(Suite.java:128)\r\n\tat org.junit.runners.Suite.runChild(Suite.java:27)\r\n\tat org.junit.runners.ParentRunner$4.run(ParentRunner.java:331)\r\n\tat org.junit.runners.ParentRunner$1.schedule(ParentRunner.java:79)\r\n\tat org.junit.runners.ParentRunner.runChildren(ParentRunner.java:329)\r\n\tat org.junit.runners.ParentRunner.access$100(ParentRunner.java:66)\r\n\tat org.junit.runners.ParentRunner$2.evaluate(ParentRunner.java:293)\r\n\tat org.junit.runners.ParentRunner$3.evaluate(ParentRunner.java:306)\r\n\tat org.junit.runners.ParentRunner.run(ParentRunner.java:413)\r\n\tat cucumber.runtime.junit.ExamplesRunner.run(ExamplesRunner.java:59)\r\n\tat org.junit.runners.Suite.runChild(Suite.java:128)\r\n\tat org.junit.runners.Suite.runChild(Suite.java:27)\r\n\tat org.junit.runners.ParentRunner$4.run(ParentRunner.java:331)\r\n\tat org.junit.runners.ParentRunner$1.schedule(ParentRunner.java:79)\r\n\tat org.junit.runners.ParentRunner.runChildren(ParentRunner.java:329)\r\n\tat org.junit.runners.ParentRunner.access$100(ParentRunner.java:66)\r\n\tat org.junit.runners.ParentRunner$2.evaluate(ParentRunner.java:293)\r\n\tat org.junit.runners.ParentRunner$3.evaluate(ParentRunner.java:306)\r\n\tat org.junit.runners.ParentRunner.run(ParentRunner.java:413)\r\n\tat cucumber.runtime.junit.ScenarioOutlineRunner.run(ScenarioOutlineRunner.java:53)\r\n\tat cucumber.runtime.junit.FeatureRunner.runChild(FeatureRunner.java:63)\r\n\tat cucumber.runtime.junit.FeatureRunner.runChild(FeatureRunner.java:18)\r\n\tat org.junit.runners.ParentRunner$4.run(ParentRunner.java:331)\r\n\tat org.junit.runners.ParentRunner$1.schedule(ParentRunner.java:79)\r\n\tat org.junit.runners.ParentRunner.runChildren(ParentRunner.java:329)\r\n\tat org.junit.runners.ParentRunner.access$100(ParentRunner.java:66)\r\n\tat org.junit.runners.ParentRunner$2.evaluate(ParentRunner.java:293)\r\n\tat org.junit.runners.ParentRunner$3.evaluate(ParentRunner.java:306)\r\n\tat org.junit.runners.ParentRunner.run(ParentRunner.java:413)\r\n\tat cucumber.runtime.junit.FeatureRunner.run(FeatureRunner.java:70)\r\n\tat cucumber.api.junit.Cucumber.runChild(Cucumber.java:95)\r\n\tat cucumber.api.junit.Cucumber.runChild(Cucumber.java:38)\r\n\tat org.junit.runners.ParentRunner$4.run(ParentRunner.java:331)\r\n\tat org.junit.runners.ParentRunner$1.schedule(ParentRunner.java:79)\r\n\tat org.junit.runners.ParentRunner.runChildren(ParentRunner.java:329)\r\n\tat org.junit.runners.ParentRunner.access$100(ParentRunner.java:66)\r\n\tat org.junit.runners.ParentRunner$2.evaluate(ParentRunner.java:293)\r\n\tat org.junit.internal.runners.statements.RunBefores.evaluate(RunBefores.java:26)\r\n\tat org.junit.internal.runners.statements.RunAfters.evaluate(RunAfters.java:27)\r\n\tat org.junit.runners.ParentRunner$3.evaluate(ParentRunner.java:306)\r\n\tat org.junit.runners.ParentRunner.run(ParentRunner.java:413)\r\n\tat cucumber.api.junit.Cucumber.run(Cucumber.java:100)\r\n\tat org.eclipse.jdt.internal.junit4.runner.JUnit4TestReference.run(JUnit4TestReference.java:93)\r\n\tat org.eclipse.jdt.internal.junit.runner.TestExecution.run(TestExecution.java:40)\r\n\tat org.eclipse.jdt.internal.junit.runner.RemoteTestRunner.runTests(RemoteTestRunner.java:529)\r\n\tat org.eclipse.jdt.internal.junit.runner.RemoteTestRunner.runTests(RemoteTestRunner.java:756)\r\n\tat org.eclipse.jdt.internal.junit.runner.RemoteTestRunner.run(RemoteTestRunner.java:452)\r\n\tat org.eclipse.jdt.internal.junit.runner.RemoteTestRunner.main(RemoteTestRunner.java:210)\r\n"},"stage":"finished","steps":[{"name":"$(\"open\") https://www-dev.massmutual.com/workbench/","status":"passed","stage":"finished","steps":[{"name":"$(\"webdriver\") create()","status":"passed","stage":"finished","steps":[],"attachments":[],"parameters":[],"start":1707820296390,"stop":1707820316683}],"attachments":[],"parameters":[],"start":1707820296386,"stop":1707820320776},{"name":"Given  Login into Workbench","status":"passed","stage":"finished","steps":[{"name":"$(\"By.xpath: //h2[text()='Login']//following::input[1]\") should be([exist, 10 s.])","status":"passed","stage":"finished","steps":[],"attachments":[],"parameters":[],"start":1707820321519,"stop":1707820329286},{"name":"$(\"By.xpath: //h2[text()='Login']//following::input[1]\") set value(ot36701)","status":"passed","stage":"finished","steps":[],"attachments":[],"parameters":[],"start":1707820329286,"stop":1707820329525},{"name":"$(\"By.xpath: //input[@value = 'Next']\") click()","status":"passed","stage":"finished","steps":[],"attachments":[],"parameters":[],"start":1707820329525,"stop":1707820329678}],"attachments":[],"parameters":[],"start":1707820321176,"stop":1707820329681},{"name":"And  enter Password and launch Workbench","status":"passed","stage":"finished","steps":[{"name":"$(\"By.xpath: //h2[text()='Verify with your password']//following::input[1]\") should be([exist, 10 s.])","status":"passed","stage":"finished","steps":[],"attachments":[],"parameters":[],"start":1707820329692,"stop":1707820332450},{"name":"$(\"By.xpath: //h2[text()='Verify with your password']//following::input[1]\") set value(6p>K5IwkL225)","status":"passed","stage":"finished","steps":[],"attachments":[],"parameters":[],"start":1707820332450,"stop":1707820332681},{"name":"$(\"By.xpath: //h2[text()='Verify with your password']//following::input[2]\") click()","status":"passed","stage":"finished","steps":[],"attachments":[],"parameters":[],"start":1707820332681,"stop":1707820332781}],"attachments":[],"parameters":[],"start":1707820329691,"stop":1707820332790},{"name":"Then  validate workbench launch","status":"passed","stage":"finished","steps":[{"name":"$(\"By.xpath: //*[@aria-label='MassMutual logo']\") should be([exist, 10 s.])","status":"passed","stage":"finished","steps":[],"attachments":[],"parameters":[],"start":1707820332806,"stop":1707820338141},{"name":"$(\"By.xpath: //a[contains(text(),'All Cases')]\") should be([exist, 10 s.])","status":"passed","stage":"finished","steps":[],"attachments":[],"parameters":[],"start":1707820338142,"stop":1707820338181}],"attachments":[],"parameters":[],"start":1707820332792,"stop":1707820338181},{"name":"And  validate header elements visibility","status":"passed","stage":"finished","steps":[{"name":"$(\"By.xpath: //*[@aria-label='MassMutual logo']\") should be([exist, 10 s.])","status":"passed","stage":"finished","steps":[],"attachments":[],"parameters":[],"start":1707820338193,"stop":1707820338231},{"name":"$(\"By.xpath: //a[contains(text(),'All Cases')]\") should be([exist, 10 s.])","status":"passed","stage":"finished","steps":[],"attachments":[],"parameters":[],"start":1707820338231,"stop":1707820338271},{"name":"$(\"By.xpath: //a[contains(text(),'Workbasket')]\") should be([exist, 10 s.])","status":"passed","stage":"finished","steps":[],"attachments":[],"parameters":[],"start":1707820338271,"stop":1707820338332},{"name":"$(\"By.xpath: //a[contains(text(),'Pending')]\") should be([exist, 10 s.])","status":"passed","stage":"finished","steps":[],"attachments":[],"parameters":[],"start":1707820338332,"stop":1707820338371},{"name":"$(\"By.xpath: //a[contains(text(),'Issued & Reported')]\") should be([exist, 10 s.])","status":"passed","stage":"finished","steps":[],"attachments":[],"parameters":[],"start":1707820338371,"stop":1707820338431},{"name":"$(\"By.xpath: //a[contains(text(),'Inactive')]\") should be([exist, 10 s.])","status":"passed","stage":"finished","steps":[],"attachments":[],"parameters":[],"start":1707820338431,"stop":1707820338475},{"name":"$(\"By.xpath: //a[contains(text(),'Help')]\") should be([exist, 10 s.])","status":"passed","stage":"finished","steps":[],"attachments":[],"parameters":[],"start":1707820338475,"stop":1707820338523}],"attachments":[],"parameters":[],"start":1707820338191,"stop":1707820338523},{"name":"And  scroll down the page to verify header","status":"passed","stage":"finished","steps":[{"name":"$(\"By.xpath: //*[@aria-label='MassMutual logo']\") should be([exist, 10 s.])","status":"passed","stage":"finished","steps":[],"attachments":[],"parameters":[],"start":1707820338541,"stop":1707820338587},{"name":"$(\"By.xpath: //a[contains(text(),'All Cases')]\") should be([exist, 10 s.])","status":"passed","stage":"finished","steps":[],"attachments":[],"parameters":[],"start":1707820338587,"stop":1707820338621},{"name":"$(\"By.xpath: //a[contains(text(),'Workbasket')]\") should be([exist, 10 s.])","status":"passed","stage":"finished","steps":[],"attachments":[],"parameters":[],"start":1707820338631,"stop":1707820338672},{"name":"$(\"By.xpath: //a[contains(text(),'Pending')]\") should be([exist, 10 s.])","status":"passed","stage":"finished","steps":[],"attachments":[],"parameters":[],"start":1707820338672,"stop":1707820338713},{"name":"$(\"By.xpath: //a[contains(text(),'Issued & Reported')]\") should be([exist, 10 s.])","status":"passed","stage":"finished","steps":[],"attachments":[],"parameters":[],"start":1707820338713,"stop":1707820338751},{"name":"$(\"By.xpath: //a[contains(text(),'Inactive')]\") should be([exist, 10 s.])","status":"passed","stage":"finished","steps":[],"attachments":[],"parameters":[],"start":1707820338751,"stop":1707820338801},{"name":"$(\"By.xpath: //a[contains(text(),'Help')]\") should be([exist, 10 s.])","status":"passed","stage":"finished","steps":[],"attachments":[],"parameters":[],"start":1707820338801,"stop":1707820338841}],"attachments":[],"parameters":[],"start":1707820338523,"stop":1707820338841},{"name":"And  navigate to All Cases and verify header","status":"failed","stage":"finished","steps":[{"name":"$(\"By.xpath: //a[contains(text(),'All Cases')]\") should be([exist, 10 s.])","status":"passed","stage":"finished","steps":[],"attachments":[],"parameters":[],"start":1707820338851,"stop":1707820338893},{"name":"$(\"By.xpath: //a[contains(text(),'All Cases')]\") click()","status":"passed","stage":"finished","steps":[],"attachments":[],"parameters":[],"start":1707820338901,"stop":1707820342024},{"name":"$(\"By.xpath: //p[contains(text(),'Hi, Maier, Silviu!')]\") should be([exist, 10 s.])","status":"failed","statusDetails":{"known":false,"muted":false,"flaky":false,"message":"Element not found {By.xpath: //p[contains(text(),'Hi, Maier, Silviu!')]}\r\nExpected: exist\r\nScreenshot: file:/C:/Users/mmv3902/Desktop/workbenchlahari/build/reports/tests/1707820352053.0.png\r\nPage source: file:/C:/Users/mmv3902/Desktop/workbenchlahari/build/reports/tests/1707820352053.0.html\r\nTimeout: 10 s.\r\nCaused by: NoSuchElementException: no such element: Unable to locate element: {\"method\":\"xpath\",\"selector\":\"//p[contains(text(),'Hi, Maier, Silviu!')]\"}","trace":"Element not found {By.xpath: //p[contains(text(),'Hi, Maier, Silviu!')]}\r\nExpected: exist\r\nScreenshot: file:/C:/Users/mmv3902/Desktop/workbenchlahari/build/reports/tests/1707820352053.0.png\r\nPage source: file:/C:/Users/mmv3902/Desktop/workbenchlahari/build/reports/tests/1707820352053.0.html\r\nTimeout: 10 s.\r\nCaused by: NoSuchElementException: no such element: Unable to locate element: {\"method\":\"xpath\",\"selector\":\"//p[contains(text(),'Hi, Maier, Silviu!')]\"}\r\n\tat com.codeborne.selenide.impl.WebElementSource.createElementNotFoundError(WebElementSource.java:91)\r\n\tat com.codeborne.selenide.impl.ElementFinder.createElementNotFoundError(ElementFinder.java:142)\r\n\tat com.codeborne.selenide.impl.WebElementSource.handleError(WebElementSource.java:143)\r\n\tat com.codeborne.selenide.impl.WebElementSource.checkConditionAndReturnElement(WebElementSource.java:127)\r\n\tat com.codeborne.selenide.impl.WebElementSource.checkCondition(WebElementSource.java:104)\r\n\tat com.codeborne.selenide.commands.Should.execute(Should.java:30)\r\n\tat com.codeborne.selenide.commands.Should.execute(Should.java:14)\r\n\tat com.codeborne.selenide.commands.Commands.execute(Commands.java:163)\r\n\tat com.codeborne.selenide.impl.SelenideElementProxy.dispatchAndRetry(SelenideElementProxy.java:132)\r\n\tat com.codeborne.selenide.impl.SelenideElementProxy.invoke(SelenideElementProxy.java:84)\r\n\tat com.sun.proxy.$Proxy23.shouldBe(Unknown Source)\r\n\tat pageclass.UiValidationObjects.validateAllCasesHeader(UiValidationObjects.java:152)\r\n\tat stepdefinitions.UiValidationStepDefs.navigate_to_All_Cases_and_verify_header(UiValidationStepDefs.java:31)\r\n\tat sun.reflect.NativeMethodAccessorImpl.invoke0(Native Method)\r\n\tat sun.reflect.NativeMethodAccessorImpl.invoke(NativeMethodAccessorImpl.java:62)\r\n\tat sun.reflect.DelegatingMethodAccessorImpl.invoke(DelegatingMethodAccessorImpl.java:43)\r\n\tat java.lang.reflect.Method.invoke(Method.java:498)\r\n\tat cucumber.runtime.Utils$1.call(Utils.java:40)\r\n\tat cucumber.runtime.Timeout.timeout(Timeout.java:16)\r\n\tat cucumber.runtime.Utils.invoke(Utils.java:34)\r\n\tat cucumber.runtime.java.JavaStepDefinition.execute(JavaStepDefinition.java:38)\r\n\tat cucumber.runtime.StepDefinitionMatch.runStep(StepDefinitionMatch.java:37)\r\n\tat cucumber.runtime.Runtime.runStep(Runtime.java:300)\r\n\tat cucumber.runtime.model.StepContainer.runStep(StepContainer.java:44)\r\n\tat cucumber.runtime.model.StepContainer.runSteps(StepContainer.java:39)\r\n\tat cucumber.runtime.model.CucumberScenario.run(CucumberScenario.java:44)\r\n\tat cucumber.runtime.junit.ExecutionUnitRunner.run(ExecutionUnitRunner.java:102)\r\n\tat org.junit.runners.Suite.runChild(Suite.java:128)\r\n\tat org.junit.runners.Suite.runChild(Suite.java:27)\r\n\tat org.junit.runners.ParentRunner$4.run(ParentRunner.java:331)\r\n\tat org.junit.runners.ParentRunner$1.schedule(ParentRunner.java:79)\r\n\tat org.junit.runners.ParentRunner.runChildren(ParentRunner.java:329)\r\n\tat org.junit.runners.ParentRunner.access$100(ParentRunner.java:66)\r\n\tat org.junit.runners.ParentRunner$2.evaluate(ParentRunner.java:293)\r\n\tat org.junit.runners.ParentRunner$3.evaluate(ParentRunner.java:306)\r\n\tat org.junit.runners.ParentRunner.run(ParentRunner.java:413)\r\n\tat cucumber.runtime.junit.ExamplesRunner.run(ExamplesRunner.java:59)\r\n\tat org.junit.runners.Suite.runChild(Suite.java:128)\r\n\tat org.junit.runners.Suite.runChild(Suite.java:27)\r\n\tat org.junit.runners.ParentRunner$4.run(ParentRunner.java:331)\r\n\tat org.junit.runners.ParentRunner$1.schedule(ParentRunner.java:79)\r\n\tat org.junit.runners.ParentRunner.runChildren(ParentRunner.java:329)\r\n\tat org.junit.runners.ParentRunner.access$100(ParentRunner.java:66)\r\n\tat org.junit.runners.ParentRunner$2.evaluate(ParentRunner.java:293)\r\n\tat org.junit.runners.ParentRunner$3.evaluate(ParentRunner.java:306)\r\n\tat org.junit.runners.ParentRunner.run(ParentRunner.java:413)\r\n\tat cucumber.runtime.junit.ScenarioOutlineRunner.run(ScenarioOutlineRunner.java:53)\r\n\tat cucumber.runtime.junit.FeatureRunner.runChild(FeatureRunner.java:63)\r\n\tat cucumber.runtime.junit.FeatureRunner.runChild(FeatureRunner.java:18)\r\n\tat org.junit.runners.ParentRunner$4.run(ParentRunner.java:331)\r\n\tat org.junit.runners.ParentRunner$1.schedule(ParentRunner.java:79)\r\n\tat org.junit.runners.ParentRunner.runChildren(ParentRunner.java:329)\r\n\tat org.junit.runners.ParentRunner.access$100(ParentRunner.java:66)\r\n\tat org.junit.runners.ParentRunner$2.evaluate(ParentRunner.java:293)\r\n\tat org.junit.runners.ParentRunner$3.evaluate(ParentRunner.java:306)\r\n\tat org.junit.runners.ParentRunner.run(ParentRunner.java:413)\r\n\tat cucumber.runtime.junit.FeatureRunner.run(FeatureRunner.java:70)\r\n\tat cucumber.api.junit.Cucumber.runChild(Cucumber.java:95)\r\n\tat cucumber.api.junit.Cucumber.runChild(Cucumber.java:38)\r\n\tat org.junit.runners.ParentRunner$4.run(ParentRunner.java:331)\r\n\tat org.junit.runners.ParentRunner$1.schedule(ParentRunner.java:79)\r\n\tat org.junit.runners.ParentRunner.runChildren(ParentRunner.java:329)\r\n\tat org.junit.runners.ParentRunner.access$100(ParentRunner.java:66)\r\n\tat org.junit.runners.ParentRunner$2.evaluate(ParentRunner.java:293)\r\n\tat org.junit.internal.runners.statements.RunBefores.evaluate(RunBefores.java:26)\r\n\tat org.junit.internal.runners.statements.RunAfters.evaluate(RunAfters.java:27)\r\n\tat org.junit.runners.ParentRunner$3.evaluate(ParentRunner.java:306)\r\n\tat org.junit.runners.ParentRunner.run(ParentRunner.java:413)\r\n\tat cucumber.api.junit.Cucumber.run(Cucumber.java:100)\r\n\tat org.eclipse.jdt.internal.junit4.runner.JUnit4TestReference.run(JUnit4TestReference.java:93)\r\n\tat org.eclipse.jdt.internal.junit.runner.TestExecution.run(TestExecution.java:40)\r\n\tat org.eclipse.jdt.internal.junit.runner.RemoteTestRunner.runTests(RemoteTestRunner.java:529)\r\n\tat org.eclipse.jdt.internal.junit.runner.RemoteTestRunner.runTests(RemoteTestRunner.java:756)\r\n\tat org.eclipse.jdt.internal.junit.runner.RemoteTestRunner.run(RemoteTestRunner.java:452)\r\n\tat org.eclipse.jdt.internal.junit.runner.RemoteTestRunner.main(RemoteTestRunner.java:210)\r\nCaused by: org.openqa.selenium.NoSuchElementException: no such element: Unable to locate element: {\"method\":\"xpath\",\"selector\":\"//p[contains(text(),'Hi, Maier, Silviu!')]\"}\n  (Session info: MicrosoftEdge=121.0.2277.112)\nFor documentation on this error, please visit: https://www.selenium.dev/documentation/webdriver/troubleshooting/errors#no-such-element-exception\nBuild info: version: '4.11.0', revision: '040bc5406b'\nSystem info: os.name: 'Windows 10', os.arch: 'amd64', os.version: '10.0', java.version: '1.8.0_131-1-redhat'\nDriver info: org.openqa.selenium.edge.EdgeDriver\nCommand: [630d0b3650320fe8a71b58461a9bbd8e, findElement {using=xpath, value=//p[contains(text(),'Hi, Maier, Silviu!')]}]\nCapabilities {acceptInsecureCerts: true, browserName: MicrosoftEdge, browserVersion: 121.0.2277.112, fedcm:accounts: true, ms:edgeOptions: {debuggerAddress: localhost:54280}, msedge: {msedgedriverVersion: 121.0.2277.112 (c44bb51ada3..., userDataDir: C:\\Users\\mmv3902\\AppData\\Lo...}, networkConnectionEnabled: false, pageLoadStrategy: normal, platformName: windows, proxy: Proxy(), se:cdp: ws://localhost:54280/devtoo..., se:cdpVersion: 121.0.2277.112, setWindowRect: true, strictFileInteractability: false, timeouts: {implicit: 0, pageLoad: 300000, script: 30000}, unhandledPromptBehavior: accept, webauthn:extension:credBlob: true, webauthn:extension:largeBlob: true, webauthn:extension:minPinLength: true, webauthn:extension:prf: true, webauthn:virtualAuthenticators: true}\nSession ID: 630d0b3650320fe8a71b58461a9bbd8e\r\n\tat sun.reflect.GeneratedConstructorAccessor16.newInstance(Unknown Source)\r\n\tat sun.reflect.DelegatingConstructorAccessorImpl.newInstance(DelegatingConstructorAccessorImpl.java:45)\r\n\tat java.lang.reflect.Constructor.newInstance(Constructor.java:423)\r\n\tat org.openqa.selenium.remote.codec.w3c.W3CHttpResponseCodec.createException(W3CHttpResponseCodec.java:200)\r\n\tat org.openqa.selenium.remote.codec.w3c.W3CHttpResponseCodec.decode(W3CHttpResponseCodec.java:133)\r\n\tat org.openqa.selenium.remote.codec.w3c.W3CHttpResponseCodec.decode(W3CHttpResponseCodec.java:52)\r\n\tat org.openqa.selenium.remote.HttpCommandExecutor.execute(HttpCommandExecutor.java:191)\r\n\tat org.openqa.selenium.remote.service.DriverCommandExecutor.invokeExecute(DriverCommandExecutor.java:196)\r\n\tat org.openqa.selenium.remote.service.DriverCommandExecutor.execute(DriverCommandExecutor.java:171)\r\n\tat org.openqa.selenium.remote.RemoteWebDriver.execute(RemoteWebDriver.java:518)\r\n\tat org.openqa.selenium.remote.ElementLocation$ElementFinder$2.findElement(ElementLocation.java:165)\r\n\tat org.openqa.selenium.remote.ElementLocation.findElement(ElementLocation.java:59)\r\n\tat org.openqa.selenium.remote.RemoteWebDriver.findElement(RemoteWebDriver.java:355)\r\n\tat org.openqa.selenium.remote.RemoteWebDriver.findElement(RemoteWebDriver.java:349)\r\n\tat com.codeborne.selenide.impl.WebElementSelector.findElement(WebElementSelector.java:70)\r\n\tat com.codeborne.selenide.impl.WebElementSelector.findElement(WebElementSelector.java:44)\r\n\tat com.codeborne.selenide.impl.WebElementSelector.findElement(WebElementSelector.java:33)\r\n\tat com.codeborne.selenide.impl.ElementFinder.getWebElement(ElementFinder.java:122)\r\n\tat com.codeborne.selenide.impl.WebElementSource.checkConditionAndReturnElement(WebElementSource.java:116)\r\n\t... 71 more\r\n"},"stage":"finished","steps":[],"attachments":[{"name":"Screenshot","source":"8e65765a-1338-48c9-90bc-d5d6740abfbb-attachment.png","type":"image/png"},{"name":"Page source","source":"d8f441c4-c305-422e-9979-8146f4c12756-attachment.html","type":"text/html"}],"parameters":[],"start":1707820342024,"stop":1707820352372}],"attachments":[],"parameters":[],"start":1707820338851,"stop":1707820352402},{"name":"And  navigate to Workbasket and verify header","status":"skipped","stage":"finished","steps":[],"attachments":[],"parameters":[],"start":1707820352417,"stop":1707820352422},{"name":"And  navigate to Pending and verify header","status":"skipped","stage":"finished","steps":[],"attachments":[],"parameters":[],"start":1707820352422,"stop":1707820352432},{"name":"And  navigate to Issued & Reported Cases and verify header","status":"skipped","stage":"finished","steps":[],"attachments":[],"parameters":[],"start":1707820352433,"stop":1707820352433},{"name":"And  navigate to Inactive and verify header","status":"skipped","stage":"finished","steps":[],"attachments":[],"parameters":[],"start":1707820352433,"stop":1707820352433},{"name":"Then  perform search and export to complete header validation using smith","status":"skipped","stage":"finished","steps":[],"attachments":[],"parameters":[],"start":1707820352442,"stop":1707820352447}],"attachments":[],"parameters":[],"start":1707820296348,"stop":1707820352582,"uuid":"58822e55-f752-455a-9ebd-61d9ef12dd7e","historyId":"4e64b9235a1dbc3cb5ca0dd85911b44c","fullName":"UI Validation for workbench: Header Validation","labels":[{"name":"feature","value":"UI Validation for workbench"},{"name":"story","value":"Header Validation"},{"name":"tag","value":"INSWB-137"},{"name":"tag","value":"UiValidation"},{"name":"host","value":"MMV3902P1"},{"name":"thread","value":"1508@MMV3902P1.main(1)"},{"name":"package","value":"UI Validation for workbench"},{"name":"suite","value":"UI Validation for workbench"},{"name":"testClass","value":"Header Validation"},{"name":"framework","value":"cucumberjvm"},{"name":"language","value":"java"}],"links":[]}