{"name":"Header Validation","status":"failed","statusDetails":{"known":false,"muted":false,"flaky":false,"message":"Element not found {By.xpath: //a[contains(text(),'Inactive')]}\r\nExpected: exist\r\nScreenshot: file:/C:/Users/mmv3902/Desktop/workbenchlahari/build/reports/tests/1708670916667.0.png\r\nPage source: file:/C:/Users/mmv3902/Desktop/workbenchlahari/build/reports/tests/1708670916667.0.html\r\nTimeout: 10 s.\r\nCaused by: NoSuchElementException: no such element: Unable to locate element: {\"method\":\"xpath\",\"selector\":\"//a[contains(text(),'Inactive')]\"}","trace":"Element not found {By.xpath: //a[contains(text(),'Inactive')]}\r\nExpected: exist\r\nScreenshot: file:/C:/Users/mmv3902/Desktop/workbenchlahari/build/reports/tests/1708670916667.0.png\r\nPage source: file:/C:/Users/mmv3902/Desktop/workbenchlahari/build/reports/tests/1708670916667.0.html\r\nTimeout: 10 s.\r\nCaused by: NoSuchElementException: no such element: Unable to locate element: {\"method\":\"xpath\",\"selector\":\"//a[contains(text(),'Inactive')]\"}\r\n\tat com.codeborne.selenide.impl.WebElementSource.createElementNotFoundError(WebElementSource.java:91)\r\n\tat com.codeborne.selenide.impl.ElementFinder.createElementNotFoundError(ElementFinder.java:142)\r\n\tat com.codeborne.selenide.impl.WebElementSource.handleError(WebElementSource.java:143)\r\n\tat com.codeborne.selenide.impl.WebElementSource.checkConditionAndReturnElement(WebElementSource.java:127)\r\n\tat com.codeborne.selenide.impl.WebElementSource.checkCondition(WebElementSource.java:104)\r\n\tat com.codeborne.selenide.commands.Should.execute(Should.java:30)\r\n\tat com.codeborne.selenide.commands.Should.execute(Should.java:14)\r\n\tat com.codeborne.selenide.commands.Commands.execute(Commands.java:163)\r\n\tat com.codeborne.selenide.impl.SelenideElementProxy.dispatchAndRetry(SelenideElementProxy.java:132)\r\n\tat com.codeborne.selenide.impl.SelenideElementProxy.invoke(SelenideElementProxy.java:84)\r\n\tat com.sun.proxy.$Proxy23.shouldBe(Unknown Source)\r\n\tat pageclass.UiValidationObjects.scrollDownValidateHeader(UiValidationObjects.java:107)\r\n\tat stepdefinitions.UiValidationStepDefs.scroll_down_the_page_to_verify_header(UiValidationStepDefs.java:26)\r\n\tat âœ½.And scroll down the page to verify header(UiValidation.feature:11)\r\nCaused by: org.openqa.selenium.NoSuchElementException: no such element: Unable to locate element: {\"method\":\"xpath\",\"selector\":\"//a[contains(text(),'Inactive')]\"}\n  (Session info: MicrosoftEdge=121.0.2277.128)\nFor documentation on this error, please visit: https://www.selenium.dev/documentation/webdriver/troubleshooting/errors#no-such-element-exception\nBuild info: version: '4.11.0', revision: '040bc5406b'\nSystem info: os.name: 'Windows 10', os.arch: 'amd64', os.version: '10.0', java.version: '1.8.0_131-1-redhat'\nDriver info: org.openqa.selenium.edge.EdgeDriver\nCommand: [3fcda2b9a1349c27ea2caaa0cb784735, findElement {using=xpath, value=//a[contains(text(),'Inactive')]}]\nCapabilities {acceptInsecureCerts: true, browserName: MicrosoftEdge, browserVersion: 121.0.2277.128, fedcm:accounts: true, ms:edgeOptions: {debuggerAddress: localhost:57399}, msedge: {msedgedriverVersion: 121.0.2277.128 (33d347b6876..., userDataDir: C:\\Users\\mmv3902\\AppData\\Lo...}, networkConnectionEnabled: false, pageLoadStrategy: normal, platformName: windows, proxy: Proxy(), se:cdp: ws://localhost:57399/devtoo..., se:cdpVersion: 121.0.2277.128, setWindowRect: true, strictFileInteractability: false, timeouts: {implicit: 0, pageLoad: 300000, script: 30000}, unhandledPromptBehavior: accept, webauthn:extension:credBlob: true, webauthn:extension:largeBlob: true, webauthn:extension:minPinLength: true, webauthn:extension:prf: true, webauthn:virtualAuthenticators: true}\nSession ID: 3fcda2b9a1349c27ea2caaa0cb784735\r\n\tat sun.reflect.NativeConstructorAccessorImpl.newInstance0(Native Method)\r\n\tat sun.reflect.NativeConstructorAccessorImpl.newInstance(NativeConstructorAccessorImpl.java:62)\r\n\tat sun.reflect.DelegatingConstructorAccessorImpl.newInstance(DelegatingConstructorAccessorImpl.java:45)\r\n\tat java.lang.reflect.Constructor.newInstance(Constructor.java:423)\r\n\tat org.openqa.selenium.remote.codec.w3c.W3CHttpResponseCodec.createException(W3CHttpResponseCodec.java:200)\r\n\tat org.openqa.selenium.remote.codec.w3c.W3CHttpResponseCodec.decode(W3CHttpResponseCodec.java:133)\r\n\tat org.openqa.selenium.remote.codec.w3c.W3CHttpResponseCodec.decode(W3CHttpResponseCodec.java:52)\r\n\tat org.openqa.selenium.remote.HttpCommandExecutor.execute(HttpCommandExecutor.java:191)\r\n\tat org.openqa.selenium.remote.service.DriverCommandExecutor.invokeExecute(DriverCommandExecutor.java:196)\r\n\tat org.openqa.selenium.remote.service.DriverCommandExecutor.execute(DriverCommandExecutor.java:171)\r\n\tat org.openqa.selenium.remote.RemoteWebDriver.execute(RemoteWebDriver.java:518)\r\n\tat org.openqa.selenium.remote.ElementLocation$ElementFinder$2.findElement(ElementLocation.java:165)\r\n\tat org.openqa.selenium.remote.ElementLocation.findElement(ElementLocation.java:59)\r\n\tat org.openqa.selenium.remote.RemoteWebDriver.findElement(RemoteWebDriver.java:355)\r\n\tat org.openqa.selenium.remote.RemoteWebDriver.findElement(RemoteWebDriver.java:349)\r\n\tat com.codeborne.selenide.impl.WebElementSelector.findElement(WebElementSelector.java:70)\r\n\tat com.codeborne.selenide.impl.WebElementSelector.findElement(WebElementSelector.java:44)\r\n\tat com.codeborne.selenide.impl.WebElementSelector.findElement(WebElementSelector.java:33)\r\n\tat com.codeborne.selenide.impl.ElementFinder.getWebElement(ElementFinder.java:122)\r\n\tat com.codeborne.selenide.impl.WebElementSource.checkConditionAndReturnElement(WebElementSource.java:116)\r\n\tat com.codeborne.selenide.impl.WebElementSource.checkCondition(WebElementSource.java:104)\r\n\tat com.codeborne.selenide.commands.Should.execute(Should.java:30)\r\n\tat com.codeborne.selenide.commands.Should.execute(Should.java:14)\r\n\tat com.codeborne.selenide.commands.Commands.execute(Commands.java:163)\r\n\tat com.codeborne.selenide.impl.SelenideElementProxy.dispatchAndRetry(SelenideElementProxy.java:132)\r\n\tat com.codeborne.selenide.impl.SelenideElementProxy.invoke(SelenideElementProxy.java:84)\r\n\tat com.sun.proxy.$Proxy23.shouldBe(Unknown Source)\r\n\tat pageclass.UiValidationObjects.scrollDownValidateHeader(UiValidationObjects.java:107)\r\n\tat stepdefinitions.UiValidationStepDefs.scroll_down_the_page_to_verify_header(UiValidationStepDefs.java:26)\r\n\tat sun.reflect.NativeMethodAccessorImpl.invoke0(Native Method)\r\n\tat sun.reflect.NativeMethodAccessorImpl.invoke(NativeMethodAccessorImpl.java:62)\r\n\tat sun.reflect.DelegatingMethodAccessorImpl.invoke(DelegatingMethodAccessorImpl.java:43)\r\n\tat java.lang.reflect.Method.invoke(Method.java:498)\r\n\tat cucumber.runtime.Utils$1.call(Utils.java:40)\r\n\tat cucumber.runtime.Timeout.timeout(Timeout.java:16)\r\n\tat cucumber.runtime.Utils.invoke(Utils.java:34)\r\n\tat cucumber.runtime.java.JavaStepDefinition.execute(JavaStepDefinition.java:38)\r\n\tat cucumber.runtime.StepDefinitionMatch.runStep(StepDefinitionMatch.java:37)\r\n\tat cucumber.runtime.Runtime.runStep(Runtime.java:300)\r\n\tat cucumber.runtime.model.StepContainer.runStep(StepContainer.java:44)\r\n\tat cucumber.runtime.model.StepContainer.runSteps(StepContainer.java:39)\r\n\tat cucumber.runtime.model.CucumberScenario.run(CucumberScenario.java:44)\r\n\tat cucumber.runtime.junit.ExecutionUnitRunner.run(ExecutionUnitRunner.java:102)\r\n\tat org.junit.runners.Suite.runChild(Suite.java:128)\r\n\tat org.junit.runners.Suite.runChild(Suite.java:27)\r\n\tat org.junit.runners.ParentRunner$4.run(ParentRunner.java:331)\r\n\tat org.junit.runners.ParentRunner$1.schedule(ParentRunner.java:79)\r\n\tat org.junit.runners.ParentRunner.runChildren(ParentRunner.java:329)\r\n\tat org.junit.runners.ParentRunner.access$100(ParentRunner.java:66)\r\n\tat org.junit.runners.ParentRunner$2.evaluate(ParentRunner.java:293)\r\n\tat org.junit.runners.ParentRunner$3.evaluate(ParentRunner.java:306)\r\n\tat org.junit.runners.ParentRunner.run(ParentRunner.java:413)\r\n\tat cucumber.runtime.junit.ExamplesRunner.run(ExamplesRunner.java:59)\r\n\tat org.junit.runners.Suite.runChild(Suite.java:128)\r\n\tat org.junit.runners.Suite.runChild(Suite.java:27)\r\n\tat org.junit.runners.ParentRunner$4.run(ParentRunner.java:331)\r\n\tat org.junit.runners.ParentRunner$1.schedule(ParentRunner.java:79)\r\n\tat org.junit.runners.ParentRunner.runChildren(ParentRunner.java:329)\r\n\tat org.junit.runners.ParentRunner.access$100(ParentRunner.java:66)\r\n\tat org.junit.runners.ParentRunner$2.evaluate(ParentRunner.java:293)\r\n\tat org.junit.runners.ParentRunner$3.evaluate(ParentRunner.java:306)\r\n\tat org.junit.runners.ParentRunner.run(ParentRunner.java:413)\r\n\tat cucumber.runtime.junit.ScenarioOutlineRunner.run(ScenarioOutlineRunner.java:53)\r\n\tat cucumber.runtime.junit.FeatureRunner.runChild(FeatureRunner.java:63)\r\n\tat cucumber.runtime.junit.FeatureRunner.runChild(FeatureRunner.java:18)\r\n\tat org.junit.runners.ParentRunner$4.run(ParentRunner.java:331)\r\n\tat org.junit.runners.ParentRunner$1.schedule(ParentRunner.java:79)\r\n\tat org.junit.runners.ParentRunner.runChildren(ParentRunner.java:329)\r\n\tat org.junit.runners.ParentRunner.access$100(ParentRunner.java:66)\r\n\tat org.junit.runners.ParentRunner$2.evaluate(ParentRunner.java:293)\r\n\tat org.junit.runners.ParentRunner$3.evaluate(ParentRunner.java:306)\r\n\tat org.junit.runners.ParentRunner.run(ParentRunner.java:413)\r\n\tat cucumber.runtime.junit.FeatureRunner.run(FeatureRunner.java:70)\r\n\tat cucumber.api.junit.Cucumber.runChild(Cucumber.java:95)\r\n\tat cucumber.api.junit.Cucumber.runChild(Cucumber.java:38)\r\n\tat org.junit.runners.ParentRunner$4.run(ParentRunner.java:331)\r\n\tat org.junit.runners.ParentRunner$1.schedule(ParentRunner.java:79)\r\n\tat org.junit.runners.ParentRunner.runChildren(ParentRunner.java:329)\r\n\tat org.junit.runners.ParentRunner.access$100(ParentRunner.java:66)\r\n\tat org.junit.runners.ParentRunner$2.evaluate(ParentRunner.java:293)\r\n\tat org.junit.internal.runners.statements.RunBefores.evaluate(RunBefores.java:26)\r\n\tat org.junit.internal.runners.statements.RunAfters.evaluate(RunAfters.java:27)\r\n\tat org.junit.runners.ParentRunner$3.evaluate(ParentRunner.java:306)\r\n\tat org.junit.runners.ParentRunner.run(ParentRunner.java:413)\r\n\tat cucumber.api.junit.Cucumber.run(Cucumber.java:100)\r\n\tat org.eclipse.jdt.internal.junit4.runner.JUnit4TestReference.run(JUnit4TestReference.java:93)\r\n\tat org.eclipse.jdt.internal.junit.runner.TestExecution.run(TestExecution.java:40)\r\n\tat org.eclipse.jdt.internal.junit.runner.RemoteTestRunner.runTests(RemoteTestRunner.java:529)\r\n\tat org.eclipse.jdt.internal.junit.runner.RemoteTestRunner.runTests(RemoteTestRunner.java:756)\r\n\tat org.eclipse.jdt.internal.junit.runner.RemoteTestRunner.run(RemoteTestRunner.java:452)\r\n\tat org.eclipse.jdt.internal.junit.runner.RemoteTestRunner.main(RemoteTestRunner.java:210)\r\n"},"stage":"finished","steps":[{"name":"$(\"open\") https://www-dev.massmutual.com/workbench/","status":"passed","stage":"finished","steps":[{"name":"$(\"webdriver\") create()","status":"passed","stage":"finished","steps":[],"attachments":[],"parameters":[],"start":1708670878391,"stop":1708670891246}],"attachments":[],"parameters":[],"start":1708670878388,"stop":1708670894739},{"name":"Given  Login into Workbench","status":"passed","stage":"finished","steps":[{"name":"$(\"By.xpath: //h2[text()='Login']//following::input[1]\") should be([exist, 10 s.])","status":"passed","stage":"finished","steps":[],"attachments":[],"parameters":[],"start":1708670895387,"stop":1708670899464},{"name":"$(\"By.xpath: //h2[text()='Login']//following::input[1]\") set value(ot36701)","status":"passed","stage":"finished","steps":[],"attachments":[],"parameters":[],"start":1708670899466,"stop":1708670899674},{"name":"$(\"By.xpath: //input[@value = 'Next']\") click()","status":"passed","stage":"finished","steps":[],"attachments":[],"parameters":[],"start":1708670899674,"stop":1708670899776}],"attachments":[],"parameters":[],"start":1708670895082,"stop":1708670899779},{"name":"And  enter Password and launch Workbench","status":"passed","stage":"finished","steps":[{"name":"$(\"By.xpath: //h2[text()='Verify with your password']//following::input[1]\") should be([exist, 10 s.])","status":"passed","stage":"finished","steps":[],"attachments":[],"parameters":[],"start":1708670899785,"stop":1708670901216},{"name":"$(\"By.xpath: //h2[text()='Verify with your password']//following::input[1]\") set value(6p>K5IwkL225)","status":"passed","stage":"finished","steps":[],"attachments":[],"parameters":[],"start":1708670901217,"stop":1708670901533},{"name":"$(\"By.xpath: //h2[text()='Verify with your password']//following::input[2]\") click()","status":"passed","stage":"finished","steps":[],"attachments":[],"parameters":[],"start":1708670901533,"stop":1708670901680}],"attachments":[],"parameters":[],"start":1708670899784,"stop":1708670901681},{"name":"Then  validate workbench launch","status":"passed","stage":"finished","steps":[{"name":"$(\"By.xpath: //*[@aria-label='MassMutual logo']\") should be([exist, 10 s.])","status":"passed","stage":"finished","steps":[],"attachments":[],"parameters":[],"start":1708670901692,"stop":1708670905371},{"name":"$(\"By.xpath: //a[contains(text(),'All Cases')]\") should be([exist, 10 s.])","status":"passed","stage":"finished","steps":[],"attachments":[],"parameters":[],"start":1708670905371,"stop":1708670905406}],"attachments":[],"parameters":[],"start":1708670901684,"stop":1708670905410},{"name":"And  validate header elements visibility","status":"passed","stage":"finished","steps":[{"name":"$(\"By.xpath: //*[@aria-label='MassMutual logo']\") should be([exist, 10 s.])","status":"passed","stage":"finished","steps":[],"attachments":[],"parameters":[],"start":1708670905410,"stop":1708670905444},{"name":"$(\"By.xpath: //a[contains(text(),'All Cases')]\") should be([exist, 10 s.])","status":"passed","stage":"finished","steps":[],"attachments":[],"parameters":[],"start":1708670905444,"stop":1708670905476},{"name":"$(\"By.xpath: //a[contains(text(),'Workbasket')]\") should be([exist, 10 s.])","status":"passed","stage":"finished","steps":[],"attachments":[],"parameters":[],"start":1708670905476,"stop":1708670905516},{"name":"$(\"By.xpath: //a[contains(text(),'Pending')]\") should be([exist, 10 s.])","status":"passed","stage":"finished","steps":[],"attachments":[],"parameters":[],"start":1708670905516,"stop":1708670905546},{"name":"$(\"By.xpath: //a[contains(text(),'Issued & Reported')]\") should be([exist, 10 s.])","status":"passed","stage":"finished","steps":[],"attachments":[],"parameters":[],"start":1708670905546,"stop":1708670905596},{"name":"$(\"By.xpath: //a[contains(text(),'Inactive')]\") should be([exist, 10 s.])","status":"passed","stage":"finished","steps":[],"attachments":[],"parameters":[],"start":1708670905596,"stop":1708670905628},{"name":"$(\"By.xpath: //a[contains(text(),'Help')]\") should be([exist, 10 s.])","status":"passed","stage":"finished","steps":[],"attachments":[],"parameters":[],"start":1708670905628,"stop":1708670905666}],"attachments":[],"parameters":[],"start":1708670905410,"stop":1708670905666},{"name":"And  scroll down the page to verify header","status":"failed","stage":"finished","steps":[{"name":"$(\"By.xpath: //*[@aria-label='MassMutual logo']\") should be([exist, 10 s.])","status":"passed","stage":"finished","steps":[],"attachments":[],"parameters":[],"start":1708670905681,"stop":1708670905716},{"name":"$(\"By.xpath: //a[contains(text(),'All Cases')]\") should be([exist, 10 s.])","status":"passed","stage":"finished","steps":[],"attachments":[],"parameters":[],"start":1708670905716,"stop":1708670905751},{"name":"$(\"By.xpath: //a[contains(text(),'Workbasket')]\") should be([exist, 10 s.])","status":"passed","stage":"finished","steps":[],"attachments":[],"parameters":[],"start":1708670905756,"stop":1708670905786},{"name":"$(\"By.xpath: //a[contains(text(),'Pending')]\") should be([exist, 10 s.])","status":"passed","stage":"finished","steps":[],"attachments":[],"parameters":[],"start":1708670905786,"stop":1708670905816},{"name":"$(\"By.xpath: //a[contains(text(),'Issued & Reported')]\") should be([exist, 10 s.])","status":"passed","stage":"finished","steps":[],"attachments":[],"parameters":[],"start":1708670905816,"stop":1708670905848},{"name":"$(\"By.xpath: //a[contains(text(),'Inactive')]\") should be([exist, 10 s.])","status":"failed","statusDetails":{"known":false,"muted":false,"flaky":false,"message":"Element not found {By.xpath: //a[contains(text(),'Inactive')]}\r\nExpected: exist\r\nScreenshot: file:/C:/Users/mmv3902/Desktop/workbenchlahari/build/reports/tests/1708670916667.0.png\r\nPage source: file:/C:/Users/mmv3902/Desktop/workbenchlahari/build/reports/tests/1708670916667.0.html\r\nTimeout: 10 s.\r\nCaused by: NoSuchElementException: no such element: Unable to locate element: {\"method\":\"xpath\",\"selector\":\"//a[contains(text(),'Inactive')]\"}","trace":"Element not found {By.xpath: //a[contains(text(),'Inactive')]}\r\nExpected: exist\r\nScreenshot: file:/C:/Users/mmv3902/Desktop/workbenchlahari/build/reports/tests/1708670916667.0.png\r\nPage source: file:/C:/Users/mmv3902/Desktop/workbenchlahari/build/reports/tests/1708670916667.0.html\r\nTimeout: 10 s.\r\nCaused by: NoSuchElementException: no such element: Unable to locate element: {\"method\":\"xpath\",\"selector\":\"//a[contains(text(),'Inactive')]\"}\r\n\tat com.codeborne.selenide.impl.WebElementSource.createElementNotFoundError(WebElementSource.java:91)\r\n\tat com.codeborne.selenide.impl.ElementFinder.createElementNotFoundError(ElementFinder.java:142)\r\n\tat com.codeborne.selenide.impl.WebElementSource.handleError(WebElementSource.java:143)\r\n\tat com.codeborne.selenide.impl.WebElementSource.checkConditionAndReturnElement(WebElementSource.java:127)\r\n\tat com.codeborne.selenide.impl.WebElementSource.checkCondition(WebElementSource.java:104)\r\n\tat com.codeborne.selenide.commands.Should.execute(Should.java:30)\r\n\tat com.codeborne.selenide.commands.Should.execute(Should.java:14)\r\n\tat com.codeborne.selenide.commands.Commands.execute(Commands.java:163)\r\n\tat com.codeborne.selenide.impl.SelenideElementProxy.dispatchAndRetry(SelenideElementProxy.java:132)\r\n\tat com.codeborne.selenide.impl.SelenideElementProxy.invoke(SelenideElementProxy.java:84)\r\n\tat com.sun.proxy.$Proxy23.shouldBe(Unknown Source)\r\n\tat pageclass.UiValidationObjects.scrollDownValidateHeader(UiValidationObjects.java:107)\r\n\tat stepdefinitions.UiValidationStepDefs.scroll_down_the_page_to_verify_header(UiValidationStepDefs.java:26)\r\n\tat sun.reflect.NativeMethodAccessorImpl.invoke0(Native Method)\r\n\tat sun.reflect.NativeMethodAccessorImpl.invoke(NativeMethodAccessorImpl.java:62)\r\n\tat sun.reflect.DelegatingMethodAccessorImpl.invoke(DelegatingMethodAccessorImpl.java:43)\r\n\tat java.lang.reflect.Method.invoke(Method.java:498)\r\n\tat cucumber.runtime.Utils$1.call(Utils.java:40)\r\n\tat cucumber.runtime.Timeout.timeout(Timeout.java:16)\r\n\tat cucumber.runtime.Utils.invoke(Utils.java:34)\r\n\tat cucumber.runtime.java.JavaStepDefinition.execute(JavaStepDefinition.java:38)\r\n\tat cucumber.runtime.StepDefinitionMatch.runStep(StepDefinitionMatch.java:37)\r\n\tat cucumber.runtime.Runtime.runStep(Runtime.java:300)\r\n\tat cucumber.runtime.model.StepContainer.runStep(StepContainer.java:44)\r\n\tat cucumber.runtime.model.StepContainer.runSteps(StepContainer.java:39)\r\n\tat cucumber.runtime.model.CucumberScenario.run(CucumberScenario.java:44)\r\n\tat cucumber.runtime.junit.ExecutionUnitRunner.run(ExecutionUnitRunner.java:102)\r\n\tat org.junit.runners.Suite.runChild(Suite.java:128)\r\n\tat org.junit.runners.Suite.runChild(Suite.java:27)\r\n\tat org.junit.runners.ParentRunner$4.run(ParentRunner.java:331)\r\n\tat org.junit.runners.ParentRunner$1.schedule(ParentRunner.java:79)\r\n\tat org.junit.runners.ParentRunner.runChildren(ParentRunner.java:329)\r\n\tat org.junit.runners.ParentRunner.access$100(ParentRunner.java:66)\r\n\tat org.junit.runners.ParentRunner$2.evaluate(ParentRunner.java:293)\r\n\tat org.junit.runners.ParentRunner$3.evaluate(ParentRunner.java:306)\r\n\tat org.junit.runners.ParentRunner.run(ParentRunner.java:413)\r\n\tat cucumber.runtime.junit.ExamplesRunner.run(ExamplesRunner.java:59)\r\n\tat org.junit.runners.Suite.runChild(Suite.java:128)\r\n\tat org.junit.runners.Suite.runChild(Suite.java:27)\r\n\tat org.junit.runners.ParentRunner$4.run(ParentRunner.java:331)\r\n\tat org.junit.runners.ParentRunner$1.schedule(ParentRunner.java:79)\r\n\tat org.junit.runners.ParentRunner.runChildren(ParentRunner.java:329)\r\n\tat org.junit.runners.ParentRunner.access$100(ParentRunner.java:66)\r\n\tat org.junit.runners.ParentRunner$2.evaluate(ParentRunner.java:293)\r\n\tat org.junit.runners.ParentRunner$3.evaluate(ParentRunner.java:306)\r\n\tat org.junit.runners.ParentRunner.run(ParentRunner.java:413)\r\n\tat cucumber.runtime.junit.ScenarioOutlineRunner.run(ScenarioOutlineRunner.java:53)\r\n\tat cucumber.runtime.junit.FeatureRunner.runChild(FeatureRunner.java:63)\r\n\tat cucumber.runtime.junit.FeatureRunner.runChild(FeatureRunner.java:18)\r\n\tat org.junit.runners.ParentRunner$4.run(ParentRunner.java:331)\r\n\tat org.junit.runners.ParentRunner$1.schedule(ParentRunner.java:79)\r\n\tat org.junit.runners.ParentRunner.runChildren(ParentRunner.java:329)\r\n\tat org.junit.runners.ParentRunner.access$100(ParentRunner.java:66)\r\n\tat org.junit.runners.ParentRunner$2.evaluate(ParentRunner.java:293)\r\n\tat org.junit.runners.ParentRunner$3.evaluate(ParentRunner.java:306)\r\n\tat org.junit.runners.ParentRunner.run(ParentRunner.java:413)\r\n\tat cucumber.runtime.junit.FeatureRunner.run(FeatureRunner.java:70)\r\n\tat cucumber.api.junit.Cucumber.runChild(Cucumber.java:95)\r\n\tat cucumber.api.junit.Cucumber.runChild(Cucumber.java:38)\r\n\tat org.junit.runners.ParentRunner$4.run(ParentRunner.java:331)\r\n\tat org.junit.runners.ParentRunner$1.schedule(ParentRunner.java:79)\r\n\tat org.junit.runners.ParentRunner.runChildren(ParentRunner.java:329)\r\n\tat org.junit.runners.ParentRunner.access$100(ParentRunner.java:66)\r\n\tat org.junit.runners.ParentRunner$2.evaluate(ParentRunner.java:293)\r\n\tat org.junit.internal.runners.statements.RunBefores.evaluate(RunBefores.java:26)\r\n\tat org.junit.internal.runners.statements.RunAfters.evaluate(RunAfters.java:27)\r\n\tat org.junit.runners.ParentRunner$3.evaluate(ParentRunner.java:306)\r\n\tat org.junit.runners.ParentRunner.run(ParentRunner.java:413)\r\n\tat cucumber.api.junit.Cucumber.run(Cucumber.java:100)\r\n\tat org.eclipse.jdt.internal.junit4.runner.JUnit4TestReference.run(JUnit4TestReference.java:93)\r\n\tat org.eclipse.jdt.internal.junit.runner.TestExecution.run(TestExecution.java:40)\r\n\tat org.eclipse.jdt.internal.junit.runner.RemoteTestRunner.runTests(RemoteTestRunner.java:529)\r\n\tat org.eclipse.jdt.internal.junit.runner.RemoteTestRunner.runTests(RemoteTestRunner.java:756)\r\n\tat org.eclipse.jdt.internal.junit.runner.RemoteTestRunner.run(RemoteTestRunner.java:452)\r\n\tat org.eclipse.jdt.internal.junit.runner.RemoteTestRunner.main(RemoteTestRunner.java:210)\r\nCaused by: org.openqa.selenium.NoSuchElementException: no such element: Unable to locate element: {\"method\":\"xpath\",\"selector\":\"//a[contains(text(),'Inactive')]\"}\n  (Session info: MicrosoftEdge=121.0.2277.128)\nFor documentation on this error, please visit: https://www.selenium.dev/documentation/webdriver/troubleshooting/errors#no-such-element-exception\nBuild info: version: '4.11.0', revision: '040bc5406b'\nSystem info: os.name: 'Windows 10', os.arch: 'amd64', os.version: '10.0', java.version: '1.8.0_131-1-redhat'\nDriver info: org.openqa.selenium.edge.EdgeDriver\nCommand: [3fcda2b9a1349c27ea2caaa0cb784735, findElement {using=xpath, value=//a[contains(text(),'Inactive')]}]\nCapabilities {acceptInsecureCerts: true, browserName: MicrosoftEdge, browserVersion: 121.0.2277.128, fedcm:accounts: true, ms:edgeOptions: {debuggerAddress: localhost:57399}, msedge: {msedgedriverVersion: 121.0.2277.128 (33d347b6876..., userDataDir: C:\\Users\\mmv3902\\AppData\\Lo...}, networkConnectionEnabled: false, pageLoadStrategy: normal, platformName: windows, proxy: Proxy(), se:cdp: ws://localhost:57399/devtoo..., se:cdpVersion: 121.0.2277.128, setWindowRect: true, strictFileInteractability: false, timeouts: {implicit: 0, pageLoad: 300000, script: 30000}, unhandledPromptBehavior: accept, webauthn:extension:credBlob: true, webauthn:extension:largeBlob: true, webauthn:extension:minPinLength: true, webauthn:extension:prf: true, webauthn:virtualAuthenticators: true}\nSession ID: 3fcda2b9a1349c27ea2caaa0cb784735\r\n\tat sun.reflect.NativeConstructorAccessorImpl.newInstance0(Native Method)\r\n\tat sun.reflect.NativeConstructorAccessorImpl.newInstance(NativeConstructorAccessorImpl.java:62)\r\n\tat sun.reflect.DelegatingConstructorAccessorImpl.newInstance(DelegatingConstructorAccessorImpl.java:45)\r\n\tat java.lang.reflect.Constructor.newInstance(Constructor.java:423)\r\n\tat org.openqa.selenium.remote.codec.w3c.W3CHttpResponseCodec.createException(W3CHttpResponseCodec.java:200)\r\n\tat org.openqa.selenium.remote.codec.w3c.W3CHttpResponseCodec.decode(W3CHttpResponseCodec.java:133)\r\n\tat org.openqa.selenium.remote.codec.w3c.W3CHttpResponseCodec.decode(W3CHttpResponseCodec.java:52)\r\n\tat org.openqa.selenium.remote.HttpCommandExecutor.execute(HttpCommandExecutor.java:191)\r\n\tat org.openqa.selenium.remote.service.DriverCommandExecutor.invokeExecute(DriverCommandExecutor.java:196)\r\n\tat org.openqa.selenium.remote.service.DriverCommandExecutor.execute(DriverCommandExecutor.java:171)\r\n\tat org.openqa.selenium.remote.RemoteWebDriver.execute(RemoteWebDriver.java:518)\r\n\tat org.openqa.selenium.remote.ElementLocation$ElementFinder$2.findElement(ElementLocation.java:165)\r\n\tat org.openqa.selenium.remote.ElementLocation.findElement(ElementLocation.java:59)\r\n\tat org.openqa.selenium.remote.RemoteWebDriver.findElement(RemoteWebDriver.java:355)\r\n\tat org.openqa.selenium.remote.RemoteWebDriver.findElement(RemoteWebDriver.java:349)\r\n\tat com.codeborne.selenide.impl.WebElementSelector.findElement(WebElementSelector.java:70)\r\n\tat com.codeborne.selenide.impl.WebElementSelector.findElement(WebElementSelector.java:44)\r\n\tat com.codeborne.selenide.impl.WebElementSelector.findElement(WebElementSelector.java:33)\r\n\tat com.codeborne.selenide.impl.ElementFinder.getWebElement(ElementFinder.java:122)\r\n\tat com.codeborne.selenide.impl.WebElementSource.checkConditionAndReturnElement(WebElementSource.java:116)\r\n\t... 71 more\r\n"},"stage":"finished","steps":[],"attachments":[{"name":"Screenshot","source":"85912ab6-c4f8-4c19-b296-17a4076bc64e-attachment.png","type":"image/png"},{"name":"Page source","source":"acb71700-b5dd-42cd-976f-831e2381470f-attachment.html","type":"text/html"}],"parameters":[],"start":1708670905848,"stop":1708670916987}],"attachments":[],"parameters":[],"start":1708670905666,"stop":1708670917006},{"name":"And  navigate to All Cases and verify header","status":"skipped","stage":"finished","steps":[],"attachments":[],"parameters":[],"start":1708670917006,"stop":1708670917017},{"name":"And  navigate to Workbasket and verify header","status":"skipped","stage":"finished","steps":[],"attachments":[],"parameters":[],"start":1708670917017,"stop":1708670917017},{"name":"And  navigate to Pending and verify header","status":"skipped","stage":"finished","steps":[],"attachments":[],"parameters":[],"start":1708670917022,"stop":1708670917022},{"name":"And  navigate to Issued & Reported Cases and verify header","status":"skipped","stage":"finished","steps":[],"attachments":[],"parameters":[],"start":1708670917022,"stop":1708670917027},{"name":"And  navigate to Inactive and verify header","status":"skipped","stage":"finished","steps":[],"attachments":[],"parameters":[],"start":1708670917027,"stop":1708670917027},{"name":"And  open every menu item in new tab and validate header","status":"skipped","stage":"finished","steps":[],"attachments":[],"parameters":[],"start":1708670917027,"stop":1708670917032},{"name":"And  validate tooltip text for all menu items","status":"skipped","stage":"finished","steps":[],"attachments":[],"parameters":[],"start":1708670917032,"stop":1708670917032},{"name":"And  perform export and validate header","status":"skipped","stage":"finished","steps":[],"attachments":[],"parameters":[],"start":1708670917032,"stop":1708670917032},{"name":"Then  perform sort filter with smith and complete header validation","status":"skipped","stage":"finished","steps":[],"attachments":[],"parameters":[],"start":1708670917037,"stop":1708670917037}],"attachments":[],"parameters":[],"start":1708670878354,"stop":1708670917183,"uuid":"60ebe6fc-8db1-49ff-b102-f4b236385b5b","historyId":"4e64b9235a1dbc3cb5ca0dd85911b44c","fullName":"UI Validation for workbench: Header Validation","labels":[{"name":"feature","value":"UI Validation for workbench"},{"name":"story","value":"Header Validation"},{"name":"tag","value":"INSWB-137"},{"name":"tag","value":"headerValidation"},{"name":"tag","value":"INSWB-138"},{"name":"host","value":"MMV3902P1"},{"name":"thread","value":"29336@MMV3902P1.main(1)"},{"name":"package","value":"UI Validation for workbench"},{"name":"suite","value":"UI Validation for workbench"},{"name":"testClass","value":"Header Validation"},{"name":"framework","value":"cucumberjvm"},{"name":"language","value":"java"}],"links":[]}