{"name":"Apex_2","status":"failed","statusDetails":{"known":false,"muted":false,"flaky":false,"message":"Element not found {By.xpath: //button[@class= 'newAppButtonAdmin' and @name= 'wbModalButton']}\r\nExpected: exist\r\nPage source: file:/C:/Users/MMU7521/OneDrive%20-%20MassMutual/Documents/Softwares/UmeshWork/NBU_EzApp/build/reports/tests/1705672306289.0.html\r\nTimeout: 120 s.\r\nCaused by: NoSuchWindowException: no such window: target window already closed","trace":"Element not found {By.xpath: //button[@class= 'newAppButtonAdmin' and @name= 'wbModalButton']}\r\nExpected: exist\r\nPage source: file:/C:/Users/MMU7521/OneDrive%20-%20MassMutual/Documents/Softwares/UmeshWork/NBU_EzApp/build/reports/tests/1705672306289.0.html\r\nTimeout: 120 s.\r\nCaused by: NoSuchWindowException: no such window: target window already closed\r\n\tat com.codeborne.selenide.impl.WebElementSource.createElementNotFoundError(WebElementSource.java:91)\r\n\tat com.codeborne.selenide.impl.ElementFinder.createElementNotFoundError(ElementFinder.java:142)\r\n\tat com.codeborne.selenide.impl.WebElementSource.handleError(WebElementSource.java:143)\r\n\tat com.codeborne.selenide.impl.WebElementSource.checkConditionAndReturnElement(WebElementSource.java:127)\r\n\tat com.codeborne.selenide.impl.WebElementSource.checkCondition(WebElementSource.java:104)\r\n\tat com.codeborne.selenide.commands.Should.execute(Should.java:30)\r\n\tat com.codeborne.selenide.commands.Should.execute(Should.java:14)\r\n\tat com.codeborne.selenide.commands.Commands.execute(Commands.java:163)\r\n\tat com.codeborne.selenide.impl.SelenideElementProxy.dispatchAndRetry(SelenideElementProxy.java:132)\r\n\tat com.codeborne.selenide.impl.SelenideElementProxy.invoke(SelenideElementProxy.java:84)\r\n\tat com.sun.proxy.$Proxy23.shouldBe(Unknown Source)\r\n\tat pageclass.Workbench_LaunchEzApp.clickonSubmitNewBusinessWB(Workbench_LaunchEzApp.java:78)\r\n\tat stepdefinitions.Apex.click_on_Plus_icon_to_select_Environment_and_click_continue(Apex.java:122)\r\n\tat âœ½.And click on Plus icon to select Environment and click continue(EzappProducts.feature:273)\r\nCaused by: org.openqa.selenium.NoSuchWindowException: no such window: target window already closed\nfrom unknown error: web view not found\n  (Session info: MicrosoftEdge=120.0.2210.144)\nBuild info: version: '4.11.0', revision: '040bc5406b'\nSystem info: os.name: 'Windows 10', os.arch: 'amd64', os.version: '10.0', java.version: '1.8.0_131-1-redhat'\nDriver info: org.openqa.selenium.edge.EdgeDriver\nCommand: [063d45206f9bec8e0fe529c37767e023, findElement {using=xpath, value=//button[@class= 'newAppButtonAdmin' and @name= 'wbModalButton']}]\nCapabilities {acceptInsecureCerts: true, browserName: MicrosoftEdge, browserVersion: 120.0.2210.144, fedcm:accounts: true, ms:edgeOptions: {debuggerAddress: localhost:59383}, msedge: {msedgedriverVersion: 120.0.2210.144 (cbca972d598..., userDataDir: C:\\Users\\MMU7521\\AppData\\Lo...}, networkConnectionEnabled: false, pageLoadStrategy: normal, platformName: windows, proxy: Proxy(), se:cdp: ws://localhost:59383/devtoo..., se:cdpVersion: 120.0.2210.144, setWindowRect: true, strictFileInteractability: false, timeouts: {implicit: 0, pageLoad: 300000, script: 30000}, unhandledPromptBehavior: accept, webauthn:extension:credBlob: true, webauthn:extension:largeBlob: true, webauthn:extension:minPinLength: true, webauthn:extension:prf: true, webauthn:virtualAuthenticators: true}\nSession ID: 063d45206f9bec8e0fe529c37767e023\r\n\tat sun.reflect.GeneratedConstructorAccessor37.newInstance(Unknown Source)\r\n\tat sun.reflect.DelegatingConstructorAccessorImpl.newInstance(DelegatingConstructorAccessorImpl.java:45)\r\n\tat java.lang.reflect.Constructor.newInstance(Constructor.java:423)\r\n\tat org.openqa.selenium.remote.codec.w3c.W3CHttpResponseCodec.createException(W3CHttpResponseCodec.java:200)\r\n\tat org.openqa.selenium.remote.codec.w3c.W3CHttpResponseCodec.decode(W3CHttpResponseCodec.java:133)\r\n\tat org.openqa.selenium.remote.codec.w3c.W3CHttpResponseCodec.decode(W3CHttpResponseCodec.java:52)\r\n\tat org.openqa.selenium.remote.HttpCommandExecutor.execute(HttpCommandExecutor.java:191)\r\n\tat org.openqa.selenium.remote.service.DriverCommandExecutor.invokeExecute(DriverCommandExecutor.java:196)\r\n\tat org.openqa.selenium.remote.service.DriverCommandExecutor.execute(DriverCommandExecutor.java:171)\r\n\tat org.openqa.selenium.remote.RemoteWebDriver.execute(RemoteWebDriver.java:518)\r\n\tat org.openqa.selenium.remote.ElementLocation$ElementFinder$2.findElement(ElementLocation.java:165)\r\n\tat org.openqa.selenium.remote.ElementLocation.findElement(ElementLocation.java:59)\r\n\tat org.openqa.selenium.remote.RemoteWebDriver.findElement(RemoteWebDriver.java:355)\r\n\tat org.openqa.selenium.remote.RemoteWebDriver.findElement(RemoteWebDriver.java:349)\r\n\tat com.codeborne.selenide.impl.WebElementSelector.findElement(WebElementSelector.java:70)\r\n\tat com.codeborne.selenide.impl.WebElementSelector.findElement(WebElementSelector.java:44)\r\n\tat com.codeborne.selenide.impl.WebElementSelector.findElement(WebElementSelector.java:33)\r\n\tat com.codeborne.selenide.impl.ElementFinder.getWebElement(ElementFinder.java:122)\r\n\tat com.codeborne.selenide.impl.WebElementSource.checkConditionAndReturnElement(WebElementSource.java:116)\r\n\tat com.codeborne.selenide.impl.WebElementSource.checkCondition(WebElementSource.java:104)\r\n\tat com.codeborne.selenide.commands.Should.execute(Should.java:30)\r\n\tat com.codeborne.selenide.commands.Should.execute(Should.java:14)\r\n\tat com.codeborne.selenide.commands.Commands.execute(Commands.java:163)\r\n\tat com.codeborne.selenide.impl.SelenideElementProxy.dispatchAndRetry(SelenideElementProxy.java:132)\r\n\tat com.codeborne.selenide.impl.SelenideElementProxy.invoke(SelenideElementProxy.java:84)\r\n\tat com.sun.proxy.$Proxy23.shouldBe(Unknown Source)\r\n\tat pageclass.Workbench_LaunchEzApp.clickonSubmitNewBusinessWB(Workbench_LaunchEzApp.java:78)\r\n\tat stepdefinitions.Apex.click_on_Plus_icon_to_select_Environment_and_click_continue(Apex.java:122)\r\n\tat sun.reflect.NativeMethodAccessorImpl.invoke0(Native Method)\r\n\tat sun.reflect.NativeMethodAccessorImpl.invoke(NativeMethodAccessorImpl.java:62)\r\n\tat sun.reflect.DelegatingMethodAccessorImpl.invoke(DelegatingMethodAccessorImpl.java:43)\r\n\tat java.lang.reflect.Method.invoke(Method.java:498)\r\n\tat cucumber.runtime.Utils$1.call(Utils.java:40)\r\n\tat cucumber.runtime.Timeout.timeout(Timeout.java:16)\r\n\tat cucumber.runtime.Utils.invoke(Utils.java:34)\r\n\tat cucumber.runtime.java.JavaStepDefinition.execute(JavaStepDefinition.java:38)\r\n\tat cucumber.runtime.StepDefinitionMatch.runStep(StepDefinitionMatch.java:37)\r\n\tat cucumber.runtime.Runtime.runStep(Runtime.java:300)\r\n\tat cucumber.runtime.model.StepContainer.runStep(StepContainer.java:44)\r\n\tat cucumber.runtime.model.StepContainer.runSteps(StepContainer.java:39)\r\n\tat cucumber.runtime.model.CucumberScenario.run(CucumberScenario.java:44)\r\n\tat cucumber.runtime.junit.ExecutionUnitRunner.run(ExecutionUnitRunner.java:102)\r\n\tat org.junit.runners.Suite.runChild(Suite.java:128)\r\n\tat org.junit.runners.Suite.runChild(Suite.java:27)\r\n\tat org.junit.runners.ParentRunner$4.run(ParentRunner.java:331)\r\n\tat org.junit.runners.ParentRunner$1.schedule(ParentRunner.java:79)\r\n\tat org.junit.runners.ParentRunner.runChildren(ParentRunner.java:329)\r\n\tat org.junit.runners.ParentRunner.access$100(ParentRunner.java:66)\r\n\tat org.junit.runners.ParentRunner$2.evaluate(ParentRunner.java:293)\r\n\tat org.junit.runners.ParentRunner$3.evaluate(ParentRunner.java:306)\r\n\tat org.junit.runners.ParentRunner.run(ParentRunner.java:413)\r\n\tat cucumber.runtime.junit.ExamplesRunner.run(ExamplesRunner.java:59)\r\n\tat org.junit.runners.Suite.runChild(Suite.java:128)\r\n\tat org.junit.runners.Suite.runChild(Suite.java:27)\r\n\tat org.junit.runners.ParentRunner$4.run(ParentRunner.java:331)\r\n\tat org.junit.runners.ParentRunner$1.schedule(ParentRunner.java:79)\r\n\tat org.junit.runners.ParentRunner.runChildren(ParentRunner.java:329)\r\n\tat org.junit.runners.ParentRunner.access$100(ParentRunner.java:66)\r\n\tat org.junit.runners.ParentRunner$2.evaluate(ParentRunner.java:293)\r\n\tat org.junit.runners.ParentRunner$3.evaluate(ParentRunner.java:306)\r\n\tat org.junit.runners.ParentRunner.run(ParentRunner.java:413)\r\n\tat cucumber.runtime.junit.ScenarioOutlineRunner.run(ScenarioOutlineRunner.java:53)\r\n\tat cucumber.runtime.junit.FeatureRunner.runChild(FeatureRunner.java:63)\r\n\tat cucumber.runtime.junit.FeatureRunner.runChild(FeatureRunner.java:18)\r\n\tat org.junit.runners.ParentRunner$4.run(ParentRunner.java:331)\r\n\tat org.junit.runners.ParentRunner$1.schedule(ParentRunner.java:79)\r\n\tat org.junit.runners.ParentRunner.runChildren(ParentRunner.java:329)\r\n\tat org.junit.runners.ParentRunner.access$100(ParentRunner.java:66)\r\n\tat org.junit.runners.ParentRunner$2.evaluate(ParentRunner.java:293)\r\n\tat org.junit.runners.ParentRunner$3.evaluate(ParentRunner.java:306)\r\n\tat org.junit.runners.ParentRunner.run(ParentRunner.java:413)\r\n\tat cucumber.runtime.junit.FeatureRunner.run(FeatureRunner.java:70)\r\n\tat cucumber.api.junit.Cucumber.runChild(Cucumber.java:95)\r\n\tat cucumber.api.junit.Cucumber.runChild(Cucumber.java:38)\r\n\tat org.junit.runners.ParentRunner$4.run(ParentRunner.java:331)\r\n\tat org.junit.runners.ParentRunner$1.schedule(ParentRunner.java:79)\r\n\tat org.junit.runners.ParentRunner.runChildren(ParentRunner.java:329)\r\n\tat org.junit.runners.ParentRunner.access$100(ParentRunner.java:66)\r\n\tat org.junit.runners.ParentRunner$2.evaluate(ParentRunner.java:293)\r\n\tat org.junit.internal.runners.statements.RunBefores.evaluate(RunBefores.java:26)\r\n\tat org.junit.internal.runners.statements.RunAfters.evaluate(RunAfters.java:27)\r\n\tat org.junit.runners.ParentRunner$3.evaluate(ParentRunner.java:306)\r\n\tat org.junit.runners.ParentRunner.run(ParentRunner.java:413)\r\n\tat cucumber.api.junit.Cucumber.run(Cucumber.java:100)\r\n\tat org.eclipse.jdt.internal.junit4.runner.JUnit4TestReference.run(JUnit4TestReference.java:86)\r\n\tat org.eclipse.jdt.internal.junit.runner.TestExecution.run(TestExecution.java:38)\r\n\tat org.eclipse.jdt.internal.junit.runner.RemoteTestRunner.runTests(RemoteTestRunner.java:459)\r\n\tat org.eclipse.jdt.internal.junit.runner.RemoteTestRunner.runTests(RemoteTestRunner.java:678)\r\n\tat org.eclipse.jdt.internal.junit.runner.RemoteTestRunner.run(RemoteTestRunner.java:382)\r\n\tat org.eclipse.jdt.internal.junit.runner.RemoteTestRunner.main(RemoteTestRunner.java:192)\r\n"},"stage":"finished","description":"I want to use this template for my feature file","steps":[{"name":"$(\"open\") https://massmutual.oktapreview.com/","status":"passed","stage":"finished","steps":[{"name":"$(\"webdriver\") create()","status":"passed","stage":"finished","steps":[],"attachments":[],"parameters":[],"start":1705672130246,"stop":1705672148494}],"attachments":[],"parameters":[],"start":1705672130242,"stop":1705672152693},{"name":"Given  Launch Fieldnet Dev application to Enter UserID and Password click Next 2","status":"passed","stage":"finished","steps":[{"name":"$(\"By.xpath: //h2[text()='Login']//following::input[1]\") should be([exist, 10 s.])","status":"passed","stage":"finished","steps":[],"attachments":[],"parameters":[],"start":1705672153475,"stop":1705672156279},{"name":"$(\"By.xpath: //h2[text()='Login']//following::input[1]\") set value(RB24193)","status":"passed","stage":"finished","steps":[],"attachments":[],"parameters":[],"start":1705672156282,"stop":1705672156499},{"name":"$(\"By.xpath: //input[@value = 'Next']\") click()","status":"passed","stage":"finished","steps":[],"attachments":[],"parameters":[],"start":1705672156499,"stop":1705672156631},{"name":"$(\"By.xpath: //h2[text()='Verify with your password']//following::input[1]\") should be([exist, 10 s.])","status":"passed","stage":"finished","steps":[],"attachments":[],"parameters":[],"start":1705672156631,"stop":1705672158962},{"name":"$(\"By.xpath: //h2[text()='Verify with your password']//following::input[1]\") set value(9wC9dztF)","status":"passed","stage":"finished","steps":[],"attachments":[],"parameters":[],"start":1705672158963,"stop":1705672159159},{"name":"$(\"By.xpath: //h2[text()='Verify with your password']//following::input[2]\") click()","status":"passed","stage":"finished","steps":[],"attachments":[],"parameters":[],"start":1705672159159,"stop":1705672159272},{"name":"$(\"By.xpath: //span[text()='FieldNet Dev']\") should be([exist, 40 s.])","status":"passed","stage":"finished","steps":[],"attachments":[],"parameters":[],"start":1705672159272,"stop":1705672163795},{"name":"$(\"By.xpath: //span[text()='FieldNet Dev']\") click()","status":"passed","stage":"finished","steps":[],"attachments":[],"parameters":[],"start":1705672163796,"stop":1705672164091},{"name":"$(\"window(index: 1)\") switch to()","status":"passed","stage":"finished","steps":[],"attachments":[],"parameters":[],"start":1705672164125,"stop":1705672164166}],"attachments":[],"parameters":[],"start":1705672152869,"stop":1705672164172},{"name":"And  click SubmitNewBusiness Menu and Enter ProducerID and click search","status":"passed","stage":"finished","steps":[{"name":"$(\"By.xpath: //a[text()='Submit New Business']\") should be([exist, 50 s.])","status":"passed","stage":"finished","steps":[],"attachments":[],"parameters":[],"start":1705672182403,"stop":1705672182461},{"name":"$(\"By.xpath: //a[text()='Submit New Business']\") click()","status":"passed","stage":"finished","steps":[],"attachments":[],"parameters":[],"start":1705672182461,"stop":1705672182651},{"name":"$(\"By.xpath: //a[@id='ez_a']\") should be([exist, 10 s.])","status":"passed","stage":"finished","steps":[],"attachments":[],"parameters":[],"start":1705672182651,"stop":1705672182696},{"name":"$(\"By.xpath: //a[@id='ez_a']\") click()","status":"passed","stage":"finished","steps":[],"attachments":[],"parameters":[],"start":1705672182696,"stop":1705672182860},{"name":"$(\"By.xpath: //*[@id='WorkBenchForm_ez_']/input[3]\") should be([exist, 10 s.])","status":"passed","stage":"finished","steps":[],"attachments":[],"parameters":[],"start":1705672182861,"stop":1705672182917},{"name":"$(\"By.xpath: //*[@id='WorkBenchForm_ez_']/input[3]\") click()","status":"passed","stage":"finished","steps":[],"attachments":[],"parameters":[],"start":1705672182917,"stop":1705672183094},{"name":"$(\"By.xpath: //*[@id='WorkBenchForm_ez_']/input[4]\") should be([exist, 10 s.])","status":"passed","stage":"finished","steps":[],"attachments":[],"parameters":[],"start":1705672183094,"stop":1705672183150},{"name":"$(\"By.xpath: //*[@id='WorkBenchForm_ez_']/input[4]\") set value(123317)","status":"passed","stage":"finished","steps":[],"attachments":[],"parameters":[],"start":1705672183150,"stop":1705672183448},{"name":"$(\"By.xpath: //form[@id= 'WorkBenchForm_ez_']/child::input[@id='submitButton']\") should be([exist, 10 s.])","status":"passed","stage":"finished","steps":[],"attachments":[],"parameters":[],"start":1705672183448,"stop":1705672183500},{"name":"$(\"By.xpath: //form[@id= 'WorkBenchForm_ez_']/child::input[@id='submitButton']\") click()","status":"passed","stage":"finished","steps":[],"attachments":[],"parameters":[],"start":1705672183500,"stop":1705672183719},{"name":"$(\"window(index: 2)\") switch to()","status":"passed","stage":"finished","steps":[],"attachments":[],"parameters":[],"start":1705672183719,"stop":1705672184453}],"attachments":[],"parameters":[],"start":1705672164176,"stop":1705672184454},{"name":"And  click on Plus icon to select Environment and click continue","status":"failed","stage":"finished","steps":[{"name":"$(\"By.xpath: //button[@class= 'newAppButtonAdmin' and @name= 'wbModalButton']\") should be([exist, 120 s.])","status":"failed","statusDetails":{"known":false,"muted":false,"flaky":false,"message":"Element not found {By.xpath: //button[@class= 'newAppButtonAdmin' and @name= 'wbModalButton']}\r\nExpected: exist\r\nPage source: file:/C:/Users/MMU7521/OneDrive%20-%20MassMutual/Documents/Softwares/UmeshWork/NBU_EzApp/build/reports/tests/1705672306289.0.html\r\nTimeout: 120 s.\r\nCaused by: NoSuchWindowException: no such window: target window already closed","trace":"Element not found {By.xpath: //button[@class= 'newAppButtonAdmin' and @name= 'wbModalButton']}\r\nExpected: exist\r\nPage source: file:/C:/Users/MMU7521/OneDrive%20-%20MassMutual/Documents/Softwares/UmeshWork/NBU_EzApp/build/reports/tests/1705672306289.0.html\r\nTimeout: 120 s.\r\nCaused by: NoSuchWindowException: no such window: target window already closed\r\n\tat com.codeborne.selenide.impl.WebElementSource.createElementNotFoundError(WebElementSource.java:91)\r\n\tat com.codeborne.selenide.impl.ElementFinder.createElementNotFoundError(ElementFinder.java:142)\r\n\tat com.codeborne.selenide.impl.WebElementSource.handleError(WebElementSource.java:143)\r\n\tat com.codeborne.selenide.impl.WebElementSource.checkConditionAndReturnElement(WebElementSource.java:127)\r\n\tat com.codeborne.selenide.impl.WebElementSource.checkCondition(WebElementSource.java:104)\r\n\tat com.codeborne.selenide.commands.Should.execute(Should.java:30)\r\n\tat com.codeborne.selenide.commands.Should.execute(Should.java:14)\r\n\tat com.codeborne.selenide.commands.Commands.execute(Commands.java:163)\r\n\tat com.codeborne.selenide.impl.SelenideElementProxy.dispatchAndRetry(SelenideElementProxy.java:132)\r\n\tat com.codeborne.selenide.impl.SelenideElementProxy.invoke(SelenideElementProxy.java:84)\r\n\tat com.sun.proxy.$Proxy23.shouldBe(Unknown Source)\r\n\tat pageclass.Workbench_LaunchEzApp.clickonSubmitNewBusinessWB(Workbench_LaunchEzApp.java:78)\r\n\tat stepdefinitions.Apex.click_on_Plus_icon_to_select_Environment_and_click_continue(Apex.java:122)\r\n\tat sun.reflect.NativeMethodAccessorImpl.invoke0(Native Method)\r\n\tat sun.reflect.NativeMethodAccessorImpl.invoke(NativeMethodAccessorImpl.java:62)\r\n\tat sun.reflect.DelegatingMethodAccessorImpl.invoke(DelegatingMethodAccessorImpl.java:43)\r\n\tat java.lang.reflect.Method.invoke(Method.java:498)\r\n\tat cucumber.runtime.Utils$1.call(Utils.java:40)\r\n\tat cucumber.runtime.Timeout.timeout(Timeout.java:16)\r\n\tat cucumber.runtime.Utils.invoke(Utils.java:34)\r\n\tat cucumber.runtime.java.JavaStepDefinition.execute(JavaStepDefinition.java:38)\r\n\tat cucumber.runtime.StepDefinitionMatch.runStep(StepDefinitionMatch.java:37)\r\n\tat cucumber.runtime.Runtime.runStep(Runtime.java:300)\r\n\tat cucumber.runtime.model.StepContainer.runStep(StepContainer.java:44)\r\n\tat cucumber.runtime.model.StepContainer.runSteps(StepContainer.java:39)\r\n\tat cucumber.runtime.model.CucumberScenario.run(CucumberScenario.java:44)\r\n\tat cucumber.runtime.junit.ExecutionUnitRunner.run(ExecutionUnitRunner.java:102)\r\n\tat org.junit.runners.Suite.runChild(Suite.java:128)\r\n\tat org.junit.runners.Suite.runChild(Suite.java:27)\r\n\tat org.junit.runners.ParentRunner$4.run(ParentRunner.java:331)\r\n\tat org.junit.runners.ParentRunner$1.schedule(ParentRunner.java:79)\r\n\tat org.junit.runners.ParentRunner.runChildren(ParentRunner.java:329)\r\n\tat org.junit.runners.ParentRunner.access$100(ParentRunner.java:66)\r\n\tat org.junit.runners.ParentRunner$2.evaluate(ParentRunner.java:293)\r\n\tat org.junit.runners.ParentRunner$3.evaluate(ParentRunner.java:306)\r\n\tat org.junit.runners.ParentRunner.run(ParentRunner.java:413)\r\n\tat cucumber.runtime.junit.ExamplesRunner.run(ExamplesRunner.java:59)\r\n\tat org.junit.runners.Suite.runChild(Suite.java:128)\r\n\tat org.junit.runners.Suite.runChild(Suite.java:27)\r\n\tat org.junit.runners.ParentRunner$4.run(ParentRunner.java:331)\r\n\tat org.junit.runners.ParentRunner$1.schedule(ParentRunner.java:79)\r\n\tat org.junit.runners.ParentRunner.runChildren(ParentRunner.java:329)\r\n\tat org.junit.runners.ParentRunner.access$100(ParentRunner.java:66)\r\n\tat org.junit.runners.ParentRunner$2.evaluate(ParentRunner.java:293)\r\n\tat org.junit.runners.ParentRunner$3.evaluate(ParentRunner.java:306)\r\n\tat org.junit.runners.ParentRunner.run(ParentRunner.java:413)\r\n\tat cucumber.runtime.junit.ScenarioOutlineRunner.run(ScenarioOutlineRunner.java:53)\r\n\tat cucumber.runtime.junit.FeatureRunner.runChild(FeatureRunner.java:63)\r\n\tat cucumber.runtime.junit.FeatureRunner.runChild(FeatureRunner.java:18)\r\n\tat org.junit.runners.ParentRunner$4.run(ParentRunner.java:331)\r\n\tat org.junit.runners.ParentRunner$1.schedule(ParentRunner.java:79)\r\n\tat org.junit.runners.ParentRunner.runChildren(ParentRunner.java:329)\r\n\tat org.junit.runners.ParentRunner.access$100(ParentRunner.java:66)\r\n\tat org.junit.runners.ParentRunner$2.evaluate(ParentRunner.java:293)\r\n\tat org.junit.runners.ParentRunner$3.evaluate(ParentRunner.java:306)\r\n\tat org.junit.runners.ParentRunner.run(ParentRunner.java:413)\r\n\tat cucumber.runtime.junit.FeatureRunner.run(FeatureRunner.java:70)\r\n\tat cucumber.api.junit.Cucumber.runChild(Cucumber.java:95)\r\n\tat cucumber.api.junit.Cucumber.runChild(Cucumber.java:38)\r\n\tat org.junit.runners.ParentRunner$4.run(ParentRunner.java:331)\r\n\tat org.junit.runners.ParentRunner$1.schedule(ParentRunner.java:79)\r\n\tat org.junit.runners.ParentRunner.runChildren(ParentRunner.java:329)\r\n\tat org.junit.runners.ParentRunner.access$100(ParentRunner.java:66)\r\n\tat org.junit.runners.ParentRunner$2.evaluate(ParentRunner.java:293)\r\n\tat org.junit.internal.runners.statements.RunBefores.evaluate(RunBefores.java:26)\r\n\tat org.junit.internal.runners.statements.RunAfters.evaluate(RunAfters.java:27)\r\n\tat org.junit.runners.ParentRunner$3.evaluate(ParentRunner.java:306)\r\n\tat org.junit.runners.ParentRunner.run(ParentRunner.java:413)\r\n\tat cucumber.api.junit.Cucumber.run(Cucumber.java:100)\r\n\tat org.eclipse.jdt.internal.junit4.runner.JUnit4TestReference.run(JUnit4TestReference.java:86)\r\n\tat org.eclipse.jdt.internal.junit.runner.TestExecution.run(TestExecution.java:38)\r\n\tat org.eclipse.jdt.internal.junit.runner.RemoteTestRunner.runTests(RemoteTestRunner.java:459)\r\n\tat org.eclipse.jdt.internal.junit.runner.RemoteTestRunner.runTests(RemoteTestRunner.java:678)\r\n\tat org.eclipse.jdt.internal.junit.runner.RemoteTestRunner.run(RemoteTestRunner.java:382)\r\n\tat org.eclipse.jdt.internal.junit.runner.RemoteTestRunner.main(RemoteTestRunner.java:192)\r\nCaused by: org.openqa.selenium.NoSuchWindowException: no such window: target window already closed\nfrom unknown error: web view not found\n  (Session info: MicrosoftEdge=120.0.2210.144)\nBuild info: version: '4.11.0', revision: '040bc5406b'\nSystem info: os.name: 'Windows 10', os.arch: 'amd64', os.version: '10.0', java.version: '1.8.0_131-1-redhat'\nDriver info: org.openqa.selenium.edge.EdgeDriver\nCommand: [063d45206f9bec8e0fe529c37767e023, findElement {using=xpath, value=//button[@class= 'newAppButtonAdmin' and @name= 'wbModalButton']}]\nCapabilities {acceptInsecureCerts: true, browserName: MicrosoftEdge, browserVersion: 120.0.2210.144, fedcm:accounts: true, ms:edgeOptions: {debuggerAddress: localhost:59383}, msedge: {msedgedriverVersion: 120.0.2210.144 (cbca972d598..., userDataDir: C:\\Users\\MMU7521\\AppData\\Lo...}, networkConnectionEnabled: false, pageLoadStrategy: normal, platformName: windows, proxy: Proxy(), se:cdp: ws://localhost:59383/devtoo..., se:cdpVersion: 120.0.2210.144, setWindowRect: true, strictFileInteractability: false, timeouts: {implicit: 0, pageLoad: 300000, script: 30000}, unhandledPromptBehavior: accept, webauthn:extension:credBlob: true, webauthn:extension:largeBlob: true, webauthn:extension:minPinLength: true, webauthn:extension:prf: true, webauthn:virtualAuthenticators: true}\nSession ID: 063d45206f9bec8e0fe529c37767e023\r\n\tat sun.reflect.GeneratedConstructorAccessor37.newInstance(Unknown Source)\r\n\tat sun.reflect.DelegatingConstructorAccessorImpl.newInstance(DelegatingConstructorAccessorImpl.java:45)\r\n\tat java.lang.reflect.Constructor.newInstance(Constructor.java:423)\r\n\tat org.openqa.selenium.remote.codec.w3c.W3CHttpResponseCodec.createException(W3CHttpResponseCodec.java:200)\r\n\tat org.openqa.selenium.remote.codec.w3c.W3CHttpResponseCodec.decode(W3CHttpResponseCodec.java:133)\r\n\tat org.openqa.selenium.remote.codec.w3c.W3CHttpResponseCodec.decode(W3CHttpResponseCodec.java:52)\r\n\tat org.openqa.selenium.remote.HttpCommandExecutor.execute(HttpCommandExecutor.java:191)\r\n\tat org.openqa.selenium.remote.service.DriverCommandExecutor.invokeExecute(DriverCommandExecutor.java:196)\r\n\tat org.openqa.selenium.remote.service.DriverCommandExecutor.execute(DriverCommandExecutor.java:171)\r\n\tat org.openqa.selenium.remote.RemoteWebDriver.execute(RemoteWebDriver.java:518)\r\n\tat org.openqa.selenium.remote.ElementLocation$ElementFinder$2.findElement(ElementLocation.java:165)\r\n\tat org.openqa.selenium.remote.ElementLocation.findElement(ElementLocation.java:59)\r\n\tat org.openqa.selenium.remote.RemoteWebDriver.findElement(RemoteWebDriver.java:355)\r\n\tat org.openqa.selenium.remote.RemoteWebDriver.findElement(RemoteWebDriver.java:349)\r\n\tat com.codeborne.selenide.impl.WebElementSelector.findElement(WebElementSelector.java:70)\r\n\tat com.codeborne.selenide.impl.WebElementSelector.findElement(WebElementSelector.java:44)\r\n\tat com.codeborne.selenide.impl.WebElementSelector.findElement(WebElementSelector.java:33)\r\n\tat com.codeborne.selenide.impl.ElementFinder.getWebElement(ElementFinder.java:122)\r\n\tat com.codeborne.selenide.impl.WebElementSource.checkConditionAndReturnElement(WebElementSource.java:116)\r\n\t... 71 more\r\n"},"stage":"finished","steps":[],"attachments":[],"parameters":[],"start":1705672186062,"stop":1705672306317}],"attachments":[],"parameters":[],"start":1705672184457,"stop":1705672306342},{"name":"When  EzApp is launched and user enters VUL Insured details state and UL product","status":"skipped","stage":"finished","steps":[],"attachments":[],"parameters":[],"start":1705672306350,"stop":1705672306357},{"name":"And  User Fills VUL LifeCase setup screen and NewYorkRegsixty when state is NY and click on Next","status":"skipped","stage":"finished","steps":[],"attachments":[],"parameters":[],"start":1705672306359,"stop":1705672306362},{"name":"And  User Fills VUL Primary Insured and Primary Insured Cont screen details and click on Next","status":"skipped","stage":"finished","steps":[],"attachments":[],"parameters":[],"start":1705672306363,"stop":1705672306365},{"name":"And  User Fills All VUL Personal History Information screen details and click on Next","status":"skipped","stage":"finished","steps":[],"attachments":[],"parameters":[],"start":1705672306365,"stop":1705672306367},{"name":"And  User Fills VUL Life Product Screen details and click on Next","status":"skipped","stage":"finished","steps":[],"attachments":[],"parameters":[],"start":1705672306368,"stop":1705672306369},{"name":"And  User Fills VUL Life Purpose of Insurance Screen details and click on Next","status":"skipped","stage":"finished","steps":[],"attachments":[],"parameters":[],"start":1705672306370,"stop":1705672306372},{"name":"And  User Fills VUL Life Owner and Life Owner cont screen details and click on Next","status":"skipped","stage":"finished","steps":[],"attachments":[],"parameters":[],"start":1705672306373,"stop":1705672306374},{"name":"And  User Fills EntityOwner and Trust Certification details Screen and click Next","status":"skipped","stage":"finished","steps":[],"attachments":[],"parameters":[],"start":1705672306375,"stop":1705672306377},{"name":"And  User Fills VUL Life Beneficiaries and Other Coverage screen details and click on Next","status":"skipped","stage":"finished","steps":[],"attachments":[],"parameters":[],"start":1705672306378,"stop":1705672306380},{"name":"And  User Fills VUL Life Payment Information and Certification screen details and click on Next","status":"skipped","stage":"finished","steps":[],"attachments":[],"parameters":[],"start":1705672306381,"stop":1705672306383},{"name":"And  User Fills VUL HIV consent screen details and click on Next","status":"skipped","stage":"finished","steps":[],"attachments":[],"parameters":[],"start":1705672306384,"stop":1705672306386},{"name":"And  User Fills VUL Life Producer Statement screen details and click on Next","status":"skipped","stage":"finished","steps":[],"attachments":[],"parameters":[],"start":1705672306387,"stop":1705672306388},{"name":"And  User Fills VUL Life Producer Compensation screen details and click on Next","status":"skipped","stage":"finished","steps":[],"attachments":[],"parameters":[],"start":1705672306390,"stop":1705672306391},{"name":"And  User Selects Additional Forms details and click Next","status":"skipped","stage":"finished","steps":[],"attachments":[],"parameters":[],"start":1705672306392,"stop":1705672306393},{"name":"And  User attaches VUL required docs in the Attachments Screen and click on Next","status":"skipped","stage":"finished","steps":[],"attachments":[],"parameters":[],"start":1705672306394,"stop":1705672306395},{"name":"Then  Lock the Policy and do Wet or E sign for VUL as Required","status":"skipped","stage":"finished","steps":[],"attachments":[],"parameters":[],"start":1705672306396,"stop":1705672306399}],"attachments":[],"parameters":[],"start":1705672130207,"stop":1705672306412,"uuid":"a37347ee-0517-4fae-a25a-25cd29a73bb6","historyId":"6cd4b9729ce6d00faffa6504eaef419","fullName":"Policy creation from EzAPP: Apex_2","labels":[{"name":"feature","value":"Policy creation from EzAPP"},{"name":"story","value":"Apex_2"},{"name":"tag","value":"Apex"},{"name":"tag","value":"All"},{"name":"host","value":"MMU7521P1"},{"name":"thread","value":"23616@MMU7521P1.main(1)"},{"name":"package","value":"Policy creation from EzAPP"},{"name":"suite","value":"Policy creation from EzAPP"},{"name":"testClass","value":"Apex_2"},{"name":"framework","value":"cucumberjvm"},{"name":"language","value":"java"}],"links":[]}