{"name":"Apex_2","status":"failed","statusDetails":{"known":false,"muted":false,"flaky":false,"message":"Element not found {By.xpath: //select[@name= 'newEZappChoice']}\r\nExpected: exist\r\nScreenshot: file:/C:/Users/MMU7521/OneDrive%20-%20MassMutual/Documents/Softwares/UmeshWork/NBU_EzApp/build/reports/tests/1705672566377.0.png\r\nPage source: file:/C:/Users/MMU7521/OneDrive%20-%20MassMutual/Documents/Softwares/UmeshWork/NBU_EzApp/build/reports/tests/1705672566377.0.html\r\nTimeout: 10 s.\r\nCaused by: NoSuchElementException: no such element: Unable to locate element: {\"method\":\"xpath\",\"selector\":\"//select[@name= 'newEZappChoice']\"}","trace":"Element not found {By.xpath: //select[@name= 'newEZappChoice']}\r\nExpected: exist\r\nScreenshot: file:/C:/Users/MMU7521/OneDrive%20-%20MassMutual/Documents/Softwares/UmeshWork/NBU_EzApp/build/reports/tests/1705672566377.0.png\r\nPage source: file:/C:/Users/MMU7521/OneDrive%20-%20MassMutual/Documents/Softwares/UmeshWork/NBU_EzApp/build/reports/tests/1705672566377.0.html\r\nTimeout: 10 s.\r\nCaused by: NoSuchElementException: no such element: Unable to locate element: {\"method\":\"xpath\",\"selector\":\"//select[@name= 'newEZappChoice']\"}\r\n\tat com.codeborne.selenide.impl.WebElementSource.createElementNotFoundError(WebElementSource.java:91)\r\n\tat com.codeborne.selenide.impl.ElementFinder.createElementNotFoundError(ElementFinder.java:142)\r\n\tat com.codeborne.selenide.impl.WebElementSource.handleError(WebElementSource.java:143)\r\n\tat com.codeborne.selenide.impl.WebElementSource.checkConditionAndReturnElement(WebElementSource.java:127)\r\n\tat com.codeborne.selenide.impl.WebElementSource.checkCondition(WebElementSource.java:104)\r\n\tat com.codeborne.selenide.commands.Should.execute(Should.java:30)\r\n\tat com.codeborne.selenide.commands.Should.execute(Should.java:14)\r\n\tat com.codeborne.selenide.commands.Commands.execute(Commands.java:163)\r\n\tat com.codeborne.selenide.impl.SelenideElementProxy.dispatchAndRetry(SelenideElementProxy.java:132)\r\n\tat com.codeborne.selenide.impl.SelenideElementProxy.invoke(SelenideElementProxy.java:84)\r\n\tat com.sun.proxy.$Proxy23.shouldBe(Unknown Source)\r\n\tat pageclass.Workbench_LaunchEzApp.clickonSubmitNewBusinessWB(Workbench_LaunchEzApp.java:81)\r\n\tat stepdefinitions.Apex.click_on_Plus_icon_to_select_Environment_and_click_continue(Apex.java:122)\r\n\tat âœ½.And click on Plus icon to select Environment and click continue(EzappProducts.feature:273)\r\nCaused by: org.openqa.selenium.NoSuchElementException: no such element: Unable to locate element: {\"method\":\"xpath\",\"selector\":\"//select[@name= 'newEZappChoice']\"}\n  (Session info: MicrosoftEdge=120.0.2210.144)\nFor documentation on this error, please visit: https://www.selenium.dev/documentation/webdriver/troubleshooting/errors#no-such-element-exception\nBuild info: version: '4.11.0', revision: '040bc5406b'\nSystem info: os.name: 'Windows 10', os.arch: 'amd64', os.version: '10.0', java.version: '1.8.0_131-1-redhat'\nDriver info: org.openqa.selenium.edge.EdgeDriver\nCommand: [b291fef3bce5aa9753efc3a52e0c06ff, findElement {using=xpath, value=//select[@name= 'newEZappChoice']}]\nCapabilities {acceptInsecureCerts: true, browserName: MicrosoftEdge, browserVersion: 120.0.2210.144, fedcm:accounts: true, ms:edgeOptions: {debuggerAddress: localhost:59740}, msedge: {msedgedriverVersion: 120.0.2210.144 (cbca972d598..., userDataDir: C:\\Users\\MMU7521\\AppData\\Lo...}, networkConnectionEnabled: false, pageLoadStrategy: normal, platformName: windows, proxy: Proxy(), se:cdp: ws://localhost:59740/devtoo..., se:cdpVersion: 120.0.2210.144, setWindowRect: true, strictFileInteractability: false, timeouts: {implicit: 0, pageLoad: 300000, script: 30000}, unhandledPromptBehavior: accept, webauthn:extension:credBlob: true, webauthn:extension:largeBlob: true, webauthn:extension:minPinLength: true, webauthn:extension:prf: true, webauthn:virtualAuthenticators: true}\nSession ID: b291fef3bce5aa9753efc3a52e0c06ff\r\n\tat sun.reflect.GeneratedConstructorAccessor12.newInstance(Unknown Source)\r\n\tat sun.reflect.DelegatingConstructorAccessorImpl.newInstance(DelegatingConstructorAccessorImpl.java:45)\r\n\tat java.lang.reflect.Constructor.newInstance(Constructor.java:423)\r\n\tat org.openqa.selenium.remote.codec.w3c.W3CHttpResponseCodec.createException(W3CHttpResponseCodec.java:200)\r\n\tat org.openqa.selenium.remote.codec.w3c.W3CHttpResponseCodec.decode(W3CHttpResponseCodec.java:133)\r\n\tat org.openqa.selenium.remote.codec.w3c.W3CHttpResponseCodec.decode(W3CHttpResponseCodec.java:52)\r\n\tat org.openqa.selenium.remote.HttpCommandExecutor.execute(HttpCommandExecutor.java:191)\r\n\tat org.openqa.selenium.remote.service.DriverCommandExecutor.invokeExecute(DriverCommandExecutor.java:196)\r\n\tat org.openqa.selenium.remote.service.DriverCommandExecutor.execute(DriverCommandExecutor.java:171)\r\n\tat org.openqa.selenium.remote.RemoteWebDriver.execute(RemoteWebDriver.java:518)\r\n\tat org.openqa.selenium.remote.ElementLocation$ElementFinder$2.findElement(ElementLocation.java:165)\r\n\tat org.openqa.selenium.remote.ElementLocation.findElement(ElementLocation.java:59)\r\n\tat org.openqa.selenium.remote.RemoteWebDriver.findElement(RemoteWebDriver.java:355)\r\n\tat org.openqa.selenium.remote.RemoteWebDriver.findElement(RemoteWebDriver.java:349)\r\n\tat com.codeborne.selenide.impl.WebElementSelector.findElement(WebElementSelector.java:70)\r\n\tat com.codeborne.selenide.impl.WebElementSelector.findElement(WebElementSelector.java:44)\r\n\tat com.codeborne.selenide.impl.WebElementSelector.findElement(WebElementSelector.java:33)\r\n\tat com.codeborne.selenide.impl.ElementFinder.getWebElement(ElementFinder.java:122)\r\n\tat com.codeborne.selenide.impl.WebElementSource.checkConditionAndReturnElement(WebElementSource.java:116)\r\n\tat com.codeborne.selenide.impl.WebElementSource.checkCondition(WebElementSource.java:104)\r\n\tat com.codeborne.selenide.commands.Should.execute(Should.java:30)\r\n\tat com.codeborne.selenide.commands.Should.execute(Should.java:14)\r\n\tat com.codeborne.selenide.commands.Commands.execute(Commands.java:163)\r\n\tat com.codeborne.selenide.impl.SelenideElementProxy.dispatchAndRetry(SelenideElementProxy.java:132)\r\n\tat com.codeborne.selenide.impl.SelenideElementProxy.invoke(SelenideElementProxy.java:84)\r\n\tat com.sun.proxy.$Proxy23.shouldBe(Unknown Source)\r\n\tat pageclass.Workbench_LaunchEzApp.clickonSubmitNewBusinessWB(Workbench_LaunchEzApp.java:81)\r\n\tat stepdefinitions.Apex.click_on_Plus_icon_to_select_Environment_and_click_continue(Apex.java:122)\r\n\tat sun.reflect.NativeMethodAccessorImpl.invoke0(Native Method)\r\n\tat sun.reflect.NativeMethodAccessorImpl.invoke(NativeMethodAccessorImpl.java:62)\r\n\tat sun.reflect.DelegatingMethodAccessorImpl.invoke(DelegatingMethodAccessorImpl.java:43)\r\n\tat java.lang.reflect.Method.invoke(Method.java:498)\r\n\tat cucumber.runtime.Utils$1.call(Utils.java:40)\r\n\tat cucumber.runtime.Timeout.timeout(Timeout.java:16)\r\n\tat cucumber.runtime.Utils.invoke(Utils.java:34)\r\n\tat cucumber.runtime.java.JavaStepDefinition.execute(JavaStepDefinition.java:38)\r\n\tat cucumber.runtime.StepDefinitionMatch.runStep(StepDefinitionMatch.java:37)\r\n\tat cucumber.runtime.Runtime.runStep(Runtime.java:300)\r\n\tat cucumber.runtime.model.StepContainer.runStep(StepContainer.java:44)\r\n\tat cucumber.runtime.model.StepContainer.runSteps(StepContainer.java:39)\r\n\tat cucumber.runtime.model.CucumberScenario.run(CucumberScenario.java:44)\r\n\tat cucumber.runtime.junit.ExecutionUnitRunner.run(ExecutionUnitRunner.java:102)\r\n\tat org.junit.runners.Suite.runChild(Suite.java:128)\r\n\tat org.junit.runners.Suite.runChild(Suite.java:27)\r\n\tat org.junit.runners.ParentRunner$4.run(ParentRunner.java:331)\r\n\tat org.junit.runners.ParentRunner$1.schedule(ParentRunner.java:79)\r\n\tat org.junit.runners.ParentRunner.runChildren(ParentRunner.java:329)\r\n\tat org.junit.runners.ParentRunner.access$100(ParentRunner.java:66)\r\n\tat org.junit.runners.ParentRunner$2.evaluate(ParentRunner.java:293)\r\n\tat org.junit.runners.ParentRunner$3.evaluate(ParentRunner.java:306)\r\n\tat org.junit.runners.ParentRunner.run(ParentRunner.java:413)\r\n\tat cucumber.runtime.junit.ExamplesRunner.run(ExamplesRunner.java:59)\r\n\tat org.junit.runners.Suite.runChild(Suite.java:128)\r\n\tat org.junit.runners.Suite.runChild(Suite.java:27)\r\n\tat org.junit.runners.ParentRunner$4.run(ParentRunner.java:331)\r\n\tat org.junit.runners.ParentRunner$1.schedule(ParentRunner.java:79)\r\n\tat org.junit.runners.ParentRunner.runChildren(ParentRunner.java:329)\r\n\tat org.junit.runners.ParentRunner.access$100(ParentRunner.java:66)\r\n\tat org.junit.runners.ParentRunner$2.evaluate(ParentRunner.java:293)\r\n\tat org.junit.runners.ParentRunner$3.evaluate(ParentRunner.java:306)\r\n\tat org.junit.runners.ParentRunner.run(ParentRunner.java:413)\r\n\tat cucumber.runtime.junit.ScenarioOutlineRunner.run(ScenarioOutlineRunner.java:53)\r\n\tat cucumber.runtime.junit.FeatureRunner.runChild(FeatureRunner.java:63)\r\n\tat cucumber.runtime.junit.FeatureRunner.runChild(FeatureRunner.java:18)\r\n\tat org.junit.runners.ParentRunner$4.run(ParentRunner.java:331)\r\n\tat org.junit.runners.ParentRunner$1.schedule(ParentRunner.java:79)\r\n\tat org.junit.runners.ParentRunner.runChildren(ParentRunner.java:329)\r\n\tat org.junit.runners.ParentRunner.access$100(ParentRunner.java:66)\r\n\tat org.junit.runners.ParentRunner$2.evaluate(ParentRunner.java:293)\r\n\tat org.junit.runners.ParentRunner$3.evaluate(ParentRunner.java:306)\r\n\tat org.junit.runners.ParentRunner.run(ParentRunner.java:413)\r\n\tat cucumber.runtime.junit.FeatureRunner.run(FeatureRunner.java:70)\r\n\tat cucumber.api.junit.Cucumber.runChild(Cucumber.java:95)\r\n\tat cucumber.api.junit.Cucumber.runChild(Cucumber.java:38)\r\n\tat org.junit.runners.ParentRunner$4.run(ParentRunner.java:331)\r\n\tat org.junit.runners.ParentRunner$1.schedule(ParentRunner.java:79)\r\n\tat org.junit.runners.ParentRunner.runChildren(ParentRunner.java:329)\r\n\tat org.junit.runners.ParentRunner.access$100(ParentRunner.java:66)\r\n\tat org.junit.runners.ParentRunner$2.evaluate(ParentRunner.java:293)\r\n\tat org.junit.internal.runners.statements.RunBefores.evaluate(RunBefores.java:26)\r\n\tat org.junit.internal.runners.statements.RunAfters.evaluate(RunAfters.java:27)\r\n\tat org.junit.runners.ParentRunner$3.evaluate(ParentRunner.java:306)\r\n\tat org.junit.runners.ParentRunner.run(ParentRunner.java:413)\r\n\tat cucumber.api.junit.Cucumber.run(Cucumber.java:100)\r\n\tat org.eclipse.jdt.internal.junit4.runner.JUnit4TestReference.run(JUnit4TestReference.java:86)\r\n\tat org.eclipse.jdt.internal.junit.runner.TestExecution.run(TestExecution.java:38)\r\n\tat org.eclipse.jdt.internal.junit.runner.RemoteTestRunner.runTests(RemoteTestRunner.java:459)\r\n\tat org.eclipse.jdt.internal.junit.runner.RemoteTestRunner.runTests(RemoteTestRunner.java:678)\r\n\tat org.eclipse.jdt.internal.junit.runner.RemoteTestRunner.run(RemoteTestRunner.java:382)\r\n\tat org.eclipse.jdt.internal.junit.runner.RemoteTestRunner.main(RemoteTestRunner.java:192)\r\n"},"stage":"finished","description":"I want to use this template for my feature file","steps":[{"name":"$(\"open\") https://massmutual.oktapreview.com/","status":"passed","stage":"finished","steps":[{"name":"$(\"webdriver\") create()","status":"passed","stage":"finished","steps":[],"attachments":[],"parameters":[],"start":1705672494529,"stop":1705672508702}],"attachments":[],"parameters":[],"start":1705672494526,"stop":1705672512805},{"name":"Given  Launch Fieldnet Dev application to Enter UserID and Password click Next 2","status":"passed","stage":"finished","steps":[{"name":"$(\"By.xpath: //h2[text()='Login']//following::input[1]\") should be([exist, 10 s.])","status":"passed","stage":"finished","steps":[],"attachments":[],"parameters":[],"start":1705672513469,"stop":1705672518291},{"name":"$(\"By.xpath: //h2[text()='Login']//following::input[1]\") set value(RB24193)","status":"passed","stage":"finished","steps":[],"attachments":[],"parameters":[],"start":1705672518294,"stop":1705672518520},{"name":"$(\"By.xpath: //input[@value = 'Next']\") click()","status":"passed","stage":"finished","steps":[],"attachments":[],"parameters":[],"start":1705672518520,"stop":1705672518631},{"name":"$(\"By.xpath: //h2[text()='Verify with your password']//following::input[1]\") should be([exist, 10 s.])","status":"passed","stage":"finished","steps":[],"attachments":[],"parameters":[],"start":1705672518631,"stop":1705672521225},{"name":"$(\"By.xpath: //h2[text()='Verify with your password']//following::input[1]\") set value(9wC9dztF)","status":"passed","stage":"finished","steps":[],"attachments":[],"parameters":[],"start":1705672521227,"stop":1705672521481},{"name":"$(\"By.xpath: //h2[text()='Verify with your password']//following::input[2]\") click()","status":"passed","stage":"finished","steps":[],"attachments":[],"parameters":[],"start":1705672521482,"stop":1705672521590},{"name":"$(\"By.xpath: //span[text()='FieldNet Dev']\") should be([exist, 40 s.])","status":"passed","stage":"finished","steps":[],"attachments":[],"parameters":[],"start":1705672521591,"stop":1705672525307},{"name":"$(\"By.xpath: //span[text()='FieldNet Dev']\") click()","status":"passed","stage":"finished","steps":[],"attachments":[],"parameters":[],"start":1705672525307,"stop":1705672525496},{"name":"$(\"window(index: 1)\") switch to()","status":"passed","stage":"finished","steps":[],"attachments":[],"parameters":[],"start":1705672525507,"stop":1705672525540}],"attachments":[],"parameters":[],"start":1705672512967,"stop":1705672525547},{"name":"And  click SubmitNewBusiness Menu and Enter ProducerID and click search","status":"passed","stage":"finished","steps":[{"name":"$(\"By.xpath: //a[text()='Submit New Business']\") should be([exist, 50 s.])","status":"passed","stage":"finished","steps":[],"attachments":[],"parameters":[],"start":1705672542572,"stop":1705672542644},{"name":"$(\"By.xpath: //a[text()='Submit New Business']\") click()","status":"passed","stage":"finished","steps":[],"attachments":[],"parameters":[],"start":1705672542644,"stop":1705672542802},{"name":"$(\"By.xpath: //a[@id='ez_a']\") should be([exist, 10 s.])","status":"passed","stage":"finished","steps":[],"attachments":[],"parameters":[],"start":1705672542802,"stop":1705672542851},{"name":"$(\"By.xpath: //a[@id='ez_a']\") click()","status":"passed","stage":"finished","steps":[],"attachments":[],"parameters":[],"start":1705672542851,"stop":1705672542998},{"name":"$(\"By.xpath: //*[@id='WorkBenchForm_ez_']/input[3]\") should be([exist, 10 s.])","status":"passed","stage":"finished","steps":[],"attachments":[],"parameters":[],"start":1705672542998,"stop":1705672543041},{"name":"$(\"By.xpath: //*[@id='WorkBenchForm_ez_']/input[3]\") click()","status":"passed","stage":"finished","steps":[],"attachments":[],"parameters":[],"start":1705672543041,"stop":1705672543181},{"name":"$(\"By.xpath: //*[@id='WorkBenchForm_ez_']/input[4]\") should be([exist, 10 s.])","status":"passed","stage":"finished","steps":[],"attachments":[],"parameters":[],"start":1705672543181,"stop":1705672543231},{"name":"$(\"By.xpath: //*[@id='WorkBenchForm_ez_']/input[4]\") set value(123317)","status":"passed","stage":"finished","steps":[],"attachments":[],"parameters":[],"start":1705672543231,"stop":1705672543463},{"name":"$(\"By.xpath: //form[@id= 'WorkBenchForm_ez_']/child::input[@id='submitButton']\") should be([exist, 10 s.])","status":"passed","stage":"finished","steps":[],"attachments":[],"parameters":[],"start":1705672543464,"stop":1705672543506},{"name":"$(\"By.xpath: //form[@id= 'WorkBenchForm_ez_']/child::input[@id='submitButton']\") click()","status":"passed","stage":"finished","steps":[],"attachments":[],"parameters":[],"start":1705672543507,"stop":1705672543635},{"name":"$(\"window(index: 2)\") switch to()","status":"passed","stage":"finished","steps":[],"attachments":[],"parameters":[],"start":1705672543636,"stop":1705672544304}],"attachments":[],"parameters":[],"start":1705672525551,"stop":1705672544306},{"name":"And  click on Plus icon to select Environment and click continue","status":"failed","stage":"finished","steps":[{"name":"$(\"By.xpath: //button[@class= 'newAppButtonAdmin' and @name= 'wbModalButton']\") should be([exist, 120 s.])","status":"passed","stage":"finished","steps":[],"attachments":[],"parameters":[],"start":1705672546341,"stop":1705672549089},{"name":"$(\"By.xpath: //button[@class= 'newAppButtonAdmin' and @name= 'wbModalButton']\") should be([exist, 90 s.])","status":"passed","stage":"finished","steps":[],"attachments":[],"parameters":[],"start":1705672556100,"stop":1705672556137},{"name":"$(\"By.xpath: //button[@class= 'newAppButtonAdmin' and @name= 'wbModalButton']\") click()","status":"passed","stage":"finished","steps":[],"attachments":[],"parameters":[],"start":1705672556137,"stop":1705672556262},{"name":"$(\"By.xpath: //select[@name= 'newEZappChoice']\") should be([exist, 10 s.])","status":"failed","statusDetails":{"known":false,"muted":false,"flaky":false,"message":"Element not found {By.xpath: //select[@name= 'newEZappChoice']}\r\nExpected: exist\r\nScreenshot: file:/C:/Users/MMU7521/OneDrive%20-%20MassMutual/Documents/Softwares/UmeshWork/NBU_EzApp/build/reports/tests/1705672566377.0.png\r\nPage source: file:/C:/Users/MMU7521/OneDrive%20-%20MassMutual/Documents/Softwares/UmeshWork/NBU_EzApp/build/reports/tests/1705672566377.0.html\r\nTimeout: 10 s.\r\nCaused by: NoSuchElementException: no such element: Unable to locate element: {\"method\":\"xpath\",\"selector\":\"//select[@name= 'newEZappChoice']\"}","trace":"Element not found {By.xpath: //select[@name= 'newEZappChoice']}\r\nExpected: exist\r\nScreenshot: file:/C:/Users/MMU7521/OneDrive%20-%20MassMutual/Documents/Softwares/UmeshWork/NBU_EzApp/build/reports/tests/1705672566377.0.png\r\nPage source: file:/C:/Users/MMU7521/OneDrive%20-%20MassMutual/Documents/Softwares/UmeshWork/NBU_EzApp/build/reports/tests/1705672566377.0.html\r\nTimeout: 10 s.\r\nCaused by: NoSuchElementException: no such element: Unable to locate element: {\"method\":\"xpath\",\"selector\":\"//select[@name= 'newEZappChoice']\"}\r\n\tat com.codeborne.selenide.impl.WebElementSource.createElementNotFoundError(WebElementSource.java:91)\r\n\tat com.codeborne.selenide.impl.ElementFinder.createElementNotFoundError(ElementFinder.java:142)\r\n\tat com.codeborne.selenide.impl.WebElementSource.handleError(WebElementSource.java:143)\r\n\tat com.codeborne.selenide.impl.WebElementSource.checkConditionAndReturnElement(WebElementSource.java:127)\r\n\tat com.codeborne.selenide.impl.WebElementSource.checkCondition(WebElementSource.java:104)\r\n\tat com.codeborne.selenide.commands.Should.execute(Should.java:30)\r\n\tat com.codeborne.selenide.commands.Should.execute(Should.java:14)\r\n\tat com.codeborne.selenide.commands.Commands.execute(Commands.java:163)\r\n\tat com.codeborne.selenide.impl.SelenideElementProxy.dispatchAndRetry(SelenideElementProxy.java:132)\r\n\tat com.codeborne.selenide.impl.SelenideElementProxy.invoke(SelenideElementProxy.java:84)\r\n\tat com.sun.proxy.$Proxy23.shouldBe(Unknown Source)\r\n\tat pageclass.Workbench_LaunchEzApp.clickonSubmitNewBusinessWB(Workbench_LaunchEzApp.java:81)\r\n\tat stepdefinitions.Apex.click_on_Plus_icon_to_select_Environment_and_click_continue(Apex.java:122)\r\n\tat sun.reflect.NativeMethodAccessorImpl.invoke0(Native Method)\r\n\tat sun.reflect.NativeMethodAccessorImpl.invoke(NativeMethodAccessorImpl.java:62)\r\n\tat sun.reflect.DelegatingMethodAccessorImpl.invoke(DelegatingMethodAccessorImpl.java:43)\r\n\tat java.lang.reflect.Method.invoke(Method.java:498)\r\n\tat cucumber.runtime.Utils$1.call(Utils.java:40)\r\n\tat cucumber.runtime.Timeout.timeout(Timeout.java:16)\r\n\tat cucumber.runtime.Utils.invoke(Utils.java:34)\r\n\tat cucumber.runtime.java.JavaStepDefinition.execute(JavaStepDefinition.java:38)\r\n\tat cucumber.runtime.StepDefinitionMatch.runStep(StepDefinitionMatch.java:37)\r\n\tat cucumber.runtime.Runtime.runStep(Runtime.java:300)\r\n\tat cucumber.runtime.model.StepContainer.runStep(StepContainer.java:44)\r\n\tat cucumber.runtime.model.StepContainer.runSteps(StepContainer.java:39)\r\n\tat cucumber.runtime.model.CucumberScenario.run(CucumberScenario.java:44)\r\n\tat cucumber.runtime.junit.ExecutionUnitRunner.run(ExecutionUnitRunner.java:102)\r\n\tat org.junit.runners.Suite.runChild(Suite.java:128)\r\n\tat org.junit.runners.Suite.runChild(Suite.java:27)\r\n\tat org.junit.runners.ParentRunner$4.run(ParentRunner.java:331)\r\n\tat org.junit.runners.ParentRunner$1.schedule(ParentRunner.java:79)\r\n\tat org.junit.runners.ParentRunner.runChildren(ParentRunner.java:329)\r\n\tat org.junit.runners.ParentRunner.access$100(ParentRunner.java:66)\r\n\tat org.junit.runners.ParentRunner$2.evaluate(ParentRunner.java:293)\r\n\tat org.junit.runners.ParentRunner$3.evaluate(ParentRunner.java:306)\r\n\tat org.junit.runners.ParentRunner.run(ParentRunner.java:413)\r\n\tat cucumber.runtime.junit.ExamplesRunner.run(ExamplesRunner.java:59)\r\n\tat org.junit.runners.Suite.runChild(Suite.java:128)\r\n\tat org.junit.runners.Suite.runChild(Suite.java:27)\r\n\tat org.junit.runners.ParentRunner$4.run(ParentRunner.java:331)\r\n\tat org.junit.runners.ParentRunner$1.schedule(ParentRunner.java:79)\r\n\tat org.junit.runners.ParentRunner.runChildren(ParentRunner.java:329)\r\n\tat org.junit.runners.ParentRunner.access$100(ParentRunner.java:66)\r\n\tat org.junit.runners.ParentRunner$2.evaluate(ParentRunner.java:293)\r\n\tat org.junit.runners.ParentRunner$3.evaluate(ParentRunner.java:306)\r\n\tat org.junit.runners.ParentRunner.run(ParentRunner.java:413)\r\n\tat cucumber.runtime.junit.ScenarioOutlineRunner.run(ScenarioOutlineRunner.java:53)\r\n\tat cucumber.runtime.junit.FeatureRunner.runChild(FeatureRunner.java:63)\r\n\tat cucumber.runtime.junit.FeatureRunner.runChild(FeatureRunner.java:18)\r\n\tat org.junit.runners.ParentRunner$4.run(ParentRunner.java:331)\r\n\tat org.junit.runners.ParentRunner$1.schedule(ParentRunner.java:79)\r\n\tat org.junit.runners.ParentRunner.runChildren(ParentRunner.java:329)\r\n\tat org.junit.runners.ParentRunner.access$100(ParentRunner.java:66)\r\n\tat org.junit.runners.ParentRunner$2.evaluate(ParentRunner.java:293)\r\n\tat org.junit.runners.ParentRunner$3.evaluate(ParentRunner.java:306)\r\n\tat org.junit.runners.ParentRunner.run(ParentRunner.java:413)\r\n\tat cucumber.runtime.junit.FeatureRunner.run(FeatureRunner.java:70)\r\n\tat cucumber.api.junit.Cucumber.runChild(Cucumber.java:95)\r\n\tat cucumber.api.junit.Cucumber.runChild(Cucumber.java:38)\r\n\tat org.junit.runners.ParentRunner$4.run(ParentRunner.java:331)\r\n\tat org.junit.runners.ParentRunner$1.schedule(ParentRunner.java:79)\r\n\tat org.junit.runners.ParentRunner.runChildren(ParentRunner.java:329)\r\n\tat org.junit.runners.ParentRunner.access$100(ParentRunner.java:66)\r\n\tat org.junit.runners.ParentRunner$2.evaluate(ParentRunner.java:293)\r\n\tat org.junit.internal.runners.statements.RunBefores.evaluate(RunBefores.java:26)\r\n\tat org.junit.internal.runners.statements.RunAfters.evaluate(RunAfters.java:27)\r\n\tat org.junit.runners.ParentRunner$3.evaluate(ParentRunner.java:306)\r\n\tat org.junit.runners.ParentRunner.run(ParentRunner.java:413)\r\n\tat cucumber.api.junit.Cucumber.run(Cucumber.java:100)\r\n\tat org.eclipse.jdt.internal.junit4.runner.JUnit4TestReference.run(JUnit4TestReference.java:86)\r\n\tat org.eclipse.jdt.internal.junit.runner.TestExecution.run(TestExecution.java:38)\r\n\tat org.eclipse.jdt.internal.junit.runner.RemoteTestRunner.runTests(RemoteTestRunner.java:459)\r\n\tat org.eclipse.jdt.internal.junit.runner.RemoteTestRunner.runTests(RemoteTestRunner.java:678)\r\n\tat org.eclipse.jdt.internal.junit.runner.RemoteTestRunner.run(RemoteTestRunner.java:382)\r\n\tat org.eclipse.jdt.internal.junit.runner.RemoteTestRunner.main(RemoteTestRunner.java:192)\r\nCaused by: org.openqa.selenium.NoSuchElementException: no such element: Unable to locate element: {\"method\":\"xpath\",\"selector\":\"//select[@name= 'newEZappChoice']\"}\n  (Session info: MicrosoftEdge=120.0.2210.144)\nFor documentation on this error, please visit: https://www.selenium.dev/documentation/webdriver/troubleshooting/errors#no-such-element-exception\nBuild info: version: '4.11.0', revision: '040bc5406b'\nSystem info: os.name: 'Windows 10', os.arch: 'amd64', os.version: '10.0', java.version: '1.8.0_131-1-redhat'\nDriver info: org.openqa.selenium.edge.EdgeDriver\nCommand: [b291fef3bce5aa9753efc3a52e0c06ff, findElement {using=xpath, value=//select[@name= 'newEZappChoice']}]\nCapabilities {acceptInsecureCerts: true, browserName: MicrosoftEdge, browserVersion: 120.0.2210.144, fedcm:accounts: true, ms:edgeOptions: {debuggerAddress: localhost:59740}, msedge: {msedgedriverVersion: 120.0.2210.144 (cbca972d598..., userDataDir: C:\\Users\\MMU7521\\AppData\\Lo...}, networkConnectionEnabled: false, pageLoadStrategy: normal, platformName: windows, proxy: Proxy(), se:cdp: ws://localhost:59740/devtoo..., se:cdpVersion: 120.0.2210.144, setWindowRect: true, strictFileInteractability: false, timeouts: {implicit: 0, pageLoad: 300000, script: 30000}, unhandledPromptBehavior: accept, webauthn:extension:credBlob: true, webauthn:extension:largeBlob: true, webauthn:extension:minPinLength: true, webauthn:extension:prf: true, webauthn:virtualAuthenticators: true}\nSession ID: b291fef3bce5aa9753efc3a52e0c06ff\r\n\tat sun.reflect.GeneratedConstructorAccessor12.newInstance(Unknown Source)\r\n\tat sun.reflect.DelegatingConstructorAccessorImpl.newInstance(DelegatingConstructorAccessorImpl.java:45)\r\n\tat java.lang.reflect.Constructor.newInstance(Constructor.java:423)\r\n\tat org.openqa.selenium.remote.codec.w3c.W3CHttpResponseCodec.createException(W3CHttpResponseCodec.java:200)\r\n\tat org.openqa.selenium.remote.codec.w3c.W3CHttpResponseCodec.decode(W3CHttpResponseCodec.java:133)\r\n\tat org.openqa.selenium.remote.codec.w3c.W3CHttpResponseCodec.decode(W3CHttpResponseCodec.java:52)\r\n\tat org.openqa.selenium.remote.HttpCommandExecutor.execute(HttpCommandExecutor.java:191)\r\n\tat org.openqa.selenium.remote.service.DriverCommandExecutor.invokeExecute(DriverCommandExecutor.java:196)\r\n\tat org.openqa.selenium.remote.service.DriverCommandExecutor.execute(DriverCommandExecutor.java:171)\r\n\tat org.openqa.selenium.remote.RemoteWebDriver.execute(RemoteWebDriver.java:518)\r\n\tat org.openqa.selenium.remote.ElementLocation$ElementFinder$2.findElement(ElementLocation.java:165)\r\n\tat org.openqa.selenium.remote.ElementLocation.findElement(ElementLocation.java:59)\r\n\tat org.openqa.selenium.remote.RemoteWebDriver.findElement(RemoteWebDriver.java:355)\r\n\tat org.openqa.selenium.remote.RemoteWebDriver.findElement(RemoteWebDriver.java:349)\r\n\tat com.codeborne.selenide.impl.WebElementSelector.findElement(WebElementSelector.java:70)\r\n\tat com.codeborne.selenide.impl.WebElementSelector.findElement(WebElementSelector.java:44)\r\n\tat com.codeborne.selenide.impl.WebElementSelector.findElement(WebElementSelector.java:33)\r\n\tat com.codeborne.selenide.impl.ElementFinder.getWebElement(ElementFinder.java:122)\r\n\tat com.codeborne.selenide.impl.WebElementSource.checkConditionAndReturnElement(WebElementSource.java:116)\r\n\t... 71 more\r\n"},"stage":"finished","steps":[],"attachments":[{"name":"Screenshot","source":"489314bf-28de-4bb2-9aac-1aa1b8d9e723-attachment.png","type":"image/png"},{"name":"Page source","source":"1c0a79af-c213-4f0b-8f1b-2588e8fce0dd-attachment.html","type":"text/html"}],"parameters":[],"start":1705672556262,"stop":1705672566748}],"attachments":[],"parameters":[],"start":1705672544309,"stop":1705672566777},{"name":"When  EzApp is launched and user enters VUL Insured details state and UL product","status":"skipped","stage":"finished","steps":[],"attachments":[],"parameters":[],"start":1705672566786,"stop":1705672566793},{"name":"And  User Fills VUL LifeCase setup screen and NewYorkRegsixty when state is NY and click on Next","status":"skipped","stage":"finished","steps":[],"attachments":[],"parameters":[],"start":1705672566795,"stop":1705672566797},{"name":"And  User Fills VUL Primary Insured and Primary Insured Cont screen details and click on Next","status":"skipped","stage":"finished","steps":[],"attachments":[],"parameters":[],"start":1705672566798,"stop":1705672566800},{"name":"And  User Fills All VUL Personal History Information screen details and click on Next","status":"skipped","stage":"finished","steps":[],"attachments":[],"parameters":[],"start":1705672566801,"stop":1705672566803},{"name":"And  User Fills VUL Life Product Screen details and click on Next","status":"skipped","stage":"finished","steps":[],"attachments":[],"parameters":[],"start":1705672566805,"stop":1705672566807},{"name":"And  User Fills VUL Life Purpose of Insurance Screen details and click on Next","status":"skipped","stage":"finished","steps":[],"attachments":[],"parameters":[],"start":1705672566808,"stop":1705672566809},{"name":"And  User Fills VUL Life Owner and Life Owner cont screen details and click on Next","status":"skipped","stage":"finished","steps":[],"attachments":[],"parameters":[],"start":1705672566811,"stop":1705672566813},{"name":"And  User Fills EntityOwner and Trust Certification details Screen and click Next","status":"skipped","stage":"finished","steps":[],"attachments":[],"parameters":[],"start":1705672566815,"stop":1705672566817},{"name":"And  User Fills VUL Life Beneficiaries and Other Coverage screen details and click on Next","status":"skipped","stage":"finished","steps":[],"attachments":[],"parameters":[],"start":1705672566818,"stop":1705672566820},{"name":"And  User Fills VUL Life Payment Information and Certification screen details and click on Next","status":"skipped","stage":"finished","steps":[],"attachments":[],"parameters":[],"start":1705672566821,"stop":1705672566823},{"name":"And  User Fills VUL HIV consent screen details and click on Next","status":"skipped","stage":"finished","steps":[],"attachments":[],"parameters":[],"start":1705672566825,"stop":1705672566827},{"name":"And  User Fills VUL Life Producer Statement screen details and click on Next","status":"skipped","stage":"finished","steps":[],"attachments":[],"parameters":[],"start":1705672566828,"stop":1705672566830},{"name":"And  User Fills VUL Life Producer Compensation screen details and click on Next","status":"skipped","stage":"finished","steps":[],"attachments":[],"parameters":[],"start":1705672566831,"stop":1705672566833},{"name":"And  User Selects Additional Forms details and click Next","status":"skipped","stage":"finished","steps":[],"attachments":[],"parameters":[],"start":1705672566834,"stop":1705672566836},{"name":"And  User attaches VUL required docs in the Attachments Screen and click on Next","status":"skipped","stage":"finished","steps":[],"attachments":[],"parameters":[],"start":1705672566837,"stop":1705672566840},{"name":"Then  Lock the Policy and do Wet or E sign for VUL as Required","status":"skipped","stage":"finished","steps":[],"attachments":[],"parameters":[],"start":1705672566841,"stop":1705672566843}],"attachments":[],"parameters":[],"start":1705672494491,"stop":1705672567093,"uuid":"dc1939d0-2e86-441e-917a-b41a6708ede4","historyId":"6cd4b9729ce6d00faffa6504eaef419","fullName":"Policy creation from EzAPP: Apex_2","labels":[{"name":"feature","value":"Policy creation from EzAPP"},{"name":"story","value":"Apex_2"},{"name":"tag","value":"Apex"},{"name":"tag","value":"All"},{"name":"host","value":"MMU7521P1"},{"name":"thread","value":"24388@MMU7521P1.main(1)"},{"name":"package","value":"Policy creation from EzAPP"},{"name":"suite","value":"Policy creation from EzAPP"},{"name":"testClass","value":"Apex_2"},{"name":"framework","value":"cucumberjvm"},{"name":"language","value":"java"}],"links":[]}