{"name":"Header Validation","status":"failed","statusDetails":{"known":false,"muted":false,"flaky":false,"message":"Element not found {By.xpath: //p[contains(text(),'Hi, Maier, Silviu!')]}\r\nExpected: exist\r\nScreenshot: file:/C:/Users/mmv3902/Desktop/workbenchlahari/build/reports/tests/1708324577883.0.png\r\nPage source: file:/C:/Users/mmv3902/Desktop/workbenchlahari/build/reports/tests/1708324577883.0.html\r\nTimeout: 10 s.\r\nCaused by: NoSuchElementException: no such element: Unable to locate element: {\"method\":\"xpath\",\"selector\":\"//p[contains(text(),'Hi, Maier, Silviu!')]\"}","trace":"Element not found {By.xpath: //p[contains(text(),'Hi, Maier, Silviu!')]}\r\nExpected: exist\r\nScreenshot: file:/C:/Users/mmv3902/Desktop/workbenchlahari/build/reports/tests/1708324577883.0.png\r\nPage source: file:/C:/Users/mmv3902/Desktop/workbenchlahari/build/reports/tests/1708324577883.0.html\r\nTimeout: 10 s.\r\nCaused by: NoSuchElementException: no such element: Unable to locate element: {\"method\":\"xpath\",\"selector\":\"//p[contains(text(),'Hi, Maier, Silviu!')]\"}\r\n\tat com.codeborne.selenide.impl.WebElementSource.createElementNotFoundError(WebElementSource.java:91)\r\n\tat com.codeborne.selenide.impl.ElementFinder.createElementNotFoundError(ElementFinder.java:142)\r\n\tat com.codeborne.selenide.impl.WebElementSource.handleError(WebElementSource.java:143)\r\n\tat com.codeborne.selenide.impl.WebElementSource.checkConditionAndReturnElement(WebElementSource.java:127)\r\n\tat com.codeborne.selenide.impl.WebElementSource.checkCondition(WebElementSource.java:104)\r\n\tat com.codeborne.selenide.commands.Should.execute(Should.java:30)\r\n\tat com.codeborne.selenide.commands.Should.execute(Should.java:14)\r\n\tat com.codeborne.selenide.commands.Commands.execute(Commands.java:163)\r\n\tat com.codeborne.selenide.impl.SelenideElementProxy.dispatchAndRetry(SelenideElementProxy.java:132)\r\n\tat com.codeborne.selenide.impl.SelenideElementProxy.invoke(SelenideElementProxy.java:84)\r\n\tat com.sun.proxy.$Proxy23.shouldBe(Unknown Source)\r\n\tat pageclass.UiValidationObjects.validateAllCasesHeader(UiValidationObjects.java:157)\r\n\tat stepdefinitions.UiValidationStepDefs.navigate_to_All_Cases_and_verify_header(UiValidationStepDefs.java:31)\r\n\tat âœ½.And navigate to All Cases and verify header(UiValidation.feature:13)\r\nCaused by: org.openqa.selenium.NoSuchElementException: no such element: Unable to locate element: {\"method\":\"xpath\",\"selector\":\"//p[contains(text(),'Hi, Maier, Silviu!')]\"}\n  (Session info: MicrosoftEdge=121.0.2277.112)\nFor documentation on this error, please visit: https://www.selenium.dev/documentation/webdriver/troubleshooting/errors#no-such-element-exception\nBuild info: version: '4.11.0', revision: '040bc5406b'\nSystem info: os.name: 'Windows 10', os.arch: 'amd64', os.version: '10.0', java.version: '1.8.0_131-1-redhat'\nDriver info: org.openqa.selenium.edge.EdgeDriver\nCommand: [deb0247193eb1a0b4b974b35c67dc097, findElement {using=xpath, value=//p[contains(text(),'Hi, Maier, Silviu!')]}]\nCapabilities {acceptInsecureCerts: true, browserName: MicrosoftEdge, browserVersion: 121.0.2277.112, fedcm:accounts: true, ms:edgeOptions: {debuggerAddress: localhost:52116}, msedge: {msedgedriverVersion: 121.0.2277.128 (33d347b6876..., userDataDir: C:\\Users\\mmv3902\\AppData\\Lo...}, networkConnectionEnabled: false, pageLoadStrategy: normal, platformName: windows, proxy: Proxy(), se:cdp: ws://localhost:52116/devtoo..., se:cdpVersion: 121.0.2277.112, setWindowRect: true, strictFileInteractability: false, timeouts: {implicit: 0, pageLoad: 300000, script: 30000}, unhandledPromptBehavior: accept, webauthn:extension:credBlob: true, webauthn:extension:largeBlob: true, webauthn:extension:minPinLength: true, webauthn:extension:prf: true, webauthn:virtualAuthenticators: true}\nSession ID: deb0247193eb1a0b4b974b35c67dc097\r\n\tat sun.reflect.GeneratedConstructorAccessor17.newInstance(Unknown Source)\r\n\tat sun.reflect.DelegatingConstructorAccessorImpl.newInstance(DelegatingConstructorAccessorImpl.java:45)\r\n\tat java.lang.reflect.Constructor.newInstance(Constructor.java:423)\r\n\tat org.openqa.selenium.remote.codec.w3c.W3CHttpResponseCodec.createException(W3CHttpResponseCodec.java:200)\r\n\tat org.openqa.selenium.remote.codec.w3c.W3CHttpResponseCodec.decode(W3CHttpResponseCodec.java:133)\r\n\tat org.openqa.selenium.remote.codec.w3c.W3CHttpResponseCodec.decode(W3CHttpResponseCodec.java:52)\r\n\tat org.openqa.selenium.remote.HttpCommandExecutor.execute(HttpCommandExecutor.java:191)\r\n\tat org.openqa.selenium.remote.service.DriverCommandExecutor.invokeExecute(DriverCommandExecutor.java:196)\r\n\tat org.openqa.selenium.remote.service.DriverCommandExecutor.execute(DriverCommandExecutor.java:171)\r\n\tat org.openqa.selenium.remote.RemoteWebDriver.execute(RemoteWebDriver.java:518)\r\n\tat org.openqa.selenium.remote.ElementLocation$ElementFinder$2.findElement(ElementLocation.java:165)\r\n\tat org.openqa.selenium.remote.ElementLocation.findElement(ElementLocation.java:59)\r\n\tat org.openqa.selenium.remote.RemoteWebDriver.findElement(RemoteWebDriver.java:355)\r\n\tat org.openqa.selenium.remote.RemoteWebDriver.findElement(RemoteWebDriver.java:349)\r\n\tat com.codeborne.selenide.impl.WebElementSelector.findElement(WebElementSelector.java:70)\r\n\tat com.codeborne.selenide.impl.WebElementSelector.findElement(WebElementSelector.java:44)\r\n\tat com.codeborne.selenide.impl.WebElementSelector.findElement(WebElementSelector.java:33)\r\n\tat com.codeborne.selenide.impl.ElementFinder.getWebElement(ElementFinder.java:122)\r\n\tat com.codeborne.selenide.impl.WebElementSource.checkConditionAndReturnElement(WebElementSource.java:116)\r\n\tat com.codeborne.selenide.impl.WebElementSource.checkCondition(WebElementSource.java:104)\r\n\tat com.codeborne.selenide.commands.Should.execute(Should.java:30)\r\n\tat com.codeborne.selenide.commands.Should.execute(Should.java:14)\r\n\tat com.codeborne.selenide.commands.Commands.execute(Commands.java:163)\r\n\tat com.codeborne.selenide.impl.SelenideElementProxy.dispatchAndRetry(SelenideElementProxy.java:132)\r\n\tat com.codeborne.selenide.impl.SelenideElementProxy.invoke(SelenideElementProxy.java:84)\r\n\tat com.sun.proxy.$Proxy23.shouldBe(Unknown Source)\r\n\tat pageclass.UiValidationObjects.validateAllCasesHeader(UiValidationObjects.java:157)\r\n\tat stepdefinitions.UiValidationStepDefs.navigate_to_All_Cases_and_verify_header(UiValidationStepDefs.java:31)\r\n\tat sun.reflect.NativeMethodAccessorImpl.invoke0(Native Method)\r\n\tat sun.reflect.NativeMethodAccessorImpl.invoke(NativeMethodAccessorImpl.java:62)\r\n\tat sun.reflect.DelegatingMethodAccessorImpl.invoke(DelegatingMethodAccessorImpl.java:43)\r\n\tat java.lang.reflect.Method.invoke(Method.java:498)\r\n\tat cucumber.runtime.Utils$1.call(Utils.java:40)\r\n\tat cucumber.runtime.Timeout.timeout(Timeout.java:16)\r\n\tat cucumber.runtime.Utils.invoke(Utils.java:34)\r\n\tat cucumber.runtime.java.JavaStepDefinition.execute(JavaStepDefinition.java:38)\r\n\tat cucumber.runtime.StepDefinitionMatch.runStep(StepDefinitionMatch.java:37)\r\n\tat cucumber.runtime.Runtime.runStep(Runtime.java:300)\r\n\tat cucumber.runtime.model.StepContainer.runStep(StepContainer.java:44)\r\n\tat cucumber.runtime.model.StepContainer.runSteps(StepContainer.java:39)\r\n\tat cucumber.runtime.model.CucumberScenario.run(CucumberScenario.java:44)\r\n\tat cucumber.runtime.junit.ExecutionUnitRunner.run(ExecutionUnitRunner.java:102)\r\n\tat org.junit.runners.Suite.runChild(Suite.java:128)\r\n\tat org.junit.runners.Suite.runChild(Suite.java:27)\r\n\tat org.junit.runners.ParentRunner$4.run(ParentRunner.java:331)\r\n\tat org.junit.runners.ParentRunner$1.schedule(ParentRunner.java:79)\r\n\tat org.junit.runners.ParentRunner.runChildren(ParentRunner.java:329)\r\n\tat org.junit.runners.ParentRunner.access$100(ParentRunner.java:66)\r\n\tat org.junit.runners.ParentRunner$2.evaluate(ParentRunner.java:293)\r\n\tat org.junit.runners.ParentRunner$3.evaluate(ParentRunner.java:306)\r\n\tat org.junit.runners.ParentRunner.run(ParentRunner.java:413)\r\n\tat cucumber.runtime.junit.ExamplesRunner.run(ExamplesRunner.java:59)\r\n\tat org.junit.runners.Suite.runChild(Suite.java:128)\r\n\tat org.junit.runners.Suite.runChild(Suite.java:27)\r\n\tat org.junit.runners.ParentRunner$4.run(ParentRunner.java:331)\r\n\tat org.junit.runners.ParentRunner$1.schedule(ParentRunner.java:79)\r\n\tat org.junit.runners.ParentRunner.runChildren(ParentRunner.java:329)\r\n\tat org.junit.runners.ParentRunner.access$100(ParentRunner.java:66)\r\n\tat org.junit.runners.ParentRunner$2.evaluate(ParentRunner.java:293)\r\n\tat org.junit.runners.ParentRunner$3.evaluate(ParentRunner.java:306)\r\n\tat org.junit.runners.ParentRunner.run(ParentRunner.java:413)\r\n\tat cucumber.runtime.junit.ScenarioOutlineRunner.run(ScenarioOutlineRunner.java:53)\r\n\tat cucumber.runtime.junit.FeatureRunner.runChild(FeatureRunner.java:63)\r\n\tat cucumber.runtime.junit.FeatureRunner.runChild(FeatureRunner.java:18)\r\n\tat org.junit.runners.ParentRunner$4.run(ParentRunner.java:331)\r\n\tat org.junit.runners.ParentRunner$1.schedule(ParentRunner.java:79)\r\n\tat org.junit.runners.ParentRunner.runChildren(ParentRunner.java:329)\r\n\tat org.junit.runners.ParentRunner.access$100(ParentRunner.java:66)\r\n\tat org.junit.runners.ParentRunner$2.evaluate(ParentRunner.java:293)\r\n\tat org.junit.runners.ParentRunner$3.evaluate(ParentRunner.java:306)\r\n\tat org.junit.runners.ParentRunner.run(ParentRunner.java:413)\r\n\tat cucumber.runtime.junit.FeatureRunner.run(FeatureRunner.java:70)\r\n\tat cucumber.api.junit.Cucumber.runChild(Cucumber.java:95)\r\n\tat cucumber.api.junit.Cucumber.runChild(Cucumber.java:38)\r\n\tat org.junit.runners.ParentRunner$4.run(ParentRunner.java:331)\r\n\tat org.junit.runners.ParentRunner$1.schedule(ParentRunner.java:79)\r\n\tat org.junit.runners.ParentRunner.runChildren(ParentRunner.java:329)\r\n\tat org.junit.runners.ParentRunner.access$100(ParentRunner.java:66)\r\n\tat org.junit.runners.ParentRunner$2.evaluate(ParentRunner.java:293)\r\n\tat org.junit.internal.runners.statements.RunBefores.evaluate(RunBefores.java:26)\r\n\tat org.junit.internal.runners.statements.RunAfters.evaluate(RunAfters.java:27)\r\n\tat org.junit.runners.ParentRunner$3.evaluate(ParentRunner.java:306)\r\n\tat org.junit.runners.ParentRunner.run(ParentRunner.java:413)\r\n\tat cucumber.api.junit.Cucumber.run(Cucumber.java:100)\r\n\tat org.eclipse.jdt.internal.junit4.runner.JUnit4TestReference.run(JUnit4TestReference.java:93)\r\n\tat org.eclipse.jdt.internal.junit.runner.TestExecution.run(TestExecution.java:40)\r\n\tat org.eclipse.jdt.internal.junit.runner.RemoteTestRunner.runTests(RemoteTestRunner.java:529)\r\n\tat org.eclipse.jdt.internal.junit.runner.RemoteTestRunner.runTests(RemoteTestRunner.java:756)\r\n\tat org.eclipse.jdt.internal.junit.runner.RemoteTestRunner.run(RemoteTestRunner.java:452)\r\n\tat org.eclipse.jdt.internal.junit.runner.RemoteTestRunner.main(RemoteTestRunner.java:210)\r\n"},"stage":"finished","steps":[{"name":"$(\"open\") https://www-dev.massmutual.com/workbench/","status":"passed","stage":"finished","steps":[{"name":"$(\"webdriver\") create()","status":"passed","stage":"finished","steps":[],"attachments":[],"parameters":[],"start":1708324525490,"stop":1708324544810}],"attachments":[],"parameters":[],"start":1708324525488,"stop":1708324551917},{"name":"Given  Login into Workbench","status":"passed","stage":"finished","steps":[{"name":"$(\"By.xpath: //h2[text()='Login']//following::input[1]\") should be([exist, 10 s.])","status":"passed","stage":"finished","steps":[],"attachments":[],"parameters":[],"start":1708324552331,"stop":1708324552437},{"name":"$(\"By.xpath: //h2[text()='Login']//following::input[1]\") set value(ot36701)","status":"passed","stage":"finished","steps":[],"attachments":[],"parameters":[],"start":1708324552437,"stop":1708324552564},{"name":"$(\"By.xpath: //input[@value = 'Next']\") click()","status":"passed","stage":"finished","steps":[],"attachments":[],"parameters":[],"start":1708324552564,"stop":1708324552636}],"attachments":[],"parameters":[],"start":1708324552078,"stop":1708324552638},{"name":"And  enter Password and launch Workbench","status":"passed","stage":"finished","steps":[{"name":"$(\"By.xpath: //h2[text()='Verify with your password']//following::input[1]\") should be([exist, 10 s.])","status":"passed","stage":"finished","steps":[],"attachments":[],"parameters":[],"start":1708324552644,"stop":1708324554523},{"name":"$(\"By.xpath: //h2[text()='Verify with your password']//following::input[1]\") set value(6p>K5IwkL225)","status":"passed","stage":"finished","steps":[],"attachments":[],"parameters":[],"start":1708324554523,"stop":1708324554734},{"name":"$(\"By.xpath: //h2[text()='Verify with your password']//following::input[2]\") click()","status":"passed","stage":"finished","steps":[],"attachments":[],"parameters":[],"start":1708324554734,"stop":1708324554822}],"attachments":[],"parameters":[],"start":1708324552638,"stop":1708324554822},{"name":"Then  validate workbench launch","status":"passed","stage":"finished","steps":[{"name":"$(\"By.xpath: //*[@aria-label='MassMutual logo']\") should be([exist, 10 s.])","status":"passed","stage":"finished","steps":[],"attachments":[],"parameters":[],"start":1708324554836,"stop":1708324567473},{"name":"$(\"By.xpath: //a[contains(text(),'All Cases')]\") should be([exist, 10 s.])","status":"passed","stage":"finished","steps":[],"attachments":[],"parameters":[],"start":1708324567473,"stop":1708324567489}],"attachments":[],"parameters":[],"start":1708324554822,"stop":1708324567489},{"name":"And  validate header elements visibility","status":"passed","stage":"finished","steps":[{"name":"$(\"By.xpath: //*[@aria-label='MassMutual logo']\") should be([exist, 10 s.])","status":"passed","stage":"finished","steps":[],"attachments":[],"parameters":[],"start":1708324567489,"stop":1708324567506},{"name":"$(\"By.xpath: //a[contains(text(),'All Cases')]\") should be([exist, 10 s.])","status":"passed","stage":"finished","steps":[],"attachments":[],"parameters":[],"start":1708324567506,"stop":1708324567526},{"name":"$(\"By.xpath: //a[contains(text(),'Workbasket')]\") should be([exist, 10 s.])","status":"passed","stage":"finished","steps":[],"attachments":[],"parameters":[],"start":1708324567526,"stop":1708324567544},{"name":"$(\"By.xpath: //a[contains(text(),'Pending')]\") should be([exist, 10 s.])","status":"passed","stage":"finished","steps":[],"attachments":[],"parameters":[],"start":1708324567544,"stop":1708324567573},{"name":"$(\"By.xpath: //a[contains(text(),'Issued & Reported')]\") should be([exist, 10 s.])","status":"passed","stage":"finished","steps":[],"attachments":[],"parameters":[],"start":1708324567573,"stop":1708324567590},{"name":"$(\"By.xpath: //a[contains(text(),'Inactive')]\") should be([exist, 10 s.])","status":"passed","stage":"finished","steps":[],"attachments":[],"parameters":[],"start":1708324567590,"stop":1708324567607},{"name":"$(\"By.xpath: //a[contains(text(),'Help')]\") should be([exist, 10 s.])","status":"passed","stage":"finished","steps":[],"attachments":[],"parameters":[],"start":1708324567607,"stop":1708324567626}],"attachments":[],"parameters":[],"start":1708324567489,"stop":1708324567626},{"name":"And  scroll down the page to verify header","status":"passed","stage":"finished","steps":[{"name":"$(\"By.xpath: //*[@aria-label='MassMutual logo']\") should be([exist, 10 s.])","status":"passed","stage":"finished","steps":[],"attachments":[],"parameters":[],"start":1708324567640,"stop":1708324567657},{"name":"$(\"By.xpath: //a[contains(text(),'All Cases')]\") should be([exist, 10 s.])","status":"passed","stage":"finished","steps":[],"attachments":[],"parameters":[],"start":1708324567657,"stop":1708324567674},{"name":"$(\"By.xpath: //a[contains(text(),'Workbasket')]\") should be([exist, 10 s.])","status":"passed","stage":"finished","steps":[],"attachments":[],"parameters":[],"start":1708324567674,"stop":1708324567691},{"name":"$(\"By.xpath: //a[contains(text(),'Pending')]\") should be([exist, 10 s.])","status":"passed","stage":"finished","steps":[],"attachments":[],"parameters":[],"start":1708324567691,"stop":1708324567708},{"name":"$(\"By.xpath: //a[contains(text(),'Issued & Reported')]\") should be([exist, 10 s.])","status":"passed","stage":"finished","steps":[],"attachments":[],"parameters":[],"start":1708324567708,"stop":1708324567727},{"name":"$(\"By.xpath: //a[contains(text(),'Inactive')]\") should be([exist, 10 s.])","status":"passed","stage":"finished","steps":[],"attachments":[],"parameters":[],"start":1708324567727,"stop":1708324567742},{"name":"$(\"By.xpath: //a[contains(text(),'Help')]\") should be([exist, 10 s.])","status":"passed","stage":"finished","steps":[],"attachments":[],"parameters":[],"start":1708324567742,"stop":1708324567757}],"attachments":[],"parameters":[],"start":1708324567626,"stop":1708324567757},{"name":"And  navigate to All Cases and verify header","status":"failed","stage":"finished","steps":[{"name":"$(\"By.xpath: //a[contains(text(),'All Cases')]\") should be([exist, 10 s.])","status":"passed","stage":"finished","steps":[],"attachments":[],"parameters":[],"start":1708324567757,"stop":1708324567774},{"name":"$(\"By.xpath: //a[contains(text(),'All Cases')]\") click()","status":"passed","stage":"finished","steps":[],"attachments":[],"parameters":[],"start":1708324567774,"stop":1708324567843},{"name":"$(\"By.xpath: //p[contains(text(),'Hi, Maier, Silviu!')]\") should be([exist, 10 s.])","status":"failed","statusDetails":{"known":false,"muted":false,"flaky":false,"message":"Element not found {By.xpath: //p[contains(text(),'Hi, Maier, Silviu!')]}\r\nExpected: exist\r\nScreenshot: file:/C:/Users/mmv3902/Desktop/workbenchlahari/build/reports/tests/1708324577883.0.png\r\nPage source: file:/C:/Users/mmv3902/Desktop/workbenchlahari/build/reports/tests/1708324577883.0.html\r\nTimeout: 10 s.\r\nCaused by: NoSuchElementException: no such element: Unable to locate element: {\"method\":\"xpath\",\"selector\":\"//p[contains(text(),'Hi, Maier, Silviu!')]\"}","trace":"Element not found {By.xpath: //p[contains(text(),'Hi, Maier, Silviu!')]}\r\nExpected: exist\r\nScreenshot: file:/C:/Users/mmv3902/Desktop/workbenchlahari/build/reports/tests/1708324577883.0.png\r\nPage source: file:/C:/Users/mmv3902/Desktop/workbenchlahari/build/reports/tests/1708324577883.0.html\r\nTimeout: 10 s.\r\nCaused by: NoSuchElementException: no such element: Unable to locate element: {\"method\":\"xpath\",\"selector\":\"//p[contains(text(),'Hi, Maier, Silviu!')]\"}\r\n\tat com.codeborne.selenide.impl.WebElementSource.createElementNotFoundError(WebElementSource.java:91)\r\n\tat com.codeborne.selenide.impl.ElementFinder.createElementNotFoundError(ElementFinder.java:142)\r\n\tat com.codeborne.selenide.impl.WebElementSource.handleError(WebElementSource.java:143)\r\n\tat com.codeborne.selenide.impl.WebElementSource.checkConditionAndReturnElement(WebElementSource.java:127)\r\n\tat com.codeborne.selenide.impl.WebElementSource.checkCondition(WebElementSource.java:104)\r\n\tat com.codeborne.selenide.commands.Should.execute(Should.java:30)\r\n\tat com.codeborne.selenide.commands.Should.execute(Should.java:14)\r\n\tat com.codeborne.selenide.commands.Commands.execute(Commands.java:163)\r\n\tat com.codeborne.selenide.impl.SelenideElementProxy.dispatchAndRetry(SelenideElementProxy.java:132)\r\n\tat com.codeborne.selenide.impl.SelenideElementProxy.invoke(SelenideElementProxy.java:84)\r\n\tat com.sun.proxy.$Proxy23.shouldBe(Unknown Source)\r\n\tat pageclass.UiValidationObjects.validateAllCasesHeader(UiValidationObjects.java:157)\r\n\tat stepdefinitions.UiValidationStepDefs.navigate_to_All_Cases_and_verify_header(UiValidationStepDefs.java:31)\r\n\tat sun.reflect.NativeMethodAccessorImpl.invoke0(Native Method)\r\n\tat sun.reflect.NativeMethodAccessorImpl.invoke(NativeMethodAccessorImpl.java:62)\r\n\tat sun.reflect.DelegatingMethodAccessorImpl.invoke(DelegatingMethodAccessorImpl.java:43)\r\n\tat java.lang.reflect.Method.invoke(Method.java:498)\r\n\tat cucumber.runtime.Utils$1.call(Utils.java:40)\r\n\tat cucumber.runtime.Timeout.timeout(Timeout.java:16)\r\n\tat cucumber.runtime.Utils.invoke(Utils.java:34)\r\n\tat cucumber.runtime.java.JavaStepDefinition.execute(JavaStepDefinition.java:38)\r\n\tat cucumber.runtime.StepDefinitionMatch.runStep(StepDefinitionMatch.java:37)\r\n\tat cucumber.runtime.Runtime.runStep(Runtime.java:300)\r\n\tat cucumber.runtime.model.StepContainer.runStep(StepContainer.java:44)\r\n\tat cucumber.runtime.model.StepContainer.runSteps(StepContainer.java:39)\r\n\tat cucumber.runtime.model.CucumberScenario.run(CucumberScenario.java:44)\r\n\tat cucumber.runtime.junit.ExecutionUnitRunner.run(ExecutionUnitRunner.java:102)\r\n\tat org.junit.runners.Suite.runChild(Suite.java:128)\r\n\tat org.junit.runners.Suite.runChild(Suite.java:27)\r\n\tat org.junit.runners.ParentRunner$4.run(ParentRunner.java:331)\r\n\tat org.junit.runners.ParentRunner$1.schedule(ParentRunner.java:79)\r\n\tat org.junit.runners.ParentRunner.runChildren(ParentRunner.java:329)\r\n\tat org.junit.runners.ParentRunner.access$100(ParentRunner.java:66)\r\n\tat org.junit.runners.ParentRunner$2.evaluate(ParentRunner.java:293)\r\n\tat org.junit.runners.ParentRunner$3.evaluate(ParentRunner.java:306)\r\n\tat org.junit.runners.ParentRunner.run(ParentRunner.java:413)\r\n\tat cucumber.runtime.junit.ExamplesRunner.run(ExamplesRunner.java:59)\r\n\tat org.junit.runners.Suite.runChild(Suite.java:128)\r\n\tat org.junit.runners.Suite.runChild(Suite.java:27)\r\n\tat org.junit.runners.ParentRunner$4.run(ParentRunner.java:331)\r\n\tat org.junit.runners.ParentRunner$1.schedule(ParentRunner.java:79)\r\n\tat org.junit.runners.ParentRunner.runChildren(ParentRunner.java:329)\r\n\tat org.junit.runners.ParentRunner.access$100(ParentRunner.java:66)\r\n\tat org.junit.runners.ParentRunner$2.evaluate(ParentRunner.java:293)\r\n\tat org.junit.runners.ParentRunner$3.evaluate(ParentRunner.java:306)\r\n\tat org.junit.runners.ParentRunner.run(ParentRunner.java:413)\r\n\tat cucumber.runtime.junit.ScenarioOutlineRunner.run(ScenarioOutlineRunner.java:53)\r\n\tat cucumber.runtime.junit.FeatureRunner.runChild(FeatureRunner.java:63)\r\n\tat cucumber.runtime.junit.FeatureRunner.runChild(FeatureRunner.java:18)\r\n\tat org.junit.runners.ParentRunner$4.run(ParentRunner.java:331)\r\n\tat org.junit.runners.ParentRunner$1.schedule(ParentRunner.java:79)\r\n\tat org.junit.runners.ParentRunner.runChildren(ParentRunner.java:329)\r\n\tat org.junit.runners.ParentRunner.access$100(ParentRunner.java:66)\r\n\tat org.junit.runners.ParentRunner$2.evaluate(ParentRunner.java:293)\r\n\tat org.junit.runners.ParentRunner$3.evaluate(ParentRunner.java:306)\r\n\tat org.junit.runners.ParentRunner.run(ParentRunner.java:413)\r\n\tat cucumber.runtime.junit.FeatureRunner.run(FeatureRunner.java:70)\r\n\tat cucumber.api.junit.Cucumber.runChild(Cucumber.java:95)\r\n\tat cucumber.api.junit.Cucumber.runChild(Cucumber.java:38)\r\n\tat org.junit.runners.ParentRunner$4.run(ParentRunner.java:331)\r\n\tat org.junit.runners.ParentRunner$1.schedule(ParentRunner.java:79)\r\n\tat org.junit.runners.ParentRunner.runChildren(ParentRunner.java:329)\r\n\tat org.junit.runners.ParentRunner.access$100(ParentRunner.java:66)\r\n\tat org.junit.runners.ParentRunner$2.evaluate(ParentRunner.java:293)\r\n\tat org.junit.internal.runners.statements.RunBefores.evaluate(RunBefores.java:26)\r\n\tat org.junit.internal.runners.statements.RunAfters.evaluate(RunAfters.java:27)\r\n\tat org.junit.runners.ParentRunner$3.evaluate(ParentRunner.java:306)\r\n\tat org.junit.runners.ParentRunner.run(ParentRunner.java:413)\r\n\tat cucumber.api.junit.Cucumber.run(Cucumber.java:100)\r\n\tat org.eclipse.jdt.internal.junit4.runner.JUnit4TestReference.run(JUnit4TestReference.java:93)\r\n\tat org.eclipse.jdt.internal.junit.runner.TestExecution.run(TestExecution.java:40)\r\n\tat org.eclipse.jdt.internal.junit.runner.RemoteTestRunner.runTests(RemoteTestRunner.java:529)\r\n\tat org.eclipse.jdt.internal.junit.runner.RemoteTestRunner.runTests(RemoteTestRunner.java:756)\r\n\tat org.eclipse.jdt.internal.junit.runner.RemoteTestRunner.run(RemoteTestRunner.java:452)\r\n\tat org.eclipse.jdt.internal.junit.runner.RemoteTestRunner.main(RemoteTestRunner.java:210)\r\nCaused by: org.openqa.selenium.NoSuchElementException: no such element: Unable to locate element: {\"method\":\"xpath\",\"selector\":\"//p[contains(text(),'Hi, Maier, Silviu!')]\"}\n  (Session info: MicrosoftEdge=121.0.2277.112)\nFor documentation on this error, please visit: https://www.selenium.dev/documentation/webdriver/troubleshooting/errors#no-such-element-exception\nBuild info: version: '4.11.0', revision: '040bc5406b'\nSystem info: os.name: 'Windows 10', os.arch: 'amd64', os.version: '10.0', java.version: '1.8.0_131-1-redhat'\nDriver info: org.openqa.selenium.edge.EdgeDriver\nCommand: [deb0247193eb1a0b4b974b35c67dc097, findElement {using=xpath, value=//p[contains(text(),'Hi, Maier, Silviu!')]}]\nCapabilities {acceptInsecureCerts: true, browserName: MicrosoftEdge, browserVersion: 121.0.2277.112, fedcm:accounts: true, ms:edgeOptions: {debuggerAddress: localhost:52116}, msedge: {msedgedriverVersion: 121.0.2277.128 (33d347b6876..., userDataDir: C:\\Users\\mmv3902\\AppData\\Lo...}, networkConnectionEnabled: false, pageLoadStrategy: normal, platformName: windows, proxy: Proxy(), se:cdp: ws://localhost:52116/devtoo..., se:cdpVersion: 121.0.2277.112, setWindowRect: true, strictFileInteractability: false, timeouts: {implicit: 0, pageLoad: 300000, script: 30000}, unhandledPromptBehavior: accept, webauthn:extension:credBlob: true, webauthn:extension:largeBlob: true, webauthn:extension:minPinLength: true, webauthn:extension:prf: true, webauthn:virtualAuthenticators: true}\nSession ID: deb0247193eb1a0b4b974b35c67dc097\r\n\tat sun.reflect.GeneratedConstructorAccessor17.newInstance(Unknown Source)\r\n\tat sun.reflect.DelegatingConstructorAccessorImpl.newInstance(DelegatingConstructorAccessorImpl.java:45)\r\n\tat java.lang.reflect.Constructor.newInstance(Constructor.java:423)\r\n\tat org.openqa.selenium.remote.codec.w3c.W3CHttpResponseCodec.createException(W3CHttpResponseCodec.java:200)\r\n\tat org.openqa.selenium.remote.codec.w3c.W3CHttpResponseCodec.decode(W3CHttpResponseCodec.java:133)\r\n\tat org.openqa.selenium.remote.codec.w3c.W3CHttpResponseCodec.decode(W3CHttpResponseCodec.java:52)\r\n\tat org.openqa.selenium.remote.HttpCommandExecutor.execute(HttpCommandExecutor.java:191)\r\n\tat org.openqa.selenium.remote.service.DriverCommandExecutor.invokeExecute(DriverCommandExecutor.java:196)\r\n\tat org.openqa.selenium.remote.service.DriverCommandExecutor.execute(DriverCommandExecutor.java:171)\r\n\tat org.openqa.selenium.remote.RemoteWebDriver.execute(RemoteWebDriver.java:518)\r\n\tat org.openqa.selenium.remote.ElementLocation$ElementFinder$2.findElement(ElementLocation.java:165)\r\n\tat org.openqa.selenium.remote.ElementLocation.findElement(ElementLocation.java:59)\r\n\tat org.openqa.selenium.remote.RemoteWebDriver.findElement(RemoteWebDriver.java:355)\r\n\tat org.openqa.selenium.remote.RemoteWebDriver.findElement(RemoteWebDriver.java:349)\r\n\tat com.codeborne.selenide.impl.WebElementSelector.findElement(WebElementSelector.java:70)\r\n\tat com.codeborne.selenide.impl.WebElementSelector.findElement(WebElementSelector.java:44)\r\n\tat com.codeborne.selenide.impl.WebElementSelector.findElement(WebElementSelector.java:33)\r\n\tat com.codeborne.selenide.impl.ElementFinder.getWebElement(ElementFinder.java:122)\r\n\tat com.codeborne.selenide.impl.WebElementSource.checkConditionAndReturnElement(WebElementSource.java:116)\r\n\t... 71 more\r\n"},"stage":"finished","steps":[],"attachments":[{"name":"Screenshot","source":"8070c102-bbb0-4e4e-98a1-867d564dca58-attachment.png","type":"image/png"},{"name":"Page source","source":"c18805d3-ef71-481b-b381-475b05ace51b-attachment.html","type":"text/html"}],"parameters":[],"start":1708324567843,"stop":1708324578268}],"attachments":[],"parameters":[],"start":1708324567757,"stop":1708324578284},{"name":"And  navigate to Workbasket and verify header","status":"skipped","stage":"finished","steps":[],"attachments":[],"parameters":[],"start":1708324578284,"stop":1708324578300},{"name":"And  navigate to Pending and verify header","status":"skipped","stage":"finished","steps":[],"attachments":[],"parameters":[],"start":1708324578300,"stop":1708324578300},{"name":"And  navigate to Issued & Reported Cases and verify header","status":"skipped","stage":"finished","steps":[],"attachments":[],"parameters":[],"start":1708324578300,"stop":1708324578300},{"name":"And  navigate to Inactive and verify header","status":"skipped","stage":"finished","steps":[],"attachments":[],"parameters":[],"start":1708324578300,"stop":1708324578300},{"name":"And  open every menu item in new tab and validate header","status":"skipped","stage":"finished","steps":[],"attachments":[],"parameters":[],"start":1708324578300,"stop":1708324578300},{"name":"Then  perform search and export to complete header validation using smith for inactive","status":"skipped","stage":"finished","steps":[],"attachments":[],"parameters":[],"start":1708324578300,"stop":1708324578300}],"attachments":[],"parameters":[],"start":1708324525440,"stop":1708324578584,"uuid":"eae297dc-81c1-48f2-8872-9dac08fb265a","historyId":"4e64b9235a1dbc3cb5ca0dd85911b44c","fullName":"UI Validation for workbench: Header Validation","labels":[{"name":"feature","value":"UI Validation for workbench"},{"name":"story","value":"Header Validation"},{"name":"tag","value":"INSWB-137"},{"name":"tag","value":"UiValidation"},{"name":"host","value":"MMV3902P1"},{"name":"thread","value":"19876@MMV3902P1.main(1)"},{"name":"package","value":"UI Validation for workbench"},{"name":"suite","value":"UI Validation for workbench"},{"name":"testClass","value":"Header Validation"},{"name":"framework","value":"cucumberjvm"},{"name":"language","value":"java"}],"links":[]}